#
# A fatal error has been detected by the Java Runtime Environment:
#
#  SIGSEGV (0xb) at pc=0x00007fff6f15c675, pid=29339, tid=0x0000000000000307
#
# JRE version: Java(TM) SE Runtime Environment (8.0_251-b08) (build 1.8.0_251-b08)
# Java VM: Java HotSpot(TM) 64-Bit Server VM (25.251-b08 mixed mode bsd-amd64 compressed oops)
# Problematic frame:
# C  [libobjc.A.dylib+0x8675]  objc_release+0x15
#
# Failed to write core dump. Core dumps have been disabled. To enable core dumping, try "ulimit -c unlimited" before starting Java again
#
# If you would like to submit a bug report, please visit:
#   http://bugreport.java.com/bugreport/crash.jsp
# The crash happened outside the Java Virtual Machine in native code.
# See problematic frame for where to report the bug.
#

---------------  T H R E A D  ---------------

Current thread (0x00007f9843107000):  JavaThread "AWT-AppKit" daemon [_thread_in_native, id=775, stack(0x00007ffee606a000,0x00007ffee686a000)]

siginfo: si_signo: 11 (SIGSEGV), si_code: 0 (unknown), si_addr: 0x0000000000000000

Registers:
RAX=0x00007ffffffffff8, RBX=0x0000000000000000, RCX=0x0000000000000003, RDX=0x0000000000000002
RSP=0x00007ffee6865278, RBP=0x00007ffee68652a0, RSI=0x00000001106a4300, RDI=0x800007f984627d34
R8 =0x0000000000000000, R9 =0x0002055000540411, R10=0x00000001931ad840, R11=0x00007fff41d7e014
R12=0x0000000000000000, R13=0x00000001973e00f8, R14=0x00007f98462d1190, R15=0x00007f9843107000
RIP=0x00007fff6f15c675, EFLAGS=0x0000000000010246, ERR=0x0000000000000000
  TRAPNO=0x000000000000000d

Top of Stack: (sp=0x00007ffee6865278)
0x00007ffee6865278:   00000001106295d2 0000000044610000
0x00007ffee6865288:   00000001931ad450 00000001931ad440
0x00007ffee6865298:   00007f9843107000 00007ffee6865360
0x00007ffee68652a8:   00000001931ab215 00000001931ad700
0x00007ffee68652b8:   00000001931ad6e0 00000001931ad4b0
0x00007ffee68652c8:   0000000000000000 00000001973e00f8
0x00007ffee68652d8:   00000001973e00f8 00007f98462ccc80
0x00007ffee68652e8:   00000001931ad6a0 00000001931ad710
0x00007ffee68652f8:   00007fff8db17ff8 00007fff8f405fe8
0x00007ffee6865308:   00000001931ad450 00000001931ad690
0x00007ffee6865318:   00007f98462ccc80 00007f98462d1190
0x00007ffee6865328:   00007f9841c94df0 00007f98462ccc80
0x00007ffee6865338:   00007f98462d1190 00007ffee68653e8
0x00007ffee6865348:   00007f98431071f8 00000001973e00f8
0x00007ffee6865358:   00007ffee6865410 00007ffee68653d8
0x00007ffee6865368:   0000000111d5e667 00000001973e00f8
0x00007ffee6865378:   00007ffee6865410 00007ffee68653d8
0x00007ffee6865388:   0000000111d5e3c7 0000000111d5e382
0x00007ffee6865398:   00007ffee6865398 00000001973e00f8
0x00007ffee68653a8:   00007ffee6865410 00000001973e2d30
0x00007ffee68653b8:   0000000000000000 00000001973e00f8
0x00007ffee68653c8:   0000000000000000 00007ffee68653f8
0x00007ffee68653d8:   00007ffee6865458 0000000111d4e2bd
0x00007ffee68653e8:   00000007427c6838 0000000111d57d18
0x00007ffee68653f8:   00007f98462ccc80 00007ffee6865458
0x00007ffee6865408:   00007f98462d1190 0000000111d59782
0x00007ffee6865418:   00007ffee6865418 00000001973e02c2
0x00007ffee6865428:   00007ffee6865480 00000001973e2d30
0x00007ffee6865438:   0000000000000000 00000001973e02d0
0x00007ffee6865448:   00007ffee68653f8 00007ffee6865468
0x00007ffee6865458:   00007ffee68654c8 0000000111d4e2bd
0x00007ffee6865468:   00007f98462ccc80 00000007427809c0 

Instructions: (pc=0x00007fff6f15c675)
0x00007fff6f15c655:   90 90 90 90 90 e9 60 3e 00 00 90 48 85 ff 74 64
0x00007fff6f15c665:   40 f6 c7 01 75 5e 48 b8 f8 ff ff ff ff 7f 00 00
0x00007fff6f15c675:   48 23 07 f6 40 20 04 74 69 48 b9 00 00 00 00 00
0x00007fff6f15c685:   00 00 01 48 ba 00 00 00 00 00 00 40 00 48 8b 07 

Register to memory mapping:

RAX=0x00007ffffffffff8 is an unknown value
RBX=0x0000000000000000 is an unknown value
RCX=0x0000000000000003 is an unknown value
RDX=0x0000000000000002 is an unknown value
RSP=0x00007ffee6865278 is pointing into the stack for thread: 0x00007f9843107000
RBP=0x00007ffee68652a0 is pointing into the stack for thread: 0x00007f9843107000
RSI=0x00000001106a4300: OBJC_IVAR_$_PrinterView.fCurPeekGraphics+0x1b88 in /Library/Java/JavaVirtualMachines/jdk1.8.0_251.jdk/Contents/Home/jre/lib/libawt_lwawt.dylib at 0x0000000110624000
RDI=0x800007f984627d34 is an unknown value
R8 =0x0000000000000000 is an unknown value
R9 =0x0002055000540411 is an unknown value
R10=0x00000001931ad840: OBJC_CLASS_$_MyCALayer+0 in /private/var/folders/y9/3jr7bys57jzblxxtts1yf0b00000gn/T/jogamp_0000/file_cache/jln5355011309021123689/jln5032317255564445216/libnativewindow_macosx.jnilib at 0x00000001931a6000
R11=0x00007fff41d7e014: -[CALayer release]+0 in /System/Library/Frameworks/QuartzCore.framework/Versions/A/QuartzCore at 0x00007fff41d70000
R12=0x0000000000000000 is an unknown value
R13={method} {0x00000001973e00f8} 'UnsetJAWTRootSurfaceLayer0' '(JJ)V' in 'jogamp/nativewindow/jawt/macosx/MacOSXJAWTWindow'
R14=0x00007f98462d1190 is an unknown value
R15=0x00007f9843107000 is a thread


Stack: [0x00007ffee606a000,0x00007ffee686a000],  sp=0x00007ffee6865278,  free space=8172k
Native frames: (J=compiled Java code, j=interpreted, Vv=VM code, C=native code)
C  [libobjc.A.dylib+0x8675]  objc_release+0x15
C  [libnativewindow_macosx.jnilib+0x5215]  Java_jogamp_nativewindow_jawt_macosx_MacOSXJAWTWindow_UnsetJAWTRootSurfaceLayer0+0x1a5
j  jogamp.nativewindow.jawt.macosx.MacOSXJAWTWindow.UnsetJAWTRootSurfaceLayer0(JJ)V+0
j  jogamp.nativewindow.jawt.macosx.MacOSXJAWTWindow.access$200(JJ)V+2
j  jogamp.nativewindow.jawt.macosx.MacOSXJAWTWindow$1.run()V+38
J 3376 C1 com.jogamp.common.util.RunnableTask.run()V (345 bytes) @ 0x0000000112800fb4 [0x0000000112800e20+0x194]
v  ~StubRoutines::call_stub
V  [libjvm.dylib+0x2f09b2]  JavaCalls::call_helper(JavaValue*, methodHandle*, JavaCallArguments*, Thread*)+0x6ae
V  [libjvm.dylib+0x327c14]  jni_invoke_nonstatic(JNIEnv_*, JavaValue*, _jobject*, JNICallType, _jmethodID*, JNI_ArgumentPusher*, Thread*)+0x2ec
V  [libjvm.dylib+0x31a3f7]  jni_CallVoidMethod+0x16b
C  [libnativewindow_macosx.jnilib+0x5326]  Java_jogamp_nativewindow_jawt_macosx_MacOSXJAWTWindow_UnsetJAWTRootSurfaceLayer0+0x2b6
C  [Foundation+0x9b0dd]  __NSThreadPerformPerform+0xcc
C  [CoreFoundation+0x83d52]  __CFRUNLOOP_IS_CALLING_OUT_TO_A_SOURCE0_PERFORM_FUNCTION__+0x11
C  [CoreFoundation+0x83cf1]  __CFRunLoopDoSource0+0x67
C  [CoreFoundation+0x83b67]  __CFRunLoopDoSources0+0x12d
C  [CoreFoundation+0x8283a]  __CFRunLoopRun+0x39f
C  [CoreFoundation+0x81e3e]  CFRunLoopRunSpecific+0x1ce
C  [HIToolbox+0x2fabd]  RunCurrentEventLoopInMode+0x124
C  [HIToolbox+0x2f6f4]  ReceiveNextEventCommon+0x167
C  [HIToolbox+0x2f579]  _BlockUntilNextEventMatchingListInModeWithFilter+0x40
C  [AppKit+0x41039]  _DPSNextEvent+0x373
C  [AppKit+0x3f880]  -[NSApplication(NSEvent) _nextEventMatchingEventMask:untilDate:inMode:dequeue:]+0x548
C  [libosxapp.dylib+0x2328]  -[NSApplicationAWT nextEventMatchingMask:untilDate:inMode:dequeue:]+0x7c
C  [AppKit+0x3158e]  -[NSApplication run]+0x292
C  [libosxapp.dylib+0x1f72]  +[NSApplicationAWT runAWTLoopWithApp:]+0x9c
C  [libawt_lwawt.dylib+0x4803b]  -[AWTStarter starter:]+0x389
C  [Foundation+0x9b0dd]  __NSThreadPerformPerform+0xcc
C  [CoreFoundation+0x83d52]  __CFRUNLOOP_IS_CALLING_OUT_TO_A_SOURCE0_PERFORM_FUNCTION__+0x11
C  [CoreFoundation+0x83cf1]  __CFRunLoopDoSource0+0x67
C  [CoreFoundation+0x83b0b]  __CFRunLoopDoSources0+0xd1
C  [CoreFoundation+0x8283a]  __CFRunLoopRun+0x39f
C  [CoreFoundation+0x81e3e]  CFRunLoopRunSpecific+0x1ce
C  [java+0x646e]  CreateExecutionEnvironment+0x367
C  [java+0x203c]  JLI_Launch+0x7a0
C  [java+0x84cb]  main+0x65
C  [java+0x1894]  start+0x34
C  0x0000000000000007

Java frames: (J=compiled Java code, j=interpreted, Vv=VM code)
j  jogamp.nativewindow.jawt.macosx.MacOSXJAWTWindow.UnsetJAWTRootSurfaceLayer0(JJ)V+0
j  jogamp.nativewindow.jawt.macosx.MacOSXJAWTWindow.access$200(JJ)V+2
j  jogamp.nativewindow.jawt.macosx.MacOSXJAWTWindow$1.run()V+38
J 3376 C1 com.jogamp.common.util.RunnableTask.run()V (345 bytes) @ 0x0000000112800fb4 [0x0000000112800e20+0x194]
v  ~StubRoutines::call_stub

---------------  P R O C E S S  ---------------

Java Threads: ( => current thread )
  0x00007f984b0d5800 JavaThread "Thread-20" [_thread_blocked, id=58379, stack(0x0000700006f21000,0x0000700007021000)]
  0x00007f9843109000 JavaThread "AWT-EventQueue-1" [_thread_blocked, id=57351, stack(0x0000700006e1e000,0x0000700006f1e000)]
  0x00007f984333f000 JavaThread "DestroyJavaVM" [_thread_blocked, id=3587, stack(0x00007000055ca000,0x00007000056ca000)]
  0x00007f9842996000 JavaThread "AWT-EventQueue-0" [_thread_blocked, id=51975, stack(0x0000700006b12000,0x0000700006c12000)]
  0x00007f9842201000 JavaThread "Java2D Disposer" daemon [_thread_blocked, id=77575, stack(0x0000700006889000,0x0000700006989000)]
  0x00007f984296d800 JavaThread "Java2D Queue Flusher" daemon [_thread_blocked, id=79887, stack(0x0000700006786000,0x0000700006886000)]
  0x00007f9843102800 JavaThread "AWT-Shutdown" [_thread_blocked, id=39707, stack(0x00007000064fa000,0x00007000065fa000)]
=>0x00007f9843107000 JavaThread "AWT-AppKit" daemon [_thread_in_native, id=775, stack(0x00007ffee606a000,0x00007ffee686a000)]
  0x00007f9842828800 JavaThread "Service Thread" daemon [_thread_blocked, id=18947, stack(0x00007000062f4000,0x00007000063f4000)]
  0x00007f9842026800 JavaThread "C1 CompilerThread2" daemon [_thread_blocked, id=19203, stack(0x00007000061f1000,0x00007000062f1000)]
  0x00007f9842026000 JavaThread "C2 CompilerThread1" daemon [_thread_blocked, id=14851, stack(0x00007000060ee000,0x00007000061ee000)]
  0x00007f9842024800 JavaThread "C2 CompilerThread0" daemon [_thread_blocked, id=14595, stack(0x0000700005feb000,0x00007000060eb000)]
  0x00007f984303c800 JavaThread "Signal Dispatcher" daemon [_thread_blocked, id=14083, stack(0x0000700005ee8000,0x0000700005fe8000)]
  0x00007f984280b000 JavaThread "Finalizer" daemon [_thread_blocked, id=11523, stack(0x0000700005cdf000,0x0000700005ddf000)]
  0x00007f9843029800 JavaThread "Reference Handler" daemon [_thread_blocked, id=21251, stack(0x0000700005bdc000,0x0000700005cdc000)]

Other Threads:
  0x00007f984381f800 VMThread [stack: 0x0000700005ad9000,0x0000700005bd9000] [id=11267]
  0x00007f9843835000 WatcherThread [stack: 0x00007000063f7000,0x00007000064f7000] [id=15875]

VM state:not at safepoint (normal execution)

VM Mutex/Monitor currently owned by a thread: None

heap address: 0x0000000740000000, size: 2048 MB, Compressed Oops mode: Zero based, Oop shift amount: 3
Narrow klass base: 0x0000000000000000, Narrow klass shift: 3
Compressed class space size: 1073741824 Address: 0x00000007c0000000

Heap:
 PSYoungGen      total 287232K, used 40013K [0x0000000795580000, 0x00000007a9e00000, 0x00000007c0000000)
  eden space 254464K, 9% used [0x0000000795580000,0x0000000796e55080,0x00000007a4e00000)
  from space 32768K, 44% used [0x00000007a7e00000,0x00000007a8c3e680,0x00000007a9e00000)
  to   space 40960K, 0% used [0x00000007a4e00000,0x00000007a4e00000,0x00000007a7600000)
 ParOldGen       total 130560K, used 59034K [0x0000000740000000, 0x0000000747f80000, 0x0000000795580000)
  object space 130560K, 45% used [0x0000000740000000,0x00000007439a6bd0,0x0000000747f80000)
 Metaspace       used 28008K, capacity 28351K, committed 28544K, reserved 1075200K
  class space    used 2242K, capacity 2345K, committed 2432K, reserved 1048576K

Card table byte_map: [0x000000010aff4000,0x000000010b3f5000] byte_map_base: 0x00000001075f4000

Marking Bits: (ParMarkBitMap*) 0x000000010a500f60
 Begin Bits: [0x000000010b6a0000, 0x000000010d6a0000)
 End Bits:   [0x000000010d6a0000, 0x000000010f6a0000)

Polling page: 0x00000001093d1000

CodeCache: size=245760Kb used=11671Kb max_used=11674Kb free=234088Kb
 bounds [0x0000000111d46000, 0x00000001128c6000, 0x0000000120d46000]
 total_blobs=3973 nmethods=3048 adapters=838
 compilation: enabled

Compilation events (10 events):
Event: 28.766 Thread 0x00007f9842026800 nmethod 3583 0x00000001128b7710 code [0x00000001128b7880, 0x00000001128b7b50]
Event: 28.775 Thread 0x00007f9842026000 nmethod 3584 0x00000001128bb250 code [0x00000001128bb3e0, 0x00000001128bbd38]
Event: 28.781 Thread 0x00007f9842026800 3585   !   3       java.awt.event.InvocationEvent::finishedDispatching (53 bytes)
Event: 28.781 Thread 0x00007f9842026800 nmethod 3585 0x00000001128baa10 code [0x00000001128baba0, 0x00000001128bb0b8]
Event: 28.783 Thread 0x00007f9842026800 3587       1       java.util.concurrent.locks.AbstractQueuedSynchronizer::compareAndSetState (13 bytes)
Event: 28.784 Thread 0x00007f9842026800 nmethod 3587 0x00000001128ba3d0 code [0x00000001128ba520, 0x00000001128ba650]
Event: 28.784 Thread 0x00007f9842026800 3588       3       sun.lwawt.LWComponentPeer::getLocationOnScreen (41 bytes)
Event: 28.784 Thread 0x00007f9842026800 nmethod 3588 0x00000001128b92d0 code [0x00000001128b94c0, 0x00000001128b9e48]
Event: 28.785 Thread 0x00007f9842026800 3589       3       java.lang.invoke.LambdaForm::uncustomize (58 bytes)
Event: 28.785 Thread 0x00007f9842026800 nmethod 3589 0x00000001128b8e10 code [0x00000001128b8f80, 0x00000001128b9230]

GC Heap History (10 events):
Event: 12.889 GC heap before
{Heap before GC invocations=9 (full 1):
 PSYoungGen      total 158720K, used 142004K [0x0000000795580000, 0x00000007a5480000, 0x00000007c0000000)
  eden space 114688K, 100% used [0x0000000795580000,0x000000079c580000,0x000000079c580000)
  from space 44032K, 62% used [0x000000079c580000,0x000000079e02d1d8,0x000000079f080000)
  to   space 43520K, 0% used [0x00000007a2a00000,0x00000007a2a00000,0x00000007a5480000)
 ParOldGen       total 130560K, used 43446K [0x0000000740000000, 0x0000000747f80000, 0x0000000795580000)
  object space 130560K, 33% used [0x0000000740000000,0x0000000742a6d830,0x0000000747f80000)
 Metaspace       used 27608K, capacity 27961K, committed 28288K, reserved 1075200K
  class space    used 2228K, capacity 2342K, committed 2432K, reserved 1048576K
Event: 12.905 GC heap after
Heap after GC invocations=9 (full 1):
 PSYoungGen      total 216576K, used 30208K [0x0000000795580000, 0x00000007a5880000, 0x00000007c0000000)
  eden space 173056K, 0% used [0x0000000795580000,0x0000000795580000,0x000000079fe80000)
  from space 43520K, 69% used [0x00000007a2a00000,0x00000007a47802f8,0x00000007a5480000)
  to   space 44544K, 0% used [0x000000079fe80000,0x000000079fe80000,0x00000007a2a00000)
 ParOldGen       total 130560K, used 43446K [0x0000000740000000, 0x0000000747f80000, 0x0000000795580000)
  object space 130560K, 33% used [0x0000000740000000,0x0000000742a6d830,0x0000000747f80000)
 Metaspace       used 27608K, capacity 27961K, committed 28288K, reserved 1075200K
  class space    used 2228K, capacity 2342K, committed 2432K, reserved 1048576K
}
Event: 16.106 GC heap before
{Heap before GC invocations=10 (full 1):
 PSYoungGen      total 216576K, used 203264K [0x0000000795580000, 0x00000007a5880000, 0x00000007c0000000)
  eden space 173056K, 100% used [0x0000000795580000,0x000000079fe80000,0x000000079fe80000)
  from space 43520K, 69% used [0x00000007a2a00000,0x00000007a47802f8,0x00000007a5480000)
  to   space 44544K, 0% used [0x000000079fe80000,0x000000079fe80000,0x00000007a2a00000)
 ParOldGen       total 130560K, used 43446K [0x0000000740000000, 0x0000000747f80000, 0x0000000795580000)
  object space 130560K, 33% used [0x0000000740000000,0x0000000742a6d830,0x0000000747f80000)
 Metaspace       used 27720K, capacity 28025K, committed 28288K, reserved 1075200K
  class space    used 2228K, capacity 2342K, committed 2432K, reserved 1048576K
Event: 16.118 GC heap after
Heap after GC invocations=10 (full 1):
 PSYoungGen      total 217600K, used 14521K [0x0000000795580000, 0x00000007a8500000, 0x00000007c0000000)
  eden space 173056K, 0% used [0x0000000795580000,0x0000000795580000,0x000000079fe80000)
  from space 44544K, 32% used [0x000000079fe80000,0x00000007a0cae7e0,0x00000007a2a00000)
  to   space 44032K, 0% used [0x00000007a5a00000,0x00000007a5a00000,0x00000007a8500000)
 ParOldGen       total 130560K, used 59010K [0x0000000740000000, 0x0000000747f80000, 0x0000000795580000)
  object space 130560K, 45% used [0x0000000740000000,0x00000007439a0bd0,0x0000000747f80000)
 Metaspace       used 27720K, capacity 28025K, committed 28288K, reserved 1075200K
  class space    used 2228K, capacity 2342K, committed 2432K, reserved 1048576K
}
Event: 19.649 GC heap before
{Heap before GC invocations=11 (full 1):
 PSYoungGen      total 217600K, used 187577K [0x0000000795580000, 0x00000007a8500000, 0x00000007c0000000)
  eden space 173056K, 100% used [0x0000000795580000,0x000000079fe80000,0x000000079fe80000)
  from space 44544K, 32% used [0x000000079fe80000,0x00000007a0cae7e0,0x00000007a2a00000)
  to   space 44032K, 0% used [0x00000007a5a00000,0x00000007a5a00000,0x00000007a8500000)
 ParOldGen       total 130560K, used 59010K [0x0000000740000000, 0x0000000747f80000, 0x0000000795580000)
  object space 130560K, 45% used [0x0000000740000000,0x00000007439a0bd0,0x0000000747f80000)
 Metaspace       used 27764K, capacity 28089K, committed 28288K, reserved 1075200K
  class space    used 2228K, capacity 2342K, committed 2432K, reserved 1048576K
Event: 19.656 GC heap after
Heap after GC invocations=11 (full 1):
 PSYoungGen      total 251392K, used 14571K [0x0000000795580000, 0x00000007a7c80000, 0x00000007c0000000)
  eden space 216064K, 0% used [0x0000000795580000,0x0000000795580000,0x00000007a2880000)
  from space 35328K, 41% used [0x00000007a5a00000,0x00000007a683ac38,0x00000007a7c80000)
  to   space 43008K, 0% used [0x00000007a2880000,0x00000007a2880000,0x00000007a5280000)
 ParOldGen       total 130560K, used 59018K [0x0000000740000000, 0x0000000747f80000, 0x0000000795580000)
  object space 130560K, 45% used [0x0000000740000000,0x00000007439a2bd0,0x0000000747f80000)
 Metaspace       used 27764K, capacity 28089K, committed 28288K, reserved 1075200K
  class space    used 2228K, capacity 2342K, committed 2432K, reserved 1048576K
}
Event: 24.061 GC heap before
{Heap before GC invocations=12 (full 1):
 PSYoungGen      total 251392K, used 230635K [0x0000000795580000, 0x00000007a7c80000, 0x00000007c0000000)
  eden space 216064K, 100% used [0x0000000795580000,0x00000007a2880000,0x00000007a2880000)
  from space 35328K, 41% used [0x00000007a5a00000,0x00000007a683ac38,0x00000007a7c80000)
  to   space 43008K, 0% used [0x00000007a2880000,0x00000007a2880000,0x00000007a5280000)
 ParOldGen       total 130560K, used 59018K [0x0000000740000000, 0x0000000747f80000, 0x0000000795580000)
  object space 130560K, 45% used [0x0000000740000000,0x00000007439a2bd0,0x0000000747f80000)
 Metaspace       used 27813K, capacity 28153K, committed 28544K, reserved 1075200K
  class space    used 2228K, capacity 2342K, committed 2432K, reserved 1048576K
Event: 24.065 GC heap after
Heap after GC invocations=12 (full 1):
 PSYoungGen      total 259072K, used 14539K [0x0000000795580000, 0x00000007aa700000, 0x00000007c0000000)
  eden space 216064K, 0% used [0x0000000795580000,0x0000000795580000,0x00000007a2880000)
  from space 43008K, 33% used [0x00000007a2880000,0x00000007a36b2c38,0x00000007a5280000)
  to   space 41984K, 0% used [0x00000007a7e00000,0x00000007a7e00000,0x00000007aa700000)
 ParOldGen       total 130560K, used 59026K [0x0000000740000000, 0x0000000747f80000, 0x0000000795580000)
  object space 130560K, 45% used [0x0000000740000000,0x00000007439a4bd0,0x0000000747f80000)
 Metaspace       used 27813K, capacity 28153K, committed 28544K, reserved 1075200K
  class space    used 2228K, capacity 2342K, committed 2432K, reserved 1048576K
}
Event: 28.479 GC heap before
{Heap before GC invocations=13 (full 1):
 PSYoungGen      total 259072K, used 230603K [0x0000000795580000, 0x00000007aa700000, 0x00000007c0000000)
  eden space 216064K, 100% used [0x0000000795580000,0x00000007a2880000,0x00000007a2880000)
  from space 43008K, 33% used [0x00000007a2880000,0x00000007a36b2c38,0x00000007a5280000)
  to   space 41984K, 0% used [0x00000007a7e00000,0x00000007a7e00000,0x00000007aa700000)
 ParOldGen       total 130560K, used 59026K [0x0000000740000000, 0x0000000747f80000, 0x0000000795580000)
  object space 130560K, 45% used [0x0000000740000000,0x00000007439a4bd0,0x0000000747f80000)
 Metaspace       used 27932K, capacity 28283K, committed 28544K, reserved 1075200K
  class space    used 2228K, capacity 2343K, committed 2432K, reserved 1048576K
Event: 28.486 GC heap after
Heap after GC invocations=13 (full 1):
 PSYoungGen      total 287232K, used 14585K [0x0000000795580000, 0x00000007a9e00000, 0x00000007c0000000)
  eden space 254464K, 0% used [0x0000000795580000,0x0000000795580000,0x00000007a4e00000)
  from space 32768K, 44% used [0x00000007a7e00000,0x00000007a8c3e680,0x00000007a9e00000)
  to   space 40960K, 0% used [0x00000007a4e00000,0x00000007a4e00000,0x00000007a7600000)
 ParOldGen       total 130560K, used 59034K [0x0000000740000000, 0x0000000747f80000, 0x0000000795580000)
  object space 130560K, 45% used [0x0000000740000000,0x00000007439a6bd0,0x0000000747f80000)
 Metaspace       used 27932K, capacity 28283K, committed 28544K, reserved 1075200K
  class space    used 2228K, capacity 2343K, committed 2432K, reserved 1048576K
}

Deoptimization events (10 events):
Event: 12.538 Thread 0x00007f9843109000 Uncommon trap: reason=unstable_if action=reinterpret pc=0x0000000112796af0 method=module6.EarthquakeCityMap.selectMarkerIfHover(Ljava/util/List;)V @ 53
Event: 28.666 Thread 0x00007f9843109000 Uncommon trap: reason=unstable_if action=reinterpret pc=0x000000011214d128 method=com.jogamp.common.util.VersionNumber.compareTo(Lcom/jogamp/common/util/VersionNumber;)I @ 21
Event: 28.667 Thread 0x00007f9842986000 Uncommon trap: reason=unstable_if action=reinterpret pc=0x00000001128a0fe8 method=java.security.AccessControlContext.combine([Ljava/security/ProtectionDomain;[Ljava/security/ProtectionDomain;)[Ljava/security/ProtectionDomain; @ 151
Event: 28.671 Thread 0x00007f9842996000 Uncommon trap: reason=unstable_if action=reinterpret pc=0x00000001122670d4 method=java.awt.Font.equals(Ljava/lang/Object;)Z @ 2
Event: 28.765 Thread 0x00007f9842986000 Uncommon trap: reason=class_check action=maybe_recompile pc=0x00000001123ac544 method=java.util.HashMap.putVal(ILjava/lang/Object;Ljava/lang/Object;ZZ)Ljava/lang/Object; @ 91
Event: 28.765 Thread 0x00007f9842986000 Uncommon trap: reason=class_check action=maybe_recompile pc=0x00000001123ac544 method=java.util.HashMap.putVal(ILjava/lang/Object;Ljava/lang/Object;ZZ)Ljava/lang/Object; @ 91
Event: 28.765 Thread 0x00007f9842986000 Uncommon trap: reason=class_check action=maybe_recompile pc=0x00000001123ac544 method=java.util.HashMap.putVal(ILjava/lang/Object;Ljava/lang/Object;ZZ)Ljava/lang/Object; @ 91
Event: 28.765 Thread 0x00007f9842986000 Uncommon trap: reason=class_check action=maybe_recompile pc=0x00000001123ac544 method=java.util.HashMap.putVal(ILjava/lang/Object;Ljava/lang/Object;ZZ)Ljava/lang/Object; @ 91
Event: 28.780 Thread 0x00007f9843109000 Uncommon trap: reason=unstable_if action=reinterpret pc=0x000000011279f1e4 method=java.security.AccessControlContext.combine([Ljava/security/ProtectionDomain;[Ljava/security/ProtectionDomain;)[Ljava/security/ProtectionDomain; @ 151
Event: 28.781 Thread 0x00007f984b0d5800 Uncommon trap: reason=predicate action=maybe_recompile pc=0x00000001121d4c70 method=java.util.Vector.indexOf(Ljava/lang/Object;I)I @ 44

Classes redefined (0 events):
No events

Internal exceptions (10 events):
Event: 0.791 Thread 0x00007f9842809000 Exception <a 'java/io/FileNotFoundException'> (0x0000000795812648) thrown at [/jenkins/workspace/8-2-build-macosx-x86_64/jdk8u251/737/hotspot/src/share/vm/prims/jni.cpp, line 710]
Event: 0.791 Thread 0x00007f9842809000 Exception <a 'java/io/FileNotFoundException'> (0x00000007958131b8) thrown at [/jenkins/workspace/8-2-build-macosx-x86_64/jdk8u251/737/hotspot/src/share/vm/prims/jni.cpp, line 710]
Event: 0.958 Thread 0x00007f9842809000 Exception <a 'java/io/FileNotFoundException'> (0x000000079593c428) thrown at [/jenkins/workspace/8-2-build-macosx-x86_64/jdk8u251/737/hotspot/src/share/vm/prims/jni.cpp, line 710]
Event: 2.621 Thread 0x00007f9842a4d800 Exception <a 'java/lang/UnsatisfiedLinkError': com.jogamp.common.util.JarUtil.fixNativeLibAttribs(Ljava/lang/String;)Z> (0x0000000796c90a78) thrown at [/jenkins/workspace/8-2-build-macosx-x86_64/jdk8u251/737/hotspot/src/share/vm/prims/nativeLookup.cpp, li
Event: 4.793 Thread 0x00007f984280b000 Exception <a 'java/lang/NullPointerException'> (0x00000007956a5938) thrown at [/jenkins/workspace/8-2-build-macosx-x86_64/jdk8u251/737/hotspot/src/share/vm/interpreter/linkResolver.cpp, line 1185]
Event: 5.446 Thread 0x00007f9843109000 Exception <a 'java/io/FileNotFoundException'> (0x0000000795f41260) thrown at [/jenkins/workspace/8-2-build-macosx-x86_64/jdk8u251/737/hotspot/src/share/vm/prims/jni.cpp, line 710]
Event: 5.447 Thread 0x00007f9843109000 Exception <a 'java/io/FileNotFoundException'> (0x0000000795f474b0) thrown at [/jenkins/workspace/8-2-build-macosx-x86_64/jdk8u251/737/hotspot/src/share/vm/prims/jni.cpp, line 710]
Event: 5.447 Thread 0x00007f9843109000 Implicit null exception at 0x0000000111f21f36 to 0x0000000111f222fd
Event: 7.581 Thread 0x00007f9843109000 Implicit null exception at 0x0000000112112fc6 to 0x000000011211320d
Event: 7.600 Thread 0x00007f98438da000 Implicit null exception at 0x0000000111f22cf5 to 0x0000000111f230b9

Events (10 events):
Event: 28.781 Thread 0x00007f984b0d5800 DEOPT UNPACKING pc=0x0000000111d8b73a sp=0x0000700007020860 mode 2
Event: 28.781 loading class java/awt/Window$1DisposeAction
Event: 28.781 loading class java/awt/Window$1DisposeAction done
Event: 28.785 loading class java/util/IdentityHashMap$KeySet
Event: 28.786 loading class java/util/IdentityHashMap$KeySet done
Event: 28.786 loading class java/util/IdentityHashMap$KeyIterator
Event: 28.786 loading class java/util/IdentityHashMap$IdentityHashMapIterator
Event: 28.786 loading class java/util/IdentityHashMap$IdentityHashMapIterator done
Event: 28.786 loading class java/util/IdentityHashMap$KeyIterator done
Event: 28.786 Thread 0x00007f984b42b800 Thread added: 0x00007f984b42b800


Dynamic libraries:
0x00007fff3537f000 	/System/Library/Frameworks/Cocoa.framework/Versions/A/Cocoa
0x00007fff42b74000 	/System/Library/Frameworks/Security.framework/Versions/A/Security
0x00007fff342e4000 	/System/Library/Frameworks/ApplicationServices.framework/Versions/A/ApplicationServices
0x00007fff6f830000 	/usr/lib/libz.1.dylib
0x00007fff6d2f4000 	/usr/lib/libSystem.B.dylib
0x00007fff6f154000 	/usr/lib/libobjc.A.dylib
0x00007fff36221000 	/System/Library/Frameworks/CoreFoundation.framework/Versions/A/CoreFoundation
0x00007fff388de000 	/System/Library/Frameworks/Foundation.framework/Versions/C/Foundation
0x00007fff334d4000 	/System/Library/Frameworks/AppKit.framework/Versions/C/AppKit
0x00007fff35d03000 	/System/Library/Frameworks/CoreData.framework/Versions/A/CoreData
0x00007fff6730a000 	/System/Library/PrivateFrameworks/UIFoundation.framework/Versions/A/UIFoundation
0x00007fff6239e000 	/System/Library/PrivateFrameworks/RemoteViewServices.framework/Versions/A/RemoteViewServices
0x00007fff69e64000 	/System/Library/PrivateFrameworks/XCTTargetBootstrap.framework/Versions/A/XCTTargetBootstrap
0x00007fff360ee000 	/System/Library/Frameworks/CoreDisplay.framework/Versions/A/CoreDisplay
0x00007fff3b798000 	/System/Library/Frameworks/Metal.framework/Versions/A/Metal
0x00007fff5038b000 	/System/Library/PrivateFrameworks/DesktopServicesPriv.framework/Versions/A/DesktopServicesPriv
0x00007fff6e42f000 	/usr/lib/liblangid.dylib
0x00007fff4f620000 	/System/Library/PrivateFrameworks/CoreSVG.framework/Versions/A/CoreSVG
0x00007fff654fa000 	/System/Library/PrivateFrameworks/SkyLight.framework/Versions/A/SkyLight
0x00007fff366a2000 	/System/Library/Frameworks/CoreGraphics.framework/Versions/A/CoreGraphics
0x00007fff31ea8000 	/System/Library/Frameworks/Accelerate.framework/Versions/A/Accelerate
0x00007fff6f721000 	/usr/lib/libxml2.2.dylib
0x00007fff5b329000 	/System/Library/PrivateFrameworks/IconServices.framework/Versions/A/IconServices
0x00007fff390bd000 	/System/Library/Frameworks/IOSurface.framework/Versions/A/IOSurface
0x00007fff6ce1e000 	/usr/lib/libDiagnosticMessagesClient.dylib
0x00007fff501e5000 	/System/Library/PrivateFrameworks/DFRFoundation.framework/Versions/A/DFRFoundation
0x00007fff6e1be000 	/usr/lib/libicucore.A.dylib
0x00007fff34616000 	/System/Library/Frameworks/AudioToolbox.framework/Versions/A/AudioToolbox
0x00007fff346f9000 	/System/Library/Frameworks/AudioUnit.framework/Versions/A/AudioUnit
0x00007fff6d4f6000 	/usr/lib/libauto.dylib
0x00007fff50287000 	/System/Library/PrivateFrameworks/DataDetectorsCore.framework/Versions/A/DataDetectorsCore
0x00007fff34ea0000 	/System/Library/Frameworks/Carbon.framework/Versions/A/Frameworks/HIToolbox.framework/Versions/A/HIToolbox
0x00007fff41d70000 	/System/Library/Frameworks/QuartzCore.framework/Versions/A/QuartzCore
0x00007fff351df000 	/System/Library/Frameworks/Carbon.framework/Versions/A/Frameworks/SpeechRecognition.framework/Versions/A/SpeechRecognition
0x00007fff4fcf9000 	/System/Library/PrivateFrameworks/CoreUI.framework/Versions/A/CoreUI
0x00007fff3576e000 	/System/Library/Frameworks/CoreAudio.framework/Versions/A/CoreAudio
0x00007fff3859d000 	/System/Library/Frameworks/DiskArbitration.framework/Versions/A/DiskArbitration
0x00007fff5d379000 	/System/Library/PrivateFrameworks/MultitouchSupport.framework/Versions/A/MultitouchSupport
0x00007fff6e085000 	/usr/lib/libenergytrace.dylib
0x00007fff39017000 	/System/Library/Frameworks/IOKit.framework/Versions/A/IOKit
0x00007fff37609000 	/System/Library/Frameworks/CoreServices.framework/Versions/A/CoreServices
0x00007fff5f531000 	/System/Library/PrivateFrameworks/PerformanceAnalysis.framework/Versions/A/PerformanceAnalysis
0x00007fff40da3000 	/System/Library/Frameworks/OpenGL.framework/Versions/A/OpenGL
0x00007fff3538d000 	/System/Library/Frameworks/ColorSync.framework/Versions/A/ColorSync
0x00007fff36d25000 	/System/Library/Frameworks/CoreImage.framework/Versions/A/CoreImage
0x00007fff3807c000 	/System/Library/Frameworks/CoreText.framework/Versions/A/CoreText
0x00007fff3914d000 	/System/Library/Frameworks/ImageIO.framework/Versions/A/ImageIO
0x00007fff6d5da000 	/usr/lib/libc++.1.dylib
0x00007fff6d656000 	/usr/lib/libcompression.dylib
0x00007fff6d162000 	/usr/lib/libMobileGestalt.dylib
0x00007fff67074000 	/System/Library/PrivateFrameworks/TextureIO.framework/Versions/A/TextureIO
0x00007fff6d459000 	/usr/lib/libate.dylib
0x00007fff5b532000 	/System/Library/PrivateFrameworks/InternationalSupport.framework/Versions/A/InternationalSupport
0x00007fff700f1000 	/usr/lib/system/libcache.dylib
0x00007fff700f7000 	/usr/lib/system/libcommonCrypto.dylib
0x00007fff70103000 	/usr/lib/system/libcompiler_rt.dylib
0x00007fff7010b000 	/usr/lib/system/libcopyfile.dylib
0x00007fff70115000 	/usr/lib/system/libcorecrypto.dylib
0x00007fff702b4000 	/usr/lib/system/libdispatch.dylib
0x00007fff702f5000 	/usr/lib/system/libdyld.dylib
0x00007fff7032c000 	/usr/lib/system/libkeymgr.dylib
0x00007fff7033a000 	/usr/lib/system/liblaunch.dylib
0x00007fff7033b000 	/usr/lib/system/libmacho.dylib
0x00007fff70341000 	/usr/lib/system/libquarantine.dylib
0x00007fff70344000 	/usr/lib/system/libremovefile.dylib
0x00007fff70346000 	/usr/lib/system/libsystem_asl.dylib
0x00007fff7035e000 	/usr/lib/system/libsystem_blocks.dylib
0x00007fff7035f000 	/usr/lib/system/libsystem_c.dylib
0x00007fff703e7000 	/usr/lib/system/libsystem_configuration.dylib
0x00007fff703eb000 	/usr/lib/system/libsystem_coreservices.dylib
0x00007fff703ef000 	/usr/lib/system/libsystem_darwin.dylib
0x00007fff703f8000 	/usr/lib/system/libsystem_dnssd.dylib
0x00007fff70400000 	/usr/lib/system/libsystem_featureflags.dylib
0x00007fff70402000 	/usr/lib/system/libsystem_info.dylib
0x00007fff7047d000 	/usr/lib/system/libsystem_m.dylib
0x00007fff704c5000 	/usr/lib/system/libsystem_malloc.dylib
0x00007fff704ed000 	/usr/lib/system/libsystem_networkextension.dylib
0x00007fff704fb000 	/usr/lib/system/libsystem_notify.dylib
0x00007fff70519000 	/usr/lib/system/libsystem_sandbox.dylib
0x00007fff7051e000 	/usr/lib/system/libsystem_secinit.dylib
0x00007fff70450000 	/usr/lib/system/libsystem_kernel.dylib
0x00007fff70505000 	/usr/lib/system/libsystem_platform.dylib
0x00007fff7050e000 	/usr/lib/system/libsystem_pthread.dylib
0x00007fff70521000 	/usr/lib/system/libsystem_symptoms.dylib
0x00007fff70529000 	/usr/lib/system/libsystem_trace.dylib
0x00007fff70541000 	/usr/lib/system/libunwind.dylib
0x00007fff70547000 	/usr/lib/system/libxpc.dylib
0x00007fff6d62d000 	/usr/lib/libc++abi.dylib
0x00007fff6e431000 	/usr/lib/liblzma.5.dylib
0x00007fff6e0ac000 	/usr/lib/libfakelink.dylib
0x00007fff6d3e6000 	/usr/lib/libarchive.2.dylib
0x00007fff43c25000 	/System/Library/Frameworks/SystemConfiguration.framework/Versions/A/SystemConfiguration
0x00007fff6cd51000 	/usr/lib/libCRFSuite.dylib
0x00007fff34a90000 	/System/Library/Frameworks/CFNetwork.framework/Versions/A/CFNetwork
0x00007fff6d5bc000 	/usr/lib/libbsm.0.dylib
0x00007fff7032d000 	/usr/lib/system/libkxld.dylib
0x00007fff49b62000 	/System/Library/PrivateFrameworks/AppleFSCompression.framework/Versions/A/AppleFSCompression
0x00007fff6d947000 	/usr/lib/libcoretls.dylib
0x00007fff6d95e000 	/usr/lib/libcoretls_cfhelpers.dylib
0x00007fff6f19a000 	/usr/lib/libpam.2.dylib
0x00007fff6f2cf000 	/usr/lib/libsqlite3.dylib
0x00007fff6f70e000 	/usr/lib/libxar.1.dylib
0x00007fff6d5cd000 	/usr/lib/libbz2.1.0.dylib
0x00007fff6e0cd000 	/usr/lib/libiconv.2.dylib
0x00007fff6d643000 	/usr/lib/libcharset.1.dylib
0x00007fff6ec37000 	/usr/lib/libnetwork.dylib
0x00007fff6f1a1000 	/usr/lib/libpcap.A.dylib
0x00007fff6d39b000 	/usr/lib/libapple_nghttp2.dylib
0x00007fff379c0000 	/System/Library/Frameworks/CoreServices.framework/Versions/A/Frameworks/FSEvents.framework/Versions/A/FSEvents
0x00007fff37690000 	/System/Library/Frameworks/CoreServices.framework/Versions/A/Frameworks/CarbonCore.framework/Versions/A/CarbonCore
0x00007fff37c04000 	/System/Library/Frameworks/CoreServices.framework/Versions/A/Frameworks/Metadata.framework/Versions/A/Metadata
0x00007fff37c9d000 	/System/Library/Frameworks/CoreServices.framework/Versions/A/Frameworks/OSServices.framework/Versions/A/OSServices
0x00007fff37ccb000 	/System/Library/Frameworks/CoreServices.framework/Versions/A/Frameworks/SearchKit.framework/Versions/A/SearchKit
0x00007fff3760a000 	/System/Library/Frameworks/CoreServices.framework/Versions/A/Frameworks/AE.framework/Versions/A/AE
0x00007fff379c9000 	/System/Library/Frameworks/CoreServices.framework/Versions/A/Frameworks/LaunchServices.framework/Versions/A/LaunchServices
0x00007fff37972000 	/System/Library/Frameworks/CoreServices.framework/Versions/A/Frameworks/DictionaryServices.framework/Versions/A/DictionaryServices
0x00007fff37d33000 	/System/Library/Frameworks/CoreServices.framework/Versions/A/Frameworks/SharedFileList.framework/Versions/A/SharedFileList
0x00007fff3cbc2000 	/System/Library/Frameworks/NetFS.framework/Versions/A/NetFS
0x00007fff5d8a9000 	/System/Library/PrivateFrameworks/NetAuth.framework/Versions/A/NetAuth
0x00007fff6a231000 	/System/Library/PrivateFrameworks/login.framework/Versions/A/Frameworks/loginsupport.framework/Versions/A/loginsupport
0x00007fff66b3f000 	/System/Library/PrivateFrameworks/TCC.framework/Versions/A/TCC
0x00007fff4e793000 	/System/Library/PrivateFrameworks/CoreNLP.framework/Versions/A/CoreNLP
0x00007fff5cda6000 	/System/Library/PrivateFrameworks/MetadataUtilities.framework/Versions/A/MetadataUtilities
0x00007fff6e509000 	/usr/lib/libmecabra.dylib
0x00007fff6e461000 	/usr/lib/libmecab.dylib
0x00007fff6e0bd000 	/usr/lib/libgermantok.dylib
0x00007fff6d382000 	/usr/lib/libThaiTokenizer.dylib
0x00007fff6cd88000 	/usr/lib/libChineseTokenizer.dylib
0x00007fff31ec0000 	/System/Library/Frameworks/Accelerate.framework/Versions/A/Frameworks/vImage.framework/Versions/A/vImage
0x00007fff3332a000 	/System/Library/Frameworks/Accelerate.framework/Versions/A/Frameworks/vecLib.framework/Versions/A/vecLib
0x00007fff33267000 	/System/Library/Frameworks/Accelerate.framework/Versions/A/Frameworks/vecLib.framework/Versions/A/libvMisc.dylib
0x00007fff3308f000 	/System/Library/Frameworks/Accelerate.framework/Versions/A/Frameworks/vecLib.framework/Versions/A/libvDSP.dylib
0x00007fff32517000 	/System/Library/Frameworks/Accelerate.framework/Versions/A/Frameworks/vecLib.framework/Versions/A/libBLAS.dylib
0x00007fff32c53000 	/System/Library/Frameworks/Accelerate.framework/Versions/A/Frameworks/vecLib.framework/Versions/A/libLAPACK.dylib
0x00007fff32fef000 	/System/Library/Frameworks/Accelerate.framework/Versions/A/Frameworks/vecLib.framework/Versions/A/libLinearAlgebra.dylib
0x00007fff3307c000 	/System/Library/Frameworks/Accelerate.framework/Versions/A/Frameworks/vecLib.framework/Versions/A/libSparseBLAS.dylib
0x00007fff33005000 	/System/Library/Frameworks/Accelerate.framework/Versions/A/Frameworks/vecLib.framework/Versions/A/libQuadrature.dylib
0x00007fff3277f000 	/System/Library/Frameworks/Accelerate.framework/Versions/A/Frameworks/vecLib.framework/Versions/A/libBNNS.dylib
0x00007fff3300b000 	/System/Library/Frameworks/Accelerate.framework/Versions/A/Frameworks/vecLib.framework/Versions/A/libSparse.dylib
0x00007fff5b91a000 	/System/Library/PrivateFrameworks/LanguageModeling.framework/Versions/A/LanguageModeling
0x00007fff4e143000 	/System/Library/PrivateFrameworks/CoreEmoji.framework/Versions/A/CoreEmoji
0x00007fff5ba38000 	/System/Library/PrivateFrameworks/LinguisticData.framework/Versions/A/LinguisticData
0x00007fff5b9e9000 	/System/Library/PrivateFrameworks/Lexicon.framework/Versions/A/Lexicon
0x00007fff6d644000 	/usr/lib/libcmph.dylib
0x00007fff3f7b1000 	/System/Library/Frameworks/OpenDirectory.framework/Versions/A/Frameworks/CFOpenDirectory.framework/Versions/A/CFOpenDirectory
0x00007fff3f7ce000 	/System/Library/Frameworks/OpenDirectory.framework/Versions/A/OpenDirectory
0x00007fff47c0f000 	/System/Library/PrivateFrameworks/APFS.framework/Versions/A/APFS
0x00007fff42ebe000 	/System/Library/Frameworks/SecurityFoundation.framework/Versions/A/SecurityFoundation
0x00007fff6f70a000 	/usr/lib/libutil.dylib
0x00007fff4f678000 	/System/Library/PrivateFrameworks/CoreServicesStore.framework/Versions/A/CoreServicesStore
0x00007fff42f75000 	/System/Library/Frameworks/ServiceManagement.framework/Versions/A/ServiceManagement
0x00007fff4b332000 	/System/Library/PrivateFrameworks/BackgroundTaskManagement.framework/Versions/A/BackgroundTaskManagement
0x00007fff6f807000 	/usr/lib/libxslt.1.dylib
0x00007fff4a1d5000 	/System/Library/PrivateFrameworks/AppleSystemInfo.framework/Versions/A/AppleSystemInfo
0x00007fff39368000 	/System/Library/Frameworks/ImageIO.framework/Versions/A/Resources/libJPEG.dylib
0x00007fff39626000 	/System/Library/Frameworks/ImageIO.framework/Versions/A/Resources/libTIFF.dylib
0x00007fff39609000 	/System/Library/Frameworks/ImageIO.framework/Versions/A/Resources/libPng.dylib
0x00007fff392aa000 	/System/Library/Frameworks/ImageIO.framework/Versions/A/Resources/libGIF.dylib
0x00007fff392ae000 	/System/Library/Frameworks/ImageIO.framework/Versions/A/Resources/libJP2.dylib
0x00007fff39624000 	/System/Library/Frameworks/ImageIO.framework/Versions/A/Resources/libRadiance.dylib
0x00007fff6e086000 	/usr/lib/libexpat.1.dylib
0x00007fff49cbd000 	/System/Library/PrivateFrameworks/AppleJPEG.framework/Versions/A/AppleJPEG
0x00007fff5298e000 	/System/Library/PrivateFrameworks/FontServices.framework/libFontParser.dylib
0x00007fff69233000 	/System/Library/PrivateFrameworks/WatchdogClient.framework/Versions/A/WatchdogClient
0x00007fff5af75000 	/System/Library/PrivateFrameworks/IOAccelerator.framework/Versions/A/IOAccelerator
0x00007fff3bb33000 	/System/Library/Frameworks/MetalPerformanceShaders.framework/Versions/A/MetalPerformanceShaders
0x00007fff5770b000 	/System/Library/PrivateFrameworks/GPUWrangler.framework/Versions/A/GPUWrangler
0x00007fff5af8a000 	/System/Library/PrivateFrameworks/IOPresentment.framework/Versions/A/IOPresentment
0x00007fff501f8000 	/System/Library/PrivateFrameworks/DSExternalDisplay.framework/Versions/A/DSExternalDisplay
0x00007fff40142000 	/System/Library/Frameworks/OpenGL.framework/Versions/A/Libraries/libCoreFSCache.dylib
0x00007fff3b87f000 	/System/Library/Frameworks/MetalPerformanceShaders.framework/Frameworks/MPSCore.framework/Versions/A/MPSCore
0x00007fff3b8bd000 	/System/Library/Frameworks/MetalPerformanceShaders.framework/Frameworks/MPSImage.framework/Versions/A/MPSImage
0x00007fff3b984000 	/System/Library/Frameworks/MetalPerformanceShaders.framework/Frameworks/MPSNeuralNetwork.framework/Versions/A/MPSNeuralNetwork
0x00007fff3b948000 	/System/Library/Frameworks/MetalPerformanceShaders.framework/Frameworks/MPSMatrix.framework/Versions/A/MPSMatrix
0x00007fff3bae3000 	/System/Library/Frameworks/MetalPerformanceShaders.framework/Frameworks/MPSRayIntersector.framework/Versions/A/MPSRayIntersector
0x00007fff3b96e000 	/System/Library/Frameworks/MetalPerformanceShaders.framework/Frameworks/MPSNDArray.framework/Versions/A/MPSNDArray
0x00007fff5cdf3000 	/System/Library/PrivateFrameworks/MetalTools.framework/Versions/A/MetalTools
0x00007fff48de9000 	/System/Library/PrivateFrameworks/AggregateDictionary.framework/Versions/A/AggregateDictionary
0x00007fff4db8b000 	/System/Library/PrivateFrameworks/CoreAnalytics.framework/Versions/A/CoreAnalytics
0x00007fff4a0f4000 	/System/Library/PrivateFrameworks/AppleSauce.framework/Versions/A/AppleSauce
0x00007fff6d044000 	/usr/lib/libIOReport.dylib
0x00007fff38234000 	/System/Library/Frameworks/CoreVideo.framework/Versions/A/CoreVideo
0x00007fff58b84000 	/System/Library/PrivateFrameworks/GraphVisualizer.framework/Versions/A/GraphVisualizer
0x00007fff51ed4000 	/System/Library/PrivateFrameworks/FaceCore.framework/Versions/A/FaceCore
0x00007fff3f758000 	/System/Library/Frameworks/OpenCL.framework/Versions/A/OpenCL
0x00007fff6ce66000 	/usr/lib/libFosl_dynamic.dylib
0x00007fff5e2c9000 	/System/Library/PrivateFrameworks/OTSVG.framework/Versions/A/OTSVG
0x00007fff343e9000 	/System/Library/Frameworks/ApplicationServices.framework/Versions/A/Frameworks/ATS.framework/Versions/A/Resources/libFontRegistry.dylib
0x00007fff52b5f000 	/System/Library/PrivateFrameworks/FontServices.framework/libhvf.dylib
0x00007fff4014d000 	/System/Library/Frameworks/OpenGL.framework/Versions/A/Libraries/libGFXShared.dylib
0x00007fff4032b000 	/System/Library/Frameworks/OpenGL.framework/Versions/A/Libraries/libGLU.dylib
0x00007fff40156000 	/System/Library/Frameworks/OpenGL.framework/Versions/A/Libraries/libGL.dylib
0x00007fff40161000 	/System/Library/Frameworks/OpenGL.framework/Versions/A/Libraries/libGLImage.dylib
0x00007fff4013f000 	/System/Library/Frameworks/OpenGL.framework/Versions/A/Libraries/libCVMSPluginSupport.dylib
0x00007fff40148000 	/System/Library/Frameworks/OpenGL.framework/Versions/A/Libraries/libCoreVMClient.dylib
0x00007fff6ead8000 	/usr/lib/libncurses.5.4.dylib
0x00007fff342e5000 	/System/Library/Frameworks/ApplicationServices.framework/Versions/A/Frameworks/ATS.framework/Versions/A/ATS
0x00007fff344b2000 	/System/Library/Frameworks/ApplicationServices.framework/Versions/A/Frameworks/ColorSyncLegacy.framework/Versions/A/ColorSyncLegacy
0x00007fff34550000 	/System/Library/Frameworks/ApplicationServices.framework/Versions/A/Frameworks/HIServices.framework/Versions/A/HIServices
0x00007fff345a8000 	/System/Library/Frameworks/ApplicationServices.framework/Versions/A/Frameworks/LangAnalysis.framework/Versions/A/LangAnalysis
0x00007fff345b7000 	/System/Library/Frameworks/ApplicationServices.framework/Versions/A/Frameworks/PrintCore.framework/Versions/A/PrintCore
0x00007fff345fd000 	/System/Library/Frameworks/ApplicationServices.framework/Versions/A/Frameworks/QD.framework/Versions/A/QD
0x00007fff34608000 	/System/Library/Frameworks/ApplicationServices.framework/Versions/A/Frameworks/SpeechSynthesis.framework/Versions/A/SpeechSynthesis
0x00007fff34482000 	/System/Library/Frameworks/ApplicationServices.framework/Versions/A/Frameworks/ATSUI.framework/Versions/A/ATSUI
0x00007fff6df1c000 	/usr/lib/libcups.2.dylib
0x00007fff3abce000 	/System/Library/Frameworks/Kerberos.framework/Versions/A/Kerberos
0x00007fff38d10000 	/System/Library/Frameworks/GSS.framework/Versions/A/GSS
0x00007fff6f25b000 	/usr/lib/libresolv.9.dylib
0x00007fff58d31000 	/System/Library/PrivateFrameworks/Heimdal.framework/Versions/A/Heimdal
0x00007fff3abe1000 	/System/Library/Frameworks/Kerberos.framework/Versions/A/Libraries/libHeimdalProxy.dylib
0x00007fff6e0c3000 	/usr/lib/libheimdal-asn1.dylib
0x00007fff4d023000 	/System/Library/PrivateFrameworks/CommonAuth.framework/Versions/A/CommonAuth
0x00007fff4a272000 	/System/Library/PrivateFrameworks/AssertionServices.framework/Versions/A/AssertionServices
0x00007fff4ae15000 	/System/Library/PrivateFrameworks/AudioToolboxCore.framework/Versions/A/AudioToolboxCore
0x00007fff69ee1000 	/System/Library/PrivateFrameworks/caulk.framework/Versions/A/caulk
0x00007fff4b3de000 	/System/Library/PrivateFrameworks/BaseBoard.framework/Versions/A/BaseBoard
0x00007fff6252c000 	/System/Library/PrivateFrameworks/RunningBoardServices.framework/Versions/A/RunningBoardServices
0x00007fff5f53d000 	/System/Library/PrivateFrameworks/PersistentConnection.framework/Versions/A/PersistentConnection
0x00007fff61f25000 	/System/Library/PrivateFrameworks/ProtocolBuffer.framework/Versions/A/ProtocolBuffer
0x00007fff4d047000 	/System/Library/PrivateFrameworks/CommonUtilities.framework/Versions/A/CommonUtilities
0x00007fff4b56c000 	/System/Library/PrivateFrameworks/Bom.framework/Versions/A/Bom
0x00007fff6cd17000 	/usr/lib/libAudioToolboxUtility.dylib
0x00007fff4b33c000 	/System/Library/PrivateFrameworks/Backup.framework/Versions/A/Backup
0x00007fff50119000 	/System/Library/PrivateFrameworks/CrashReporterSupport.framework/Versions/A/CrashReporterSupport
0x00007fff63fbe000 	/System/Library/PrivateFrameworks/Sharing.framework/Versions/A/Sharing
0x00007fff49880000 	/System/Library/PrivateFrameworks/Apple80211.framework/Versions/A/Apple80211
0x00007fff4b059000 	/System/Library/PrivateFrameworks/AuthKit.framework/Versions/A/AuthKit
0x00007fff4fe26000 	/System/Library/PrivateFrameworks/CoreUtils.framework/Versions/A/CoreUtils
0x00007fff38279000 	/System/Library/Frameworks/CoreWLAN.framework/Versions/A/CoreWLAN
0x00007fff38e9d000 	/System/Library/Frameworks/IOBluetooth.framework/Versions/A/IOBluetooth
0x00007fff5d0f8000 	/System/Library/PrivateFrameworks/MobileKeyBag.framework/Versions/A/MobileKeyBag
0x00007fff4ec2b000 	/System/Library/PrivateFrameworks/CorePhoneNumbers.framework/Versions/A/CorePhoneNumbers
0x00007fff49c70000 	/System/Library/PrivateFrameworks/AppleIDAuthSupport.framework/Versions/A/AppleIDAuthSupport
0x00007fff3cbcf000 	/System/Library/Frameworks/Network.framework/Versions/A/Network
0x00007fff5b7c6000 	/System/Library/PrivateFrameworks/KeychainCircle.framework/Versions/A/KeychainCircle
0x00007fff35cca000 	/System/Library/Frameworks/CoreBluetooth.framework/Versions/A/CoreBluetooth
0x00007fff6603d000 	/System/Library/PrivateFrameworks/SpeechRecognitionCore.framework/Versions/A/SpeechRecognitionCore
0x0000000109c00000 	/Library/Java/JavaVirtualMachines/jdk1.8.0_251.jdk/Contents/Home/jre/lib/server/libjvm.dylib
0x00007fff6f5dd000 	/usr/lib/libstdc++.6.dylib
0x00000001093c3000 	/Library/Java/JavaVirtualMachines/jdk1.8.0_251.jdk/Contents/Home/jre/lib/libverify.dylib
0x000000010abbe000 	/Library/Java/JavaVirtualMachines/jdk1.8.0_251.jdk/Contents/Home/jre/lib/libjava.dylib
0x00000001093db000 	/Library/Java/JavaVirtualMachines/jdk1.8.0_251.jdk/Contents/Home/jre/lib/libzip.dylib
0x00000001104af000 	/Library/Java/JavaVirtualMachines/jdk1.8.0_251.jdk/Contents/Home/jre/lib/libawt.dylib
0x0000000110558000 	/Library/Java/JavaVirtualMachines/jdk1.8.0_251.jdk/Contents/Home/jre/lib/libmlib_image.dylib
0x00007fff3abb8000 	/System/Library/Frameworks/JavaVM.framework/Versions/A/Frameworks/JavaNativeFoundation.framework/Versions/A/JavaNativeFoundation
0x00007fff3abc1000 	/System/Library/Frameworks/JavaVM.framework/Versions/A/Frameworks/JavaRuntimeSupport.framework/Versions/A/JavaRuntimeSupport
0x00007fff3abc9000 	/System/Library/Frameworks/JavaVM.framework/Versions/A/JavaVM
0x00007fff5b5dd000 	/System/Library/PrivateFrameworks/JavaLaunching.framework/Versions/A/JavaLaunching
0x00007fff34e9b000 	/System/Library/Frameworks/Carbon.framework/Versions/A/Carbon
0x00007fff4fbcb000 	/System/Library/PrivateFrameworks/CoreSymbolication.framework/Versions/A/CoreSymbolication
0x00007fff34e9c000 	/System/Library/Frameworks/Carbon.framework/Versions/A/Frameworks/CommonPanels.framework/Versions/A/CommonPanels
0x00007fff35195000 	/System/Library/Frameworks/Carbon.framework/Versions/A/Frameworks/Help.framework/Versions/A/Help
0x00007fff35199000 	/System/Library/Frameworks/Carbon.framework/Versions/A/Frameworks/ImageCapture.framework/Versions/A/ImageCapture
0x00007fff351a0000 	/System/Library/Frameworks/Carbon.framework/Versions/A/Frameworks/OpenScripting.framework/Versions/A/OpenScripting
0x00007fff3519f000 	/System/Library/Frameworks/Carbon.framework/Versions/A/Frameworks/Ink.framework/Versions/A/Ink
0x00007fff351db000 	/System/Library/Frameworks/Carbon.framework/Versions/A/Frameworks/Print.framework/Versions/A/Print
0x00007fff351dc000 	/System/Library/Frameworks/Carbon.framework/Versions/A/Frameworks/SecurityHI.framework/Versions/A/SecurityHI
0x00007fff5034d000 	/System/Library/PrivateFrameworks/DebugSymbols.framework/Versions/A/DebugSymbols
0x0000000110624000 	/Library/Java/JavaVirtualMachines/jdk1.8.0_251.jdk/Contents/Home/jre/lib/libawt_lwawt.dylib
0x00000001106df000 	/Library/Java/JavaVirtualMachines/jdk1.8.0_251.jdk/Contents/Home/jre/lib/libosxapp.dylib
0x00007fff38779000 	/System/Library/Frameworks/ExceptionHandling.framework/Versions/A/ExceptionHandling
0x00007fff4f644000 	/System/Library/PrivateFrameworks/CoreServicesInternal.framework/Versions/A/CoreServicesInternal
0x00007fff38798000 	/System/Library/Frameworks/FileProvider.framework/Versions/A/FileProvider
0x00007fff3332b000 	/System/Library/Frameworks/Accounts.framework/Versions/A/Accounts
0x00007fff57a30000 	/System/Library/PrivateFrameworks/GenerationalStorage.framework/Versions/A/GenerationalStorage
0x00007fff6687f000 	/System/Library/PrivateFrameworks/SymptomDiagnosticReporter.framework/Versions/A/SymptomDiagnosticReporter
0x00007fff49384000 	/System/Library/PrivateFrameworks/AppContainer.framework/Versions/A/AppContainer
0x00007fff6f275000 	/usr/lib/libsandbox.1.dylib
0x00007fff681d7000 	/System/Library/PrivateFrameworks/UserManagement.framework/Versions/A/UserManagement
0x00007fff4c128000 	/System/Library/PrivateFrameworks/ChunkingLibrary.framework/Versions/A/ChunkingLibrary
0x00007fff493f6000 	/System/Library/PrivateFrameworks/AppSandbox.framework/Versions/A/AppSandbox
0x00007fff63e48000 	/System/Library/PrivateFrameworks/SecCodeWrapper.framework/Versions/A/SecCodeWrapper
0x00007fff6d12c000 	/usr/lib/libMatch.1.dylib
0x00007fff29313000 	/System/Library/CoreServices/RawCamera.bundle/Contents/MacOS/RawCamera
0x00007fff5cf22000 	/System/Library/PrivateFrameworks/MobileAsset.framework/Versions/A/MobileAsset
0x00007fff66727000 	/System/Library/PrivateFrameworks/StreamingZip.framework/Versions/A/StreamingZip
0x00007fff3b049000 	/System/Library/Frameworks/MediaToolbox.framework/Versions/A/MediaToolbox
0x00007fff4db3b000 	/System/Library/PrivateFrameworks/CoreAVCHD.framework/Versions/A/CoreAVCHD
0x00007fff3af73000 	/System/Library/Frameworks/MediaAccessibility.framework/Versions/A/MediaAccessibility
0x00007fff5c2d6000 	/System/Library/PrivateFrameworks/Mangrove.framework/Versions/A/Mangrove
0x00007fff37441000 	/System/Library/Frameworks/CoreMedia.framework/Versions/A/CoreMedia
0x00007fff5c542000 	/System/Library/PrivateFrameworks/MediaExperience.framework/Versions/A/MediaExperience
0x00007fff43f1f000 	/System/Library/Frameworks/VideoToolbox.framework/Versions/A/VideoToolbox
0x00007fff4d765000 	/System/Library/PrivateFrameworks/CoreAUC.framework/Versions/A/CoreAUC
0x00007fff6f2cd000 	/usr/lib/libspindump.dylib
0x00007fff4a7c4000 	/System/Library/PrivateFrameworks/AudioResourceArbitration.framework/Versions/A/AudioResourceArbitration
0x00007fff4a1d9000 	/System/Library/PrivateFrameworks/AppleVA.framework/Versions/A/AppleVA
0x00007fff31ea9000 	/System/Library/Frameworks/Accelerate.framework/Versions/A/Frameworks/vImage.framework/Versions/A/Libraries/libCGInterfaces.dylib
0x00000001119a6000 	/usr/lib/libobjc-trampolines.dylib
0x00007fff52ac6000 	/System/Library/PrivateFrameworks/FontServices.framework/libTrueTypeScaler.dylib
0x00007fff3002a000 	/System/Library/Extensions/AppleIntelSKLGraphicsMTLDriver.bundle/Contents/MacOS/AppleIntelSKLGraphicsMTLDriver
0x00007fff56050000 	/System/Library/PrivateFrameworks/GPUCompiler.framework/Versions/3902/Libraries/libmetal_timestamp.dylib
0x00007fff522fe000 	/System/Library/PrivateFrameworks/FamilyControls.framework/Versions/A/FamilyControls
0x00007fff4d017000 	/System/Library/PrivateFrameworks/CommerceKit.framework/Versions/A/Frameworks/CommerceCore.framework/Versions/A/CommerceCore
0x00007fff668f9000 	/System/Library/PrivateFrameworks/SystemAdministration.framework/Versions/A/SystemAdministration
0x00007fff5088b000 	/System/Library/PrivateFrameworks/DiskManagement.framework/Versions/A/DiskManagement
0x00007fff384c2000 	/System/Library/Frameworks/DirectoryService.framework/Versions/A/DirectoryService
0x00007fff507c2000 	/System/Library/PrivateFrameworks/DiskImages.framework/Versions/A/DiskImages
0x00007fff5bae1000 	/System/Library/PrivateFrameworks/LoginUIKit.framework/Versions/A/Frameworks/LoginUICore.framework/Versions/A/LoginUICore
0x00007fff6cd93000 	/usr/lib/libCoreStorage.dylib
0x00007fff6df09000 	/usr/lib/libcsfde.dylib
0x00007fff6f188000 	/usr/lib/libodfde.dylib
0x00007fff5c5cd000 	/System/Library/PrivateFrameworks/MediaKit.framework/Versions/A/MediaKit
0x00007fff384ce000 	/System/Library/Frameworks/DiscRecording.framework/Versions/A/DiscRecording
0x00007fff50a41000 	/System/Library/PrivateFrameworks/EFILogin.framework/Versions/A/EFILogin
0x00007fff61eca000 	/System/Library/PrivateFrameworks/ProtectedCloudStorage.framework/Versions/A/ProtectedCloudStorage
0x00007fff6df7d000 	/usr/lib/libcurl.4.dylib
0x00007fff6de02000 	/usr/lib/libcrypto.44.dylib
0x00007fff6f5ad000 	/usr/lib/libssl.46.dylib
0x00007fff3abe2000 	/System/Library/Frameworks/LDAP.framework/Versions/A/LDAP
0x00007fff672d1000 	/System/Library/PrivateFrameworks/TrustEvaluationAgent.framework/Versions/A/TrustEvaluationAgent
0x00007fff6f2ba000 	/usr/lib/libsasl2.2.dylib
0x00007fff4deb7000 	/System/Library/PrivateFrameworks/CoreDaemon.framework/Versions/B/CoreDaemon
0x00007fff4a0ef000 	/System/Library/PrivateFrameworks/AppleSRP.framework/Versions/A/AppleSRP
0x00007fff68fa3000 	/System/Library/PrivateFrameworks/ViewBridge.framework/Versions/A/ViewBridge
0x00007fff6a234000 	/System/Library/PrivateFrameworks/login.framework/Versions/A/login
0x00007fff40db3000 	/System/Library/Frameworks/OpenGL.framework/Versions/A/Resources/GLEngine.bundle/GLEngine
0x00007fff40196000 	/System/Library/Frameworks/OpenGL.framework/Versions/A/Libraries/libGLProgrammability.dylib
0x00007fff2f021000 	/System/Library/Extensions/AppleIntelSKLGraphicsGLDriver.bundle/Contents/MacOS/AppleIntelSKLGraphicsGLDriver
0x00007fff576ff000 	/System/Library/PrivateFrameworks/GPUSupport.framework/Versions/A/Libraries/libGPUSupportMercury.dylib
0x00007fff40f2d000 	/System/Library/Frameworks/OpenGL.framework/Versions/A/Resources/GLRendererFloat.bundle/GLRendererFloat
0x00007fff3f74f000 	/System/Library/Frameworks/OpenCL.framework/Versions/A/Libraries/libcldcpuengine.dylib
0x0000000123f0f000 	/Library/Java/JavaVirtualMachines/jdk1.8.0_251.jdk/Contents/Home/jre/lib/libfontmanager.dylib
0x00007fff58bb0000 	/System/Library/PrivateFrameworks/HDRProcessing.framework/Versions/A/HDRProcessing
0x0000000124f87000 	/Library/Java/JavaVirtualMachines/jdk1.8.0_251.jdk/Contents/Home/jre/lib/libosxui.dylib
0x0000000125367000 	/Library/Java/JavaVirtualMachines/jdk1.8.0_251.jdk/Contents/Home/jre/lib/libnet.dylib
0x000000012537e000 	/Library/Java/JavaVirtualMachines/jdk1.8.0_251.jdk/Contents/Home/jre/lib/libnio.dylib
0x0000000125027000 	/private/var/folders/y9/3jr7bys57jzblxxtts1yf0b00000gn/T/jogamp_0000/file_cache/jln5355011309021123689/jln5032317255564445216/libgluegen-rt.jnilib
0x000000012502b000 	/private/var/folders/y9/3jr7bys57jzblxxtts1yf0b00000gn/T/jogamp_0000/file_cache/jln5355011309021123689/jln5032317255564445216/libnativewindow_awt.jnilib
0x00000001931a3000 	/Library/Java/JavaVirtualMachines/jdk1.8.0_251.jdk/Contents/Home/jre/lib/libjawt.dylib
0x00000001931a6000 	/private/var/folders/y9/3jr7bys57jzblxxtts1yf0b00000gn/T/jogamp_0000/file_cache/jln5355011309021123689/jln5032317255564445216/libnativewindow_macosx.jnilib
0x00000001931b0000 	/private/var/folders/y9/3jr7bys57jzblxxtts1yf0b00000gn/T/jogamp_0000/file_cache/jln5355011309021123689/jln5032317255564445216/libjogl_desktop.jnilib
0x000000019d0f6000 	/Library/Java/JavaVirtualMachines/jdk1.8.0_251.jdk/Contents/Home/jre/lib/libt2k.dylib

VM Arguments:
jvm_args: -Djava.security.policy=java.policy.applet -Dfile.encoding=UTF-8 
java_command: sun.applet.AppletViewer module6.EarthquakeCityMap1596074965054.html
java_class_path (initial): /Users/jasonli/eclipse-workspace/UCSDUnfoldingMaps/build:/Users/jasonli/eclipse-workspace/UCSDUnfoldingMaps/lib/core.jar:/Users/jasonli/eclipse-workspace/UCSDUnfoldingMaps/lib/gluegen-rt.jar:/Users/jasonli/eclipse-workspace/UCSDUnfoldingMaps/lib/jogl-all.jar:/Users/jasonli/eclipse-workspace/UCSDUnfoldingMaps/lib/log4j-1.2.15.jar:/Users/jasonli/eclipse-workspace/UCSDUnfoldingMaps/lib/sqlite-jdbc-3.7.2.jar:/Users/jasonli/eclipse-workspace/UCSDUnfoldingMaps/lib/json4processing.jar:/Users/jasonli/eclipse-workspace/UCSDUnfoldingMaps/lib/libTUIO.jar:/Users/jasonli/eclipse-workspace/UCSDUnfoldingMaps/lib/unfolding.0.9.7-uscd.jar
Launcher Type: SUN_STANDARD

Environment Variables:
PATH=/usr/bin:/bin:/usr/sbin:/sbin
SHELL=/bin/zsh

Signal Handlers:
SIGSEGV: [libjvm.dylib+0x5bc2ff], sa_mask[0]=11111111011111110111111111111111, sa_flags=SA_ONSTACK|SA_RESTART|SA_SIGINFO
SIGBUS: [libjvm.dylib+0x5bc2ff], sa_mask[0]=11111111011111110111111111111111, sa_flags=SA_RESTART|SA_SIGINFO
SIGFPE: [libjvm.dylib+0x48d41c], sa_mask[0]=11111111011111110111111111111111, sa_flags=SA_RESTART|SA_SIGINFO
SIGPIPE: [libjvm.dylib+0x48d41c], sa_mask[0]=11111111011111110111111111111111, sa_flags=SA_RESTART|SA_SIGINFO
SIGXFSZ: [libjvm.dylib+0x48d41c], sa_mask[0]=11111111011111110111111111111111, sa_flags=SA_RESTART|SA_SIGINFO
SIGILL: [libjvm.dylib+0x48d41c], sa_mask[0]=11111111011111110111111111111111, sa_flags=SA_RESTART|SA_SIGINFO
SIGUSR1: SIG_DFL, sa_mask[0]=00000000000000000000000000000000, sa_flags=none
SIGUSR2: [libjvm.dylib+0x48cf3a], sa_mask[0]=00100000000000000000000000000000, sa_flags=SA_RESTART|SA_SIGINFO
SIGHUP: [libjvm.dylib+0x48b4c5], sa_mask[0]=11111111011111110111111111111111, sa_flags=SA_RESTART|SA_SIGINFO
SIGINT: [libjvm.dylib+0x48b4c5], sa_mask[0]=11111111011111110111111111111111, sa_flags=SA_RESTART|SA_SIGINFO
SIGTERM: [libjvm.dylib+0x48b4c5], sa_mask[0]=11111111011111110111111111111111, sa_flags=SA_RESTART|SA_SIGINFO
SIGQUIT: [libjvm.dylib+0x48b4c5], sa_mask[0]=11111111011111110111111111111111, sa_flags=SA_RESTART|SA_SIGINFO


---------------  S Y S T E M  ---------------

OS:Bsduname:Darwin 19.6.0 Darwin Kernel Version 19.6.0: Sun Jul  5 00:43:10 PDT 2020; root:xnu-6153.141.1~9/RELEASE_X86_64 x86_64
rlimit: STACK 8192k, CORE 0k, NPROC 1392, NOFILE 10240, AS infinity
load average:2.42 2.72 3.02

CPU:total 4 (initial active 4) (2 cores per cpu, 2 threads per core) family 6 model 78 stepping 3, cmov, cx8, fxsr, mmx, sse, sse2, sse3, ssse3, sse4.1, sse4.2, popcnt, avx, avx2, aes, clmul, erms, 3dnowpref, lzcnt, ht, tsc, tscinvbit, bmi1, bmi2, adx

Memory: 4k page, physical 8388608k(486496k free)

/proc/meminfo:


vm_info: Java HotSpot(TM) 64-Bit Server VM (25.251-b08) for bsd-amd64 JRE (1.8.0_251-b08), built on Mar 12 2020 02:36:37 by "java_re" with gcc 4.2.1 (Based on Apple Inc. build 5658) (LLVM build 2336.11.00)

time: Wed Jul 29 22:09:53 2020
timezone: EDT
elapsed time: 28 seconds (0d 0h 0m 28s)

