#
# A fatal error has been detected by the Java Runtime Environment:
#
#  SIGSEGV (0xb) at pc=0x00007fff6f15a829, pid=34277, tid=0x0000000000000307
#
# JRE version: Java(TM) SE Runtime Environment (8.0_251-b08) (build 1.8.0_251-b08)
# Java VM: Java HotSpot(TM) 64-Bit Server VM (25.251-b08 mixed mode bsd-amd64 compressed oops)
# Problematic frame:
# C  [libobjc.A.dylib+0x6829]  objc_msgSend+0x29
#
# Failed to write core dump. Core dumps have been disabled. To enable core dumping, try "ulimit -c unlimited" before starting Java again
#
# If you would like to submit a bug report, please visit:
#   http://bugreport.java.com/bugreport/crash.jsp
# The crash happened outside the Java Virtual Machine in native code.
# See problematic frame for where to report the bug.
#

---------------  T H R E A D  ---------------

Current thread (0x00007fed2b8ca000):  JavaThread "AWT-AppKit" daemon [_thread_in_native, id=775, stack(0x00007ffee64a8000,0x00007ffee6ca8000)]

siginfo: si_signo: 11 (SIGSEGV), si_code: 1 (SEGV_MAPERR), si_addr: 0x000000021658d3f9

Registers:
RAX=0x00007fed2f397720, RBX=0x0000000192dc4450, RCX=0x0000000000000001, RDX=0x0000000000000000
RSP=0x00007ffee6ca32a8, RBP=0x00007ffee6ca3360, RSI=0x00007fff7a693742, RDI=0x00007fed2f395790
R8 =0x00000000000000d0, R9 =0x00000000000000d1, R10=0x0000000111dd0008, R11=0x000000021658d3f9
R12=0x0000000000000000, R13=0x0000000197ab8350, R14=0x0000000192dc4440, R15=0x00007fed2b8ca000
RIP=0x00007fff6f15a829, EFLAGS=0x0000000000010206, ERR=0x0000000000000004
  TRAPNO=0x000000000000000e

Top of Stack: (sp=0x00007ffee6ca32a8)
0x00007ffee6ca32a8:   0000000192dc2157 00007ffee6ca3300
0x00007ffee6ca32b8:   0000000000000003 00007ffee6ca32e0
0x00007ffee6ca32c8:   00000001099433ca 0000000197ab8350
0x00007ffee6ca32d8:   0000000197ab8350 00007fed2f397720
0x00007ffee6ca32e8:   0000000192dc46a0 0000000192dc4710
0x00007ffee6ca32f8:   00007fff8db17ff8 00007fff8f405fe8
0x00007ffee6ca3308:   0000000192dc4450 0000000192dc4690
0x00007ffee6ca3318:   00007fed2f397720 00007fed2f395790
0x00007ffee6ca3328:   00007fed2ae88d20 00007fed2f397720
0x00007ffee6ca3338:   00007fed2f395790 00007ffee6ca33e8
0x00007ffee6ca3348:   00007fed2b8ca1f8 0000000197ab8350
0x00007ffee6ca3358:   00007ffee6ca3410 00007ffee6ca33d8
0x00007ffee6ca3368:   0000000112a93667 0000000197ab8350
0x00007ffee6ca3378:   00007ffee6ca3410 00007ffee6ca33d8
0x00007ffee6ca3388:   0000000112a933c7 0000000112a93382
0x00007ffee6ca3398:   00007ffee6ca3398 0000000197ab8350
0x00007ffee6ca33a8:   00007ffee6ca3410 0000000197abaf88
0x00007ffee6ca33b8:   0000000000000000 0000000197ab8350
0x00007ffee6ca33c8:   0000000000000000 00007ffee6ca33f8
0x00007ffee6ca33d8:   00007ffee6ca3458 0000000112a832bd
0x00007ffee6ca33e8:   0000000742766d88 0000000112a8cd18
0x00007ffee6ca33f8:   00007fed2f397720 00007ffee6ca3458
0x00007ffee6ca3408:   00007fed2f395790 0000000112a8e782
0x00007ffee6ca3418:   00007ffee6ca3418 0000000197ab851a
0x00007ffee6ca3428:   00007ffee6ca3480 0000000197abaf88
0x00007ffee6ca3438:   0000000000000000 0000000197ab8528
0x00007ffee6ca3448:   00007ffee6ca33f8 00007ffee6ca3468
0x00007ffee6ca3458:   00007ffee6ca34c8 0000000112a832bd
0x00007ffee6ca3468:   00007fed2f397720 00000007427d8d08
0x00007ffee6ca3478:   00007fed2f395790 00000007427d8d08
0x00007ffee6ca3488:   00007ffee6ca3488 000000019da2ba4e
0x00007ffee6ca3498:   00007ffee6ca34d8 000000019da2bb08 

Instructions: (pc=0x00007fff6f15a829)
0x00007fff6f15a809:   01 2e 75 76 49 ba f8 ff ff ff ff 7f 00 00 4c 23
0x00007fff6f15a819:   17 49 89 f3 45 23 5a 18 49 c1 e3 04 4d 03 5a 10
0x00007fff6f15a829:   49 3b 33 75 0a 4d 8b 5b 08 4d 31 d3 41 ff e3 49
0x00007fff6f15a839:   83 3b 01 76 13 49 83 c3 10 49 3b 33 75 f1 4d 8b 

Register to memory mapping:

RAX=0x00007fed2f397720 is an unknown value
RBX=0x0000000192dc4450: Java_jogamp_nativewindow_macosx_OSXUtil_GetScreenRefreshRate0+0x1cf0 in /private/var/folders/y9/3jr7bys57jzblxxtts1yf0b00000gn/T/jogamp_0000/file_cache/jln6976989838854344342/jln3933673286523810610/libnativewindow_macosx.jnilib at 0x0000000192dbd000
RCX=0x0000000000000001 is an unknown value
RDX=0x0000000000000000 is an unknown value
RSP=0x00007ffee6ca32a8 is pointing into the stack for thread: 0x00007fed2b8ca000
RBP=0x00007ffee6ca3360 is pointing into the stack for thread: 0x00007fed2b8ca000
RSI=0x00007fff7a693742: GCC_except_table740+0xb50f872 in /usr/lib/libobjc.A.dylib at 0x00007fff6f154000
RDI=0x00007fed2f395790 is an unknown value
R8 =0x00000000000000d0 is an unknown value
R9 =0x00000000000000d1 is an unknown value
R10=0x0000000111dd0008: OBJC_IVAR_$_TabGroupControlAccessibility.fTabGroupAxContext+0x130 in /Library/Java/JavaVirtualMachines/jdk1.8.0_251.jdk/Contents/Home/jre/lib/libawt_lwawt.dylib at 0x0000000111d52000
R11=0x000000021658d3f9 is an unknown value
R12=0x0000000000000000 is an unknown value
R13={method} {0x0000000197ab8350} 'UnsetJAWTRootSurfaceLayer0' '(JJ)V' in 'jogamp/nativewindow/jawt/macosx/MacOSXJAWTWindow'
R14=0x0000000192dc4440: Java_jogamp_nativewindow_macosx_OSXUtil_GetScreenRefreshRate0+0x1ce0 in /private/var/folders/y9/3jr7bys57jzblxxtts1yf0b00000gn/T/jogamp_0000/file_cache/jln6976989838854344342/jln3933673286523810610/libnativewindow_macosx.jnilib at 0x0000000192dbd000
R15=0x00007fed2b8ca000 is a thread


Stack: [0x00007ffee64a8000,0x00007ffee6ca8000],  sp=0x00007ffee6ca32a8,  free space=8172k
Native frames: (J=compiled Java code, j=interpreted, Vv=VM code, C=native code)
C  [libobjc.A.dylib+0x6829]  objc_msgSend+0x29
j  jogamp.nativewindow.jawt.macosx.MacOSXJAWTWindow.UnsetJAWTRootSurfaceLayer0(JJ)V+0
j  jogamp.nativewindow.jawt.macosx.MacOSXJAWTWindow.access$200(JJ)V+2
j  jogamp.nativewindow.jawt.macosx.MacOSXJAWTWindow$1.run()V+38
J 3377 C1 com.jogamp.common.util.RunnableTask.run()V (345 bytes) @ 0x000000011354b9f4 [0x000000011354b860+0x194]
v  ~StubRoutines::call_stub
V  [libjvm.dylib+0x2f09b2]  JavaCalls::call_helper(JavaValue*, methodHandle*, JavaCallArguments*, Thread*)+0x6ae
V  [libjvm.dylib+0x327c14]  jni_invoke_nonstatic(JNIEnv_*, JavaValue*, _jobject*, JNICallType, _jmethodID*, JNI_ArgumentPusher*, Thread*)+0x2ec
V  [libjvm.dylib+0x31a3f7]  jni_CallVoidMethod+0x16b
C  [libnativewindow_macosx.jnilib+0x5326]  Java_jogamp_nativewindow_jawt_macosx_MacOSXJAWTWindow_UnsetJAWTRootSurfaceLayer0+0x2b6
C  [Foundation+0x9b0dd]  __NSThreadPerformPerform+0xcc
C  [CoreFoundation+0x83d52]  __CFRUNLOOP_IS_CALLING_OUT_TO_A_SOURCE0_PERFORM_FUNCTION__+0x11
C  [CoreFoundation+0x83cf1]  __CFRunLoopDoSource0+0x67
C  [CoreFoundation+0x83b67]  __CFRunLoopDoSources0+0x12d
C  [CoreFoundation+0x8283a]  __CFRunLoopRun+0x39f
C  [CoreFoundation+0x81e3e]  CFRunLoopRunSpecific+0x1ce
C  [HIToolbox+0x2fabd]  RunCurrentEventLoopInMode+0x124
C  [HIToolbox+0x2f6f4]  ReceiveNextEventCommon+0x167
C  [HIToolbox+0x2f579]  _BlockUntilNextEventMatchingListInModeWithFilter+0x40
C  [AppKit+0x41039]  _DPSNextEvent+0x373
C  [AppKit+0x3f880]  -[NSApplication(NSEvent) _nextEventMatchingEventMask:untilDate:inMode:dequeue:]+0x548
C  [libosxapp.dylib+0x2328]  -[NSApplicationAWT nextEventMatchingMask:untilDate:inMode:dequeue:]+0x7c
C  [AppKit+0x3158e]  -[NSApplication run]+0x292
C  [libosxapp.dylib+0x1f72]  +[NSApplicationAWT runAWTLoopWithApp:]+0x9c
C  [libawt_lwawt.dylib+0x4803b]  -[AWTStarter starter:]+0x389
C  [Foundation+0x9b0dd]  __NSThreadPerformPerform+0xcc
C  [CoreFoundation+0x83d52]  __CFRUNLOOP_IS_CALLING_OUT_TO_A_SOURCE0_PERFORM_FUNCTION__+0x11
C  [CoreFoundation+0x83cf1]  __CFRunLoopDoSource0+0x67
C  [CoreFoundation+0x83b0b]  __CFRunLoopDoSources0+0xd1
C  [CoreFoundation+0x8283a]  __CFRunLoopRun+0x39f
C  [CoreFoundation+0x81e3e]  CFRunLoopRunSpecific+0x1ce
C  [java+0x646e]  CreateExecutionEnvironment+0x367
C  [java+0x203c]  JLI_Launch+0x7a0
C  [java+0x84cb]  main+0x65
C  [java+0x1894]  start+0x34
C  0x0000000000000007

Java frames: (J=compiled Java code, j=interpreted, Vv=VM code)
j  jogamp.nativewindow.jawt.macosx.MacOSXJAWTWindow.UnsetJAWTRootSurfaceLayer0(JJ)V+0
j  jogamp.nativewindow.jawt.macosx.MacOSXJAWTWindow.access$200(JJ)V+2
j  jogamp.nativewindow.jawt.macosx.MacOSXJAWTWindow$1.run()V+38
J 3377 C1 com.jogamp.common.util.RunnableTask.run()V (345 bytes) @ 0x000000011354b9f4 [0x000000011354b860+0x194]
v  ~StubRoutines::call_stub

---------------  P R O C E S S  ---------------

Java Threads: ( => current thread )
  0x00007fed2c1ba000 JavaThread "Thread-20" [_thread_blocked, id=63763, stack(0x00007000030b6000,0x00007000031b6000)]
  0x00007fed2bacf800 JavaThread "AWT-EventQueue-1" [_thread_blocked, id=61463, stack(0x0000700002da7000,0x0000700002ea7000)]
  0x00007fed2b00c000 JavaThread "DestroyJavaVM" [_thread_blocked, id=3075, stack(0x0000700001659000,0x0000700001759000)]
  0x00007fed2c241800 JavaThread "AWT-EventQueue-0" [_thread_blocked, id=54027, stack(0x0000700002ba1000,0x0000700002ca1000)]
  0x00007fed2c1e3000 JavaThread "Java2D Disposer" daemon [_thread_blocked, id=53267, stack(0x0000700002918000,0x0000700002a18000)]
  0x00007fed2d0b6000 JavaThread "Java2D Queue Flusher" daemon [_thread_blocked, id=51475, stack(0x0000700002815000,0x0000700002915000)]
  0x00007fed2b8e2000 JavaThread "AWT-Shutdown" [_thread_blocked, id=26907, stack(0x000070000260c000,0x000070000270c000)]
=>0x00007fed2b8ca000 JavaThread "AWT-AppKit" daemon [_thread_in_native, id=775, stack(0x00007ffee64a8000,0x00007ffee6ca8000)]
  0x00007fed2b81d000 JavaThread "Service Thread" daemon [_thread_blocked, id=17411, stack(0x0000700002383000,0x0000700002483000)]
  0x00007fed2c038800 JavaThread "C1 CompilerThread2" daemon [_thread_blocked, id=17667, stack(0x0000700002280000,0x0000700002380000)]
  0x00007fed2d048800 JavaThread "C2 CompilerThread1" daemon [_thread_blocked, id=13571, stack(0x000070000217d000,0x000070000227d000)]
  0x00007fed2b81c800 JavaThread "C2 CompilerThread0" daemon [_thread_in_native, id=13315, stack(0x000070000207a000,0x000070000217a000)]
  0x00007fed2b00f000 JavaThread "Signal Dispatcher" daemon [_thread_blocked, id=18435, stack(0x0000700001f77000,0x0000700002077000)]
  0x00007fed2b817800 JavaThread "Finalizer" daemon [_thread_blocked, id=11523, stack(0x0000700001d6e000,0x0000700001e6e000)]
  0x00007fed2b817000 JavaThread "Reference Handler" daemon [_thread_blocked, id=11011, stack(0x0000700001c6b000,0x0000700001d6b000)]

Other Threads:
  0x00007fed2d03b000 VMThread [stack: 0x0000700001b68000,0x0000700001c68000] [id=21251]
  0x00007fed2c010000 WatcherThread [stack: 0x0000700002486000,0x0000700002586000] [id=17155]

VM state:not at safepoint (normal execution)

VM Mutex/Monitor currently owned by a thread: None

heap address: 0x0000000740000000, size: 2048 MB, Compressed Oops mode: Zero based, Oop shift amount: 3
Narrow klass base: 0x0000000000000000, Narrow klass shift: 3
Compressed class space size: 1073741824 Address: 0x00000007c0000000

Heap:
 PSYoungGen      total 367104K, used 65775K [0x0000000795580000, 0x00000007ae980000, 0x00000007c0000000)
  eden space 325632K, 10% used [0x0000000795580000,0x000000079778c3f8,0x00000007a9380000)
  from space 41472K, 74% used [0x00000007ac100000,0x00000007adf2fb60,0x00000007ae980000)
  to   space 44032K, 0% used [0x00000007a9380000,0x00000007a9380000,0x00000007abe80000)
 ParOldGen       total 130048K, used 42749K [0x0000000740000000, 0x0000000747f00000, 0x0000000795580000)
  object space 130048K, 32% used [0x0000000740000000,0x00000007429bf678,0x0000000747f00000)
 Metaspace       used 28136K, capacity 28479K, committed 28800K, reserved 1075200K
  class space    used 2245K, capacity 2345K, committed 2432K, reserved 1048576K

Card table byte_map: [0x000000010abbe000,0x000000010afbf000] byte_map_base: 0x00000001071be000

Marking Bits: (ParMarkBitMap*) 0x000000010a100f60
 Begin Bits: [0x000000010b26a000, 0x000000010d26a000)
 End Bits:   [0x000000010d26a000, 0x000000010f26a000)

Polling page: 0x0000000108fc9000

CodeCache: size=245760Kb used=12276Kb max_used=12359Kb free=233483Kb
 bounds [0x0000000112a7b000, 0x00000001136ab000, 0x0000000121a7b000]
 total_blobs=4083 nmethods=3158 adapters=838
 compilation: enabled

Compilation events (10 events):
Event: 58.543 Thread 0x00007fed2c038800 3778       3       java.awt.event.MouseEvent::getModifiersEx (29 bytes)
Event: 58.543 Thread 0x00007fed2c038800 nmethod 3778 0x00000001132c2890 code [0x00000001132c2a00, 0x00000001132c2c68]
Event: 58.549 Thread 0x00007fed2c038800 3779       1       java.awt.event.MouseEvent::getClickCount (5 bytes)
Event: 58.549 Thread 0x00007fed2c038800 nmethod 3779 0x0000000113331b90 code [0x0000000113331ce0, 0x0000000113331df0]
Event: 58.586 Thread 0x00007fed2c038800 3780       3       java.util.HashMap::remove (26 bytes)
Event: 58.586 Thread 0x00007fed2c038800 nmethod 3780 0x00000001132d2350 code [0x00000001132d24e0, 0x00000001132d28f8]
Event: 58.601 Thread 0x00007fed2c038800 3781       1       java.util.concurrent.locks.AbstractQueuedSynchronizer::setState (6 bytes)
Event: 58.601 Thread 0x00007fed2c038800 nmethod 3781 0x0000000112c7ce90 code [0x0000000112c7cfe0, 0x0000000112c7d0f0]
Event: 58.602 Thread 0x00007fed2c038800 3782       3       java.lang.invoke.LambdaForm::uncustomize (58 bytes)
Event: 58.603 Thread 0x00007fed2c038800 nmethod 3782 0x0000000113215ad0 code [0x0000000113215c40, 0x0000000113215ef0]

GC Heap History (10 events):
Event: 34.446 GC heap before
{Heap before GC invocations=15 (full 1):
 PSYoungGen      total 291840K, used 276084K [0x0000000795580000, 0x00000007ac580000, 0x00000007c0000000)
  eden space 245248K, 100% used [0x0000000795580000,0x00000007a4500000,0x00000007a4500000)
  from space 46592K, 66% used [0x00000007a4500000,0x00000007a631d268,0x00000007a7280000)
  to   space 46592K, 0% used [0x00000007a9800000,0x00000007a9800000,0x00000007ac580000)
 ParOldGen       total 130048K, used 42733K [0x0000000740000000, 0x0000000747f00000, 0x0000000795580000)
  object space 130048K, 32% used [0x0000000740000000,0x00000007429bb678,0x0000000747f00000)
 Metaspace       used 28057K, capacity 28411K, committed 28800K, reserved 1075200K
  class space    used 2230K, capacity 2343K, committed 2432K, reserved 1048576K
Event: 34.464 GC heap after
Heap after GC invocations=15 (full 1):
 PSYoungGen      total 320000K, used 30852K [0x0000000795580000, 0x00000007ac000000, 0x00000007c0000000)
  eden space 279040K, 0% used [0x0000000795580000,0x0000000795580000,0x00000007a6600000)
  from space 40960K, 75% used [0x00000007a9800000,0x00000007ab621258,0x00000007ac000000)
  to   space 46080K, 0% used [0x00000007a6600000,0x00000007a6600000,0x00000007a9300000)
 ParOldGen       total 130048K, used 42741K [0x0000000740000000, 0x0000000747f00000, 0x0000000795580000)
  object space 130048K, 32% used [0x0000000740000000,0x00000007429bd678,0x0000000747f00000)
 Metaspace       used 28057K, capacity 28411K, committed 28800K, reserved 1075200K
  class space    used 2230K, capacity 2343K, committed 2432K, reserved 1048576K
}
Event: 39.994 GC heap before
{Heap before GC invocations=16 (full 1):
 PSYoungGen      total 320000K, used 309892K [0x0000000795580000, 0x00000007ac000000, 0x00000007c0000000)
  eden space 279040K, 100% used [0x0000000795580000,0x00000007a6600000,0x00000007a6600000)
  from space 40960K, 75% used [0x00000007a9800000,0x00000007ab621258,0x00000007ac000000)
  to   space 46080K, 0% used [0x00000007a6600000,0x00000007a6600000,0x00000007a9300000)
 ParOldGen       total 130048K, used 42741K [0x0000000740000000, 0x0000000747f00000, 0x0000000795580000)
  object space 130048K, 32% used [0x0000000740000000,0x00000007429bd678,0x0000000747f00000)
 Metaspace       used 28062K, capacity 28411K, committed 28800K, reserved 1075200K
  class space    used 2230K, capacity 2343K, committed 2432K, reserved 1048576K
Event: 40.005 GC heap after
Heap after GC invocations=16 (full 1):
 PSYoungGen      total 325120K, used 30895K [0x0000000795580000, 0x00000007ade80000, 0x00000007c0000000)
  eden space 279040K, 0% used [0x0000000795580000,0x0000000795580000,0x00000007a6600000)
  from space 46080K, 67% used [0x00000007a6600000,0x00000007a842bfd8,0x00000007a9300000)
  to   space 45568K, 0% used [0x00000007ab200000,0x00000007ab200000,0x00000007ade80000)
 ParOldGen       total 130048K, used 42749K [0x0000000740000000, 0x0000000747f00000, 0x0000000795580000)
  object space 130048K, 32% used [0x0000000740000000,0x00000007429bf678,0x0000000747f00000)
 Metaspace       used 28062K, capacity 28411K, committed 28800K, reserved 1075200K
  class space    used 2230K, capacity 2343K, committed 2432K, reserved 1048576K
}
Event: 45.578 GC heap before
{Heap before GC invocations=17 (full 1):
 PSYoungGen      total 325120K, used 309935K [0x0000000795580000, 0x00000007ade80000, 0x00000007c0000000)
  eden space 279040K, 100% used [0x0000000795580000,0x00000007a6600000,0x00000007a6600000)
  from space 46080K, 67% used [0x00000007a6600000,0x00000007a842bfd8,0x00000007a9300000)
  to   space 45568K, 0% used [0x00000007ab200000,0x00000007ab200000,0x00000007ade80000)
 ParOldGen       total 130048K, used 42749K [0x0000000740000000, 0x0000000747f00000, 0x0000000795580000)
  object space 130048K, 32% used [0x0000000740000000,0x00000007429bf678,0x0000000747f00000)
 Metaspace       used 28062K, capacity 28411K, committed 28800K, reserved 1075200K
  class space    used 2230K, capacity 2343K, committed 2432K, reserved 1048576K
Event: 45.600 GC heap after
Heap after GC invocations=17 (full 1):
 PSYoungGen      total 350720K, used 30862K [0x0000000795580000, 0x00000007adb00000, 0x00000007c0000000)
  eden space 308736K, 0% used [0x0000000795580000,0x0000000795580000,0x00000007a8300000)
  from space 41984K, 73% used [0x00000007ab200000,0x00000007ad023b70,0x00000007adb00000)
  to   space 45056K, 0% used [0x00000007a8300000,0x00000007a8300000,0x00000007aaf00000)
 ParOldGen       total 130048K, used 42749K [0x0000000740000000, 0x0000000747f00000, 0x0000000795580000)
  object space 130048K, 32% used [0x0000000740000000,0x00000007429bf678,0x0000000747f00000)
 Metaspace       used 28062K, capacity 28411K, committed 28800K, reserved 1075200K
  class space    used 2230K, capacity 2343K, committed 2432K, reserved 1048576K
}
Event: 51.910 GC heap before
{Heap before GC invocations=18 (full 1):
 PSYoungGen      total 350720K, used 339598K [0x0000000795580000, 0x00000007adb00000, 0x00000007c0000000)
  eden space 308736K, 100% used [0x0000000795580000,0x00000007a8300000,0x00000007a8300000)
  from space 41984K, 73% used [0x00000007ab200000,0x00000007ad023b70,0x00000007adb00000)
  to   space 45056K, 0% used [0x00000007a8300000,0x00000007a8300000,0x00000007aaf00000)
 ParOldGen       total 130048K, used 42749K [0x0000000740000000, 0x0000000747f00000, 0x0000000795580000)
  object space 130048K, 32% used [0x0000000740000000,0x00000007429bf678,0x0000000747f00000)
 Metaspace       used 28062K, capacity 28411K, committed 28800K, reserved 1075200K
  class space    used 2230K, capacity 2343K, committed 2432K, reserved 1048576K
Event: 51.922 GC heap after
Heap after GC invocations=18 (full 1):
 PSYoungGen      total 353792K, used 30863K [0x0000000795580000, 0x00000007aec80000, 0x00000007c0000000)
  eden space 308736K, 0% used [0x0000000795580000,0x0000000795580000,0x00000007a8300000)
  from space 45056K, 68% used [0x00000007a8300000,0x00000007aa123fd8,0x00000007aaf00000)
  to   space 44544K, 0% used [0x00000007ac100000,0x00000007ac100000,0x00000007aec80000)
 ParOldGen       total 130048K, used 42749K [0x0000000740000000, 0x0000000747f00000, 0x0000000795580000)
  object space 130048K, 32% used [0x0000000740000000,0x00000007429bf678,0x0000000747f00000)
 Metaspace       used 28062K, capacity 28411K, committed 28800K, reserved 1075200K
  class space    used 2230K, capacity 2343K, committed 2432K, reserved 1048576K
}
Event: 58.212 GC heap before
{Heap before GC invocations=19 (full 1):
 PSYoungGen      total 353792K, used 339599K [0x0000000795580000, 0x00000007aec80000, 0x00000007c0000000)
  eden space 308736K, 100% used [0x0000000795580000,0x00000007a8300000,0x00000007a8300000)
  from space 45056K, 68% used [0x00000007a8300000,0x00000007aa123fd8,0x00000007aaf00000)
  to   space 44544K, 0% used [0x00000007ac100000,0x00000007ac100000,0x00000007aec80000)
 ParOldGen       total 130048K, used 42749K [0x0000000740000000, 0x0000000747f00000, 0x0000000795580000)
  object space 130048K, 32% used [0x0000000740000000,0x00000007429bf678,0x0000000747f00000)
 Metaspace       used 28064K, capacity 28411K, committed 28800K, reserved 1075200K
  class space    used 2230K, capacity 2343K, committed 2432K, reserved 1048576K
Event: 58.229 GC heap after
Heap after GC invocations=19 (full 1):
 PSYoungGen      total 367104K, used 30910K [0x0000000795580000, 0x00000007ae980000, 0x00000007c0000000)
  eden space 325632K, 0% used [0x0000000795580000,0x0000000795580000,0x00000007a9380000)
  from space 41472K, 74% used [0x00000007ac100000,0x00000007adf2fb60,0x00000007ae980000)
  to   space 44032K, 0% used [0x00000007a9380000,0x00000007a9380000,0x00000007abe80000)
 ParOldGen       total 130048K, used 42749K [0x0000000740000000, 0x0000000747f00000, 0x0000000795580000)
  object space 130048K, 32% used [0x0000000740000000,0x00000007429bf678,0x0000000747f00000)
 Metaspace       used 28064K, capacity 28411K, committed 28800K, reserved 1075200K
  class space    used 2230K, capacity 2343K, committed 2432K, reserved 1048576K
}

Deoptimization events (10 events):
Event: 13.533 Thread 0x00007fed2bacf800 Uncommon trap: reason=unstable_if action=reinterpret pc=0x0000000112eb44dc method=module6.AirportMarker.drawMarker(Lprocessing/core/PGraphics;FF)V @ 20
Event: 58.470 Thread 0x00007fed2bacf800 Uncommon trap: reason=unstable_if action=reinterpret pc=0x0000000113473128 method=com.jogamp.common.util.VersionNumber.compareTo(Lcom/jogamp/common/util/VersionNumber;)I @ 21
Event: 58.471 Thread 0x00007fed2b1b8000 Uncommon trap: reason=unstable_if action=reinterpret pc=0x00000001135a10e8 method=java.security.AccessControlContext.combine([Ljava/security/ProtectionDomain;[Ljava/security/ProtectionDomain;)[Ljava/security/ProtectionDomain; @ 151
Event: 58.476 Thread 0x00007fed2c241800 Uncommon trap: reason=unstable_if action=reinterpret pc=0x00000001133fbc94 method=java.awt.Font.equals(Ljava/lang/Object;)Z @ 2
Event: 58.586 Thread 0x00007fed2b1b8000 Uncommon trap: reason=class_check action=maybe_recompile pc=0x00000001131205ec method=java.util.HashMap.putVal(ILjava/lang/Object;Ljava/lang/Object;ZZ)Ljava/lang/Object; @ 91
Event: 58.586 Thread 0x00007fed2b1b8000 Uncommon trap: reason=class_check action=maybe_recompile pc=0x00000001131205ec method=java.util.HashMap.putVal(ILjava/lang/Object;Ljava/lang/Object;ZZ)Ljava/lang/Object; @ 91
Event: 58.586 Thread 0x00007fed2b1b8000 Uncommon trap: reason=class_check action=maybe_recompile pc=0x00000001131205ec method=java.util.HashMap.putVal(ILjava/lang/Object;Ljava/lang/Object;ZZ)Ljava/lang/Object; @ 91
Event: 58.586 Thread 0x00007fed2b1b8000 Uncommon trap: reason=class_check action=maybe_recompile pc=0x00000001131205ec method=java.util.HashMap.putVal(ILjava/lang/Object;Ljava/lang/Object;ZZ)Ljava/lang/Object; @ 91
Event: 58.598 Thread 0x00007fed2bacf800 Uncommon trap: reason=unstable_if action=reinterpret pc=0x00000001132875a4 method=java.security.AccessControlContext.combine([Ljava/security/ProtectionDomain;[Ljava/security/ProtectionDomain;)[Ljava/security/ProtectionDomain; @ 151
Event: 58.599 Thread 0x00007fed2c1ba000 Uncommon trap: reason=predicate action=maybe_recompile pc=0x0000000112f48c60 method=java.util.Vector.indexOf(Ljava/lang/Object;I)I @ 44

Classes redefined (0 events):
No events

Internal exceptions (10 events):
Event: 0.362 Thread 0x00007fed2b00c000 Exception <a 'java/io/FileNotFoundException'> (0x0000000795812648) thrown at [/jenkins/workspace/8-2-build-macosx-x86_64/jdk8u251/737/hotspot/src/share/vm/prims/jni.cpp, line 710]
Event: 0.363 Thread 0x00007fed2b00c000 Exception <a 'java/io/FileNotFoundException'> (0x00000007958131b8) thrown at [/jenkins/workspace/8-2-build-macosx-x86_64/jdk8u251/737/hotspot/src/share/vm/prims/jni.cpp, line 710]
Event: 0.475 Thread 0x00007fed2b00c000 Exception <a 'java/io/FileNotFoundException'> (0x000000079593c3a8) thrown at [/jenkins/workspace/8-2-build-macosx-x86_64/jdk8u251/737/hotspot/src/share/vm/prims/jni.cpp, line 710]
Event: 2.258 Thread 0x00007fed2c497800 Exception <a 'java/lang/UnsatisfiedLinkError': com.jogamp.common.util.JarUtil.fixNativeLibAttribs(Ljava/lang/String;)Z> (0x0000000796d1af88) thrown at [/jenkins/workspace/8-2-build-macosx-x86_64/jdk8u251/737/hotspot/src/share/vm/prims/nativeLookup.cpp, li
Event: 4.081 Thread 0x00007fed2b817800 Exception <a 'java/lang/NullPointerException'> (0x00000007956a18a0) thrown at [/jenkins/workspace/8-2-build-macosx-x86_64/jdk8u251/737/hotspot/src/share/vm/interpreter/linkResolver.cpp, line 1185]
Event: 4.810 Thread 0x00007fed2bacf800 Exception <a 'java/io/FileNotFoundException'> (0x0000000796008a68) thrown at [/jenkins/workspace/8-2-build-macosx-x86_64/jdk8u251/737/hotspot/src/share/vm/prims/jni.cpp, line 710]
Event: 4.810 Thread 0x00007fed2bacf800 Exception <a 'java/io/FileNotFoundException'> (0x000000079600ecb8) thrown at [/jenkins/workspace/8-2-build-macosx-x86_64/jdk8u251/737/hotspot/src/share/vm/prims/jni.cpp, line 710]
Event: 4.810 Thread 0x00007fed2bacf800 Implicit null exception at 0x0000000112c53936 to 0x0000000112c53cf9
Event: 6.995 Thread 0x00007fed2bacf800 Implicit null exception at 0x0000000112e396c6 to 0x0000000112e3990d
Event: 7.019 Thread 0x00007fed2d382800 Implicit null exception at 0x0000000112c546b5 to 0x0000000112c54a75

Events (10 events):
Event: 58.599 loading class java/awt/event/AWTEventListenerProxy
Event: 58.599 loading class java/awt/event/AWTEventListenerProxy done
Event: 58.599 loading class java/awt/Toolkit$ToolkitEventMulticaster
Event: 58.599 loading class java/awt/Toolkit$ToolkitEventMulticaster done
Event: 58.599 Thread 0x00007fed2b1b8000 Thread exited: 0x00007fed2b1b8000
Event: 58.599 Thread 0x00007fed2c1ba000 Uncommon trap: trap_request=0xffffff86 fr.pc=0x0000000112f48c60
Event: 58.599 Thread 0x00007fed2c1ba000 DEOPT PACKING pc=0x0000000112f48c60 sp=0x00007000031b58a0
Event: 58.599 Thread 0x00007fed2c1ba000 DEOPT UNPACKING pc=0x0000000112ac073a sp=0x00007000031b5860 mode 2
Event: 58.599 loading class java/awt/Window$1DisposeAction
Event: 58.599 loading class java/awt/Window$1DisposeAction done


Dynamic libraries:
0x00007fff3537f000 	/System/Library/Frameworks/Cocoa.framework/Versions/A/Cocoa
0x00007fff42b74000 	/System/Library/Frameworks/Security.framework/Versions/A/Security
0x00007fff342e4000 	/System/Library/Frameworks/ApplicationServices.framework/Versions/A/ApplicationServices
0x00007fff6f830000 	/usr/lib/libz.1.dylib
0x00007fff6d2f4000 	/usr/lib/libSystem.B.dylib
0x00007fff6f154000 	/usr/lib/libobjc.A.dylib
0x00007fff36221000 	/System/Library/Frameworks/CoreFoundation.framework/Versions/A/CoreFoundation
0x00007fff388de000 	/System/Library/Frameworks/Foundation.framework/Versions/C/Foundation
0x00007fff334d4000 	/System/Library/Frameworks/AppKit.framework/Versions/C/AppKit
0x00007fff35d03000 	/System/Library/Frameworks/CoreData.framework/Versions/A/CoreData
0x00007fff6730a000 	/System/Library/PrivateFrameworks/UIFoundation.framework/Versions/A/UIFoundation
0x00007fff6239e000 	/System/Library/PrivateFrameworks/RemoteViewServices.framework/Versions/A/RemoteViewServices
0x00007fff69e64000 	/System/Library/PrivateFrameworks/XCTTargetBootstrap.framework/Versions/A/XCTTargetBootstrap
0x00007fff360ee000 	/System/Library/Frameworks/CoreDisplay.framework/Versions/A/CoreDisplay
0x00007fff3b798000 	/System/Library/Frameworks/Metal.framework/Versions/A/Metal
0x00007fff5038b000 	/System/Library/PrivateFrameworks/DesktopServicesPriv.framework/Versions/A/DesktopServicesPriv
0x00007fff6e42f000 	/usr/lib/liblangid.dylib
0x00007fff4f620000 	/System/Library/PrivateFrameworks/CoreSVG.framework/Versions/A/CoreSVG
0x00007fff654fa000 	/System/Library/PrivateFrameworks/SkyLight.framework/Versions/A/SkyLight
0x00007fff366a2000 	/System/Library/Frameworks/CoreGraphics.framework/Versions/A/CoreGraphics
0x00007fff31ea8000 	/System/Library/Frameworks/Accelerate.framework/Versions/A/Accelerate
0x00007fff6f721000 	/usr/lib/libxml2.2.dylib
0x00007fff5b329000 	/System/Library/PrivateFrameworks/IconServices.framework/Versions/A/IconServices
0x00007fff390bd000 	/System/Library/Frameworks/IOSurface.framework/Versions/A/IOSurface
0x00007fff6ce1e000 	/usr/lib/libDiagnosticMessagesClient.dylib
0x00007fff501e5000 	/System/Library/PrivateFrameworks/DFRFoundation.framework/Versions/A/DFRFoundation
0x00007fff6e1be000 	/usr/lib/libicucore.A.dylib
0x00007fff34616000 	/System/Library/Frameworks/AudioToolbox.framework/Versions/A/AudioToolbox
0x00007fff346f9000 	/System/Library/Frameworks/AudioUnit.framework/Versions/A/AudioUnit
0x00007fff6d4f6000 	/usr/lib/libauto.dylib
0x00007fff50287000 	/System/Library/PrivateFrameworks/DataDetectorsCore.framework/Versions/A/DataDetectorsCore
0x00007fff34ea0000 	/System/Library/Frameworks/Carbon.framework/Versions/A/Frameworks/HIToolbox.framework/Versions/A/HIToolbox
0x00007fff41d70000 	/System/Library/Frameworks/QuartzCore.framework/Versions/A/QuartzCore
0x00007fff351df000 	/System/Library/Frameworks/Carbon.framework/Versions/A/Frameworks/SpeechRecognition.framework/Versions/A/SpeechRecognition
0x00007fff4fcf9000 	/System/Library/PrivateFrameworks/CoreUI.framework/Versions/A/CoreUI
0x00007fff3576e000 	/System/Library/Frameworks/CoreAudio.framework/Versions/A/CoreAudio
0x00007fff3859d000 	/System/Library/Frameworks/DiskArbitration.framework/Versions/A/DiskArbitration
0x00007fff5d379000 	/System/Library/PrivateFrameworks/MultitouchSupport.framework/Versions/A/MultitouchSupport
0x00007fff6e085000 	/usr/lib/libenergytrace.dylib
0x00007fff39017000 	/System/Library/Frameworks/IOKit.framework/Versions/A/IOKit
0x00007fff37609000 	/System/Library/Frameworks/CoreServices.framework/Versions/A/CoreServices
0x00007fff5f531000 	/System/Library/PrivateFrameworks/PerformanceAnalysis.framework/Versions/A/PerformanceAnalysis
0x00007fff40da3000 	/System/Library/Frameworks/OpenGL.framework/Versions/A/OpenGL
0x00007fff3538d000 	/System/Library/Frameworks/ColorSync.framework/Versions/A/ColorSync
0x00007fff36d25000 	/System/Library/Frameworks/CoreImage.framework/Versions/A/CoreImage
0x00007fff3807c000 	/System/Library/Frameworks/CoreText.framework/Versions/A/CoreText
0x00007fff3914d000 	/System/Library/Frameworks/ImageIO.framework/Versions/A/ImageIO
0x00007fff6d5da000 	/usr/lib/libc++.1.dylib
0x00007fff6d656000 	/usr/lib/libcompression.dylib
0x00007fff6d162000 	/usr/lib/libMobileGestalt.dylib
0x00007fff67074000 	/System/Library/PrivateFrameworks/TextureIO.framework/Versions/A/TextureIO
0x00007fff6d459000 	/usr/lib/libate.dylib
0x00007fff5b532000 	/System/Library/PrivateFrameworks/InternationalSupport.framework/Versions/A/InternationalSupport
0x00007fff700f1000 	/usr/lib/system/libcache.dylib
0x00007fff700f7000 	/usr/lib/system/libcommonCrypto.dylib
0x00007fff70103000 	/usr/lib/system/libcompiler_rt.dylib
0x00007fff7010b000 	/usr/lib/system/libcopyfile.dylib
0x00007fff70115000 	/usr/lib/system/libcorecrypto.dylib
0x00007fff702b4000 	/usr/lib/system/libdispatch.dylib
0x00007fff702f5000 	/usr/lib/system/libdyld.dylib
0x00007fff7032c000 	/usr/lib/system/libkeymgr.dylib
0x00007fff7033a000 	/usr/lib/system/liblaunch.dylib
0x00007fff7033b000 	/usr/lib/system/libmacho.dylib
0x00007fff70341000 	/usr/lib/system/libquarantine.dylib
0x00007fff70344000 	/usr/lib/system/libremovefile.dylib
0x00007fff70346000 	/usr/lib/system/libsystem_asl.dylib
0x00007fff7035e000 	/usr/lib/system/libsystem_blocks.dylib
0x00007fff7035f000 	/usr/lib/system/libsystem_c.dylib
0x00007fff703e7000 	/usr/lib/system/libsystem_configuration.dylib
0x00007fff703eb000 	/usr/lib/system/libsystem_coreservices.dylib
0x00007fff703ef000 	/usr/lib/system/libsystem_darwin.dylib
0x00007fff703f8000 	/usr/lib/system/libsystem_dnssd.dylib
0x00007fff70400000 	/usr/lib/system/libsystem_featureflags.dylib
0x00007fff70402000 	/usr/lib/system/libsystem_info.dylib
0x00007fff7047d000 	/usr/lib/system/libsystem_m.dylib
0x00007fff704c5000 	/usr/lib/system/libsystem_malloc.dylib
0x00007fff704ed000 	/usr/lib/system/libsystem_networkextension.dylib
0x00007fff704fb000 	/usr/lib/system/libsystem_notify.dylib
0x00007fff70519000 	/usr/lib/system/libsystem_sandbox.dylib
0x00007fff7051e000 	/usr/lib/system/libsystem_secinit.dylib
0x00007fff70450000 	/usr/lib/system/libsystem_kernel.dylib
0x00007fff70505000 	/usr/lib/system/libsystem_platform.dylib
0x00007fff7050e000 	/usr/lib/system/libsystem_pthread.dylib
0x00007fff70521000 	/usr/lib/system/libsystem_symptoms.dylib
0x00007fff70529000 	/usr/lib/system/libsystem_trace.dylib
0x00007fff70541000 	/usr/lib/system/libunwind.dylib
0x00007fff70547000 	/usr/lib/system/libxpc.dylib
0x00007fff6d62d000 	/usr/lib/libc++abi.dylib
0x00007fff6e431000 	/usr/lib/liblzma.5.dylib
0x00007fff6e0ac000 	/usr/lib/libfakelink.dylib
0x00007fff6d3e6000 	/usr/lib/libarchive.2.dylib
0x00007fff43c25000 	/System/Library/Frameworks/SystemConfiguration.framework/Versions/A/SystemConfiguration
0x00007fff6cd51000 	/usr/lib/libCRFSuite.dylib
0x00007fff34a90000 	/System/Library/Frameworks/CFNetwork.framework/Versions/A/CFNetwork
0x00007fff6d5bc000 	/usr/lib/libbsm.0.dylib
0x00007fff7032d000 	/usr/lib/system/libkxld.dylib
0x00007fff49b62000 	/System/Library/PrivateFrameworks/AppleFSCompression.framework/Versions/A/AppleFSCompression
0x00007fff6d947000 	/usr/lib/libcoretls.dylib
0x00007fff6d95e000 	/usr/lib/libcoretls_cfhelpers.dylib
0x00007fff6f19a000 	/usr/lib/libpam.2.dylib
0x00007fff6f2cf000 	/usr/lib/libsqlite3.dylib
0x00007fff6f70e000 	/usr/lib/libxar.1.dylib
0x00007fff6d5cd000 	/usr/lib/libbz2.1.0.dylib
0x00007fff6e0cd000 	/usr/lib/libiconv.2.dylib
0x00007fff6d643000 	/usr/lib/libcharset.1.dylib
0x00007fff6ec37000 	/usr/lib/libnetwork.dylib
0x00007fff6f1a1000 	/usr/lib/libpcap.A.dylib
0x00007fff6d39b000 	/usr/lib/libapple_nghttp2.dylib
0x00007fff379c0000 	/System/Library/Frameworks/CoreServices.framework/Versions/A/Frameworks/FSEvents.framework/Versions/A/FSEvents
0x00007fff37690000 	/System/Library/Frameworks/CoreServices.framework/Versions/A/Frameworks/CarbonCore.framework/Versions/A/CarbonCore
0x00007fff37c04000 	/System/Library/Frameworks/CoreServices.framework/Versions/A/Frameworks/Metadata.framework/Versions/A/Metadata
0x00007fff37c9d000 	/System/Library/Frameworks/CoreServices.framework/Versions/A/Frameworks/OSServices.framework/Versions/A/OSServices
0x00007fff37ccb000 	/System/Library/Frameworks/CoreServices.framework/Versions/A/Frameworks/SearchKit.framework/Versions/A/SearchKit
0x00007fff3760a000 	/System/Library/Frameworks/CoreServices.framework/Versions/A/Frameworks/AE.framework/Versions/A/AE
0x00007fff379c9000 	/System/Library/Frameworks/CoreServices.framework/Versions/A/Frameworks/LaunchServices.framework/Versions/A/LaunchServices
0x00007fff37972000 	/System/Library/Frameworks/CoreServices.framework/Versions/A/Frameworks/DictionaryServices.framework/Versions/A/DictionaryServices
0x00007fff37d33000 	/System/Library/Frameworks/CoreServices.framework/Versions/A/Frameworks/SharedFileList.framework/Versions/A/SharedFileList
0x00007fff3cbc2000 	/System/Library/Frameworks/NetFS.framework/Versions/A/NetFS
0x00007fff5d8a9000 	/System/Library/PrivateFrameworks/NetAuth.framework/Versions/A/NetAuth
0x00007fff6a231000 	/System/Library/PrivateFrameworks/login.framework/Versions/A/Frameworks/loginsupport.framework/Versions/A/loginsupport
0x00007fff66b3f000 	/System/Library/PrivateFrameworks/TCC.framework/Versions/A/TCC
0x00007fff4e793000 	/System/Library/PrivateFrameworks/CoreNLP.framework/Versions/A/CoreNLP
0x00007fff5cda6000 	/System/Library/PrivateFrameworks/MetadataUtilities.framework/Versions/A/MetadataUtilities
0x00007fff6e509000 	/usr/lib/libmecabra.dylib
0x00007fff6e461000 	/usr/lib/libmecab.dylib
0x00007fff6e0bd000 	/usr/lib/libgermantok.dylib
0x00007fff6d382000 	/usr/lib/libThaiTokenizer.dylib
0x00007fff6cd88000 	/usr/lib/libChineseTokenizer.dylib
0x00007fff31ec0000 	/System/Library/Frameworks/Accelerate.framework/Versions/A/Frameworks/vImage.framework/Versions/A/vImage
0x00007fff3332a000 	/System/Library/Frameworks/Accelerate.framework/Versions/A/Frameworks/vecLib.framework/Versions/A/vecLib
0x00007fff33267000 	/System/Library/Frameworks/Accelerate.framework/Versions/A/Frameworks/vecLib.framework/Versions/A/libvMisc.dylib
0x00007fff3308f000 	/System/Library/Frameworks/Accelerate.framework/Versions/A/Frameworks/vecLib.framework/Versions/A/libvDSP.dylib
0x00007fff32517000 	/System/Library/Frameworks/Accelerate.framework/Versions/A/Frameworks/vecLib.framework/Versions/A/libBLAS.dylib
0x00007fff32c53000 	/System/Library/Frameworks/Accelerate.framework/Versions/A/Frameworks/vecLib.framework/Versions/A/libLAPACK.dylib
0x00007fff32fef000 	/System/Library/Frameworks/Accelerate.framework/Versions/A/Frameworks/vecLib.framework/Versions/A/libLinearAlgebra.dylib
0x00007fff3307c000 	/System/Library/Frameworks/Accelerate.framework/Versions/A/Frameworks/vecLib.framework/Versions/A/libSparseBLAS.dylib
0x00007fff33005000 	/System/Library/Frameworks/Accelerate.framework/Versions/A/Frameworks/vecLib.framework/Versions/A/libQuadrature.dylib
0x00007fff3277f000 	/System/Library/Frameworks/Accelerate.framework/Versions/A/Frameworks/vecLib.framework/Versions/A/libBNNS.dylib
0x00007fff3300b000 	/System/Library/Frameworks/Accelerate.framework/Versions/A/Frameworks/vecLib.framework/Versions/A/libSparse.dylib
0x00007fff5b91a000 	/System/Library/PrivateFrameworks/LanguageModeling.framework/Versions/A/LanguageModeling
0x00007fff4e143000 	/System/Library/PrivateFrameworks/CoreEmoji.framework/Versions/A/CoreEmoji
0x00007fff5ba38000 	/System/Library/PrivateFrameworks/LinguisticData.framework/Versions/A/LinguisticData
0x00007fff5b9e9000 	/System/Library/PrivateFrameworks/Lexicon.framework/Versions/A/Lexicon
0x00007fff6d644000 	/usr/lib/libcmph.dylib
0x00007fff3f7b1000 	/System/Library/Frameworks/OpenDirectory.framework/Versions/A/Frameworks/CFOpenDirectory.framework/Versions/A/CFOpenDirectory
0x00007fff3f7ce000 	/System/Library/Frameworks/OpenDirectory.framework/Versions/A/OpenDirectory
0x00007fff47c0f000 	/System/Library/PrivateFrameworks/APFS.framework/Versions/A/APFS
0x00007fff42ebe000 	/System/Library/Frameworks/SecurityFoundation.framework/Versions/A/SecurityFoundation
0x00007fff6f70a000 	/usr/lib/libutil.dylib
0x00007fff4f678000 	/System/Library/PrivateFrameworks/CoreServicesStore.framework/Versions/A/CoreServicesStore
0x00007fff42f75000 	/System/Library/Frameworks/ServiceManagement.framework/Versions/A/ServiceManagement
0x00007fff4b332000 	/System/Library/PrivateFrameworks/BackgroundTaskManagement.framework/Versions/A/BackgroundTaskManagement
0x00007fff6f807000 	/usr/lib/libxslt.1.dylib
0x00007fff4a1d5000 	/System/Library/PrivateFrameworks/AppleSystemInfo.framework/Versions/A/AppleSystemInfo
0x00007fff39368000 	/System/Library/Frameworks/ImageIO.framework/Versions/A/Resources/libJPEG.dylib
0x00007fff39626000 	/System/Library/Frameworks/ImageIO.framework/Versions/A/Resources/libTIFF.dylib
0x00007fff39609000 	/System/Library/Frameworks/ImageIO.framework/Versions/A/Resources/libPng.dylib
0x00007fff392aa000 	/System/Library/Frameworks/ImageIO.framework/Versions/A/Resources/libGIF.dylib
0x00007fff392ae000 	/System/Library/Frameworks/ImageIO.framework/Versions/A/Resources/libJP2.dylib
0x00007fff39624000 	/System/Library/Frameworks/ImageIO.framework/Versions/A/Resources/libRadiance.dylib
0x00007fff6e086000 	/usr/lib/libexpat.1.dylib
0x00007fff49cbd000 	/System/Library/PrivateFrameworks/AppleJPEG.framework/Versions/A/AppleJPEG
0x00007fff5298e000 	/System/Library/PrivateFrameworks/FontServices.framework/libFontParser.dylib
0x00007fff69233000 	/System/Library/PrivateFrameworks/WatchdogClient.framework/Versions/A/WatchdogClient
0x00007fff5af75000 	/System/Library/PrivateFrameworks/IOAccelerator.framework/Versions/A/IOAccelerator
0x00007fff3bb33000 	/System/Library/Frameworks/MetalPerformanceShaders.framework/Versions/A/MetalPerformanceShaders
0x00007fff5770b000 	/System/Library/PrivateFrameworks/GPUWrangler.framework/Versions/A/GPUWrangler
0x00007fff5af8a000 	/System/Library/PrivateFrameworks/IOPresentment.framework/Versions/A/IOPresentment
0x00007fff501f8000 	/System/Library/PrivateFrameworks/DSExternalDisplay.framework/Versions/A/DSExternalDisplay
0x00007fff40142000 	/System/Library/Frameworks/OpenGL.framework/Versions/A/Libraries/libCoreFSCache.dylib
0x00007fff3b87f000 	/System/Library/Frameworks/MetalPerformanceShaders.framework/Frameworks/MPSCore.framework/Versions/A/MPSCore
0x00007fff3b8bd000 	/System/Library/Frameworks/MetalPerformanceShaders.framework/Frameworks/MPSImage.framework/Versions/A/MPSImage
0x00007fff3b984000 	/System/Library/Frameworks/MetalPerformanceShaders.framework/Frameworks/MPSNeuralNetwork.framework/Versions/A/MPSNeuralNetwork
0x00007fff3b948000 	/System/Library/Frameworks/MetalPerformanceShaders.framework/Frameworks/MPSMatrix.framework/Versions/A/MPSMatrix
0x00007fff3bae3000 	/System/Library/Frameworks/MetalPerformanceShaders.framework/Frameworks/MPSRayIntersector.framework/Versions/A/MPSRayIntersector
0x00007fff3b96e000 	/System/Library/Frameworks/MetalPerformanceShaders.framework/Frameworks/MPSNDArray.framework/Versions/A/MPSNDArray
0x00007fff5cdf3000 	/System/Library/PrivateFrameworks/MetalTools.framework/Versions/A/MetalTools
0x00007fff48de9000 	/System/Library/PrivateFrameworks/AggregateDictionary.framework/Versions/A/AggregateDictionary
0x00007fff4db8b000 	/System/Library/PrivateFrameworks/CoreAnalytics.framework/Versions/A/CoreAnalytics
0x00007fff4a0f4000 	/System/Library/PrivateFrameworks/AppleSauce.framework/Versions/A/AppleSauce
0x00007fff6d044000 	/usr/lib/libIOReport.dylib
0x00007fff38234000 	/System/Library/Frameworks/CoreVideo.framework/Versions/A/CoreVideo
0x00007fff58b84000 	/System/Library/PrivateFrameworks/GraphVisualizer.framework/Versions/A/GraphVisualizer
0x00007fff51ed4000 	/System/Library/PrivateFrameworks/FaceCore.framework/Versions/A/FaceCore
0x00007fff3f758000 	/System/Library/Frameworks/OpenCL.framework/Versions/A/OpenCL
0x00007fff6ce66000 	/usr/lib/libFosl_dynamic.dylib
0x00007fff5e2c9000 	/System/Library/PrivateFrameworks/OTSVG.framework/Versions/A/OTSVG
0x00007fff343e9000 	/System/Library/Frameworks/ApplicationServices.framework/Versions/A/Frameworks/ATS.framework/Versions/A/Resources/libFontRegistry.dylib
0x00007fff52b5f000 	/System/Library/PrivateFrameworks/FontServices.framework/libhvf.dylib
0x00007fff4014d000 	/System/Library/Frameworks/OpenGL.framework/Versions/A/Libraries/libGFXShared.dylib
0x00007fff4032b000 	/System/Library/Frameworks/OpenGL.framework/Versions/A/Libraries/libGLU.dylib
0x00007fff40156000 	/System/Library/Frameworks/OpenGL.framework/Versions/A/Libraries/libGL.dylib
0x00007fff40161000 	/System/Library/Frameworks/OpenGL.framework/Versions/A/Libraries/libGLImage.dylib
0x00007fff4013f000 	/System/Library/Frameworks/OpenGL.framework/Versions/A/Libraries/libCVMSPluginSupport.dylib
0x00007fff40148000 	/System/Library/Frameworks/OpenGL.framework/Versions/A/Libraries/libCoreVMClient.dylib
0x00007fff6ead8000 	/usr/lib/libncurses.5.4.dylib
0x00007fff342e5000 	/System/Library/Frameworks/ApplicationServices.framework/Versions/A/Frameworks/ATS.framework/Versions/A/ATS
0x00007fff344b2000 	/System/Library/Frameworks/ApplicationServices.framework/Versions/A/Frameworks/ColorSyncLegacy.framework/Versions/A/ColorSyncLegacy
0x00007fff34550000 	/System/Library/Frameworks/ApplicationServices.framework/Versions/A/Frameworks/HIServices.framework/Versions/A/HIServices
0x00007fff345a8000 	/System/Library/Frameworks/ApplicationServices.framework/Versions/A/Frameworks/LangAnalysis.framework/Versions/A/LangAnalysis
0x00007fff345b7000 	/System/Library/Frameworks/ApplicationServices.framework/Versions/A/Frameworks/PrintCore.framework/Versions/A/PrintCore
0x00007fff345fd000 	/System/Library/Frameworks/ApplicationServices.framework/Versions/A/Frameworks/QD.framework/Versions/A/QD
0x00007fff34608000 	/System/Library/Frameworks/ApplicationServices.framework/Versions/A/Frameworks/SpeechSynthesis.framework/Versions/A/SpeechSynthesis
0x00007fff34482000 	/System/Library/Frameworks/ApplicationServices.framework/Versions/A/Frameworks/ATSUI.framework/Versions/A/ATSUI
0x00007fff6df1c000 	/usr/lib/libcups.2.dylib
0x00007fff3abce000 	/System/Library/Frameworks/Kerberos.framework/Versions/A/Kerberos
0x00007fff38d10000 	/System/Library/Frameworks/GSS.framework/Versions/A/GSS
0x00007fff6f25b000 	/usr/lib/libresolv.9.dylib
0x00007fff58d31000 	/System/Library/PrivateFrameworks/Heimdal.framework/Versions/A/Heimdal
0x00007fff3abe1000 	/System/Library/Frameworks/Kerberos.framework/Versions/A/Libraries/libHeimdalProxy.dylib
0x00007fff6e0c3000 	/usr/lib/libheimdal-asn1.dylib
0x00007fff4d023000 	/System/Library/PrivateFrameworks/CommonAuth.framework/Versions/A/CommonAuth
0x00007fff4a272000 	/System/Library/PrivateFrameworks/AssertionServices.framework/Versions/A/AssertionServices
0x00007fff4ae15000 	/System/Library/PrivateFrameworks/AudioToolboxCore.framework/Versions/A/AudioToolboxCore
0x00007fff69ee1000 	/System/Library/PrivateFrameworks/caulk.framework/Versions/A/caulk
0x00007fff4b3de000 	/System/Library/PrivateFrameworks/BaseBoard.framework/Versions/A/BaseBoard
0x00007fff6252c000 	/System/Library/PrivateFrameworks/RunningBoardServices.framework/Versions/A/RunningBoardServices
0x00007fff5f53d000 	/System/Library/PrivateFrameworks/PersistentConnection.framework/Versions/A/PersistentConnection
0x00007fff61f25000 	/System/Library/PrivateFrameworks/ProtocolBuffer.framework/Versions/A/ProtocolBuffer
0x00007fff4d047000 	/System/Library/PrivateFrameworks/CommonUtilities.framework/Versions/A/CommonUtilities
0x00007fff4b56c000 	/System/Library/PrivateFrameworks/Bom.framework/Versions/A/Bom
0x00007fff6cd17000 	/usr/lib/libAudioToolboxUtility.dylib
0x00007fff4b33c000 	/System/Library/PrivateFrameworks/Backup.framework/Versions/A/Backup
0x00007fff50119000 	/System/Library/PrivateFrameworks/CrashReporterSupport.framework/Versions/A/CrashReporterSupport
0x00007fff63fbe000 	/System/Library/PrivateFrameworks/Sharing.framework/Versions/A/Sharing
0x00007fff49880000 	/System/Library/PrivateFrameworks/Apple80211.framework/Versions/A/Apple80211
0x00007fff4b059000 	/System/Library/PrivateFrameworks/AuthKit.framework/Versions/A/AuthKit
0x00007fff4fe26000 	/System/Library/PrivateFrameworks/CoreUtils.framework/Versions/A/CoreUtils
0x00007fff38279000 	/System/Library/Frameworks/CoreWLAN.framework/Versions/A/CoreWLAN
0x00007fff38e9d000 	/System/Library/Frameworks/IOBluetooth.framework/Versions/A/IOBluetooth
0x00007fff5d0f8000 	/System/Library/PrivateFrameworks/MobileKeyBag.framework/Versions/A/MobileKeyBag
0x00007fff4ec2b000 	/System/Library/PrivateFrameworks/CorePhoneNumbers.framework/Versions/A/CorePhoneNumbers
0x00007fff49c70000 	/System/Library/PrivateFrameworks/AppleIDAuthSupport.framework/Versions/A/AppleIDAuthSupport
0x00007fff3cbcf000 	/System/Library/Frameworks/Network.framework/Versions/A/Network
0x00007fff5b7c6000 	/System/Library/PrivateFrameworks/KeychainCircle.framework/Versions/A/KeychainCircle
0x00007fff35cca000 	/System/Library/Frameworks/CoreBluetooth.framework/Versions/A/CoreBluetooth
0x00007fff6603d000 	/System/Library/PrivateFrameworks/SpeechRecognitionCore.framework/Versions/A/SpeechRecognitionCore
0x0000000109800000 	/Library/Java/JavaVirtualMachines/jdk1.8.0_251.jdk/Contents/Home/jre/lib/server/libjvm.dylib
0x00007fff6f5dd000 	/usr/lib/libstdc++.6.dylib
0x0000000108f85000 	/Library/Java/JavaVirtualMachines/jdk1.8.0_251.jdk/Contents/Home/jre/lib/libverify.dylib
0x0000000108f93000 	/Library/Java/JavaVirtualMachines/jdk1.8.0_251.jdk/Contents/Home/jre/lib/libjava.dylib
0x0000000108fd3000 	/Library/Java/JavaVirtualMachines/jdk1.8.0_251.jdk/Contents/Home/jre/lib/libzip.dylib
0x0000000111bdd000 	/Library/Java/JavaVirtualMachines/jdk1.8.0_251.jdk/Contents/Home/jre/lib/libawt.dylib
0x0000000111c86000 	/Library/Java/JavaVirtualMachines/jdk1.8.0_251.jdk/Contents/Home/jre/lib/libmlib_image.dylib
0x00007fff3abb8000 	/System/Library/Frameworks/JavaVM.framework/Versions/A/Frameworks/JavaNativeFoundation.framework/Versions/A/JavaNativeFoundation
0x00007fff3abc1000 	/System/Library/Frameworks/JavaVM.framework/Versions/A/Frameworks/JavaRuntimeSupport.framework/Versions/A/JavaRuntimeSupport
0x00007fff3abc9000 	/System/Library/Frameworks/JavaVM.framework/Versions/A/JavaVM
0x00007fff5b5dd000 	/System/Library/PrivateFrameworks/JavaLaunching.framework/Versions/A/JavaLaunching
0x00007fff34e9b000 	/System/Library/Frameworks/Carbon.framework/Versions/A/Carbon
0x00007fff4fbcb000 	/System/Library/PrivateFrameworks/CoreSymbolication.framework/Versions/A/CoreSymbolication
0x00007fff34e9c000 	/System/Library/Frameworks/Carbon.framework/Versions/A/Frameworks/CommonPanels.framework/Versions/A/CommonPanels
0x00007fff35195000 	/System/Library/Frameworks/Carbon.framework/Versions/A/Frameworks/Help.framework/Versions/A/Help
0x00007fff35199000 	/System/Library/Frameworks/Carbon.framework/Versions/A/Frameworks/ImageCapture.framework/Versions/A/ImageCapture
0x00007fff351a0000 	/System/Library/Frameworks/Carbon.framework/Versions/A/Frameworks/OpenScripting.framework/Versions/A/OpenScripting
0x00007fff3519f000 	/System/Library/Frameworks/Carbon.framework/Versions/A/Frameworks/Ink.framework/Versions/A/Ink
0x00007fff351db000 	/System/Library/Frameworks/Carbon.framework/Versions/A/Frameworks/Print.framework/Versions/A/Print
0x00007fff351dc000 	/System/Library/Frameworks/Carbon.framework/Versions/A/Frameworks/SecurityHI.framework/Versions/A/SecurityHI
0x00007fff5034d000 	/System/Library/PrivateFrameworks/DebugSymbols.framework/Versions/A/DebugSymbols
0x0000000111d52000 	/Library/Java/JavaVirtualMachines/jdk1.8.0_251.jdk/Contents/Home/jre/lib/libawt_lwawt.dylib
0x0000000111e0d000 	/Library/Java/JavaVirtualMachines/jdk1.8.0_251.jdk/Contents/Home/jre/lib/libosxapp.dylib
0x00007fff38779000 	/System/Library/Frameworks/ExceptionHandling.framework/Versions/A/ExceptionHandling
0x00007fff4f644000 	/System/Library/PrivateFrameworks/CoreServicesInternal.framework/Versions/A/CoreServicesInternal
0x00007fff38798000 	/System/Library/Frameworks/FileProvider.framework/Versions/A/FileProvider
0x00007fff3332b000 	/System/Library/Frameworks/Accounts.framework/Versions/A/Accounts
0x00007fff57a30000 	/System/Library/PrivateFrameworks/GenerationalStorage.framework/Versions/A/GenerationalStorage
0x00007fff6687f000 	/System/Library/PrivateFrameworks/SymptomDiagnosticReporter.framework/Versions/A/SymptomDiagnosticReporter
0x00007fff49384000 	/System/Library/PrivateFrameworks/AppContainer.framework/Versions/A/AppContainer
0x00007fff6f275000 	/usr/lib/libsandbox.1.dylib
0x00007fff681d7000 	/System/Library/PrivateFrameworks/UserManagement.framework/Versions/A/UserManagement
0x00007fff4c128000 	/System/Library/PrivateFrameworks/ChunkingLibrary.framework/Versions/A/ChunkingLibrary
0x00007fff493f6000 	/System/Library/PrivateFrameworks/AppSandbox.framework/Versions/A/AppSandbox
0x00007fff63e48000 	/System/Library/PrivateFrameworks/SecCodeWrapper.framework/Versions/A/SecCodeWrapper
0x00007fff6d12c000 	/usr/lib/libMatch.1.dylib
0x00007fff29313000 	/System/Library/CoreServices/RawCamera.bundle/Contents/MacOS/RawCamera
0x00007fff5cf22000 	/System/Library/PrivateFrameworks/MobileAsset.framework/Versions/A/MobileAsset
0x00007fff66727000 	/System/Library/PrivateFrameworks/StreamingZip.framework/Versions/A/StreamingZip
0x00007fff3b049000 	/System/Library/Frameworks/MediaToolbox.framework/Versions/A/MediaToolbox
0x00007fff4db3b000 	/System/Library/PrivateFrameworks/CoreAVCHD.framework/Versions/A/CoreAVCHD
0x00007fff3af73000 	/System/Library/Frameworks/MediaAccessibility.framework/Versions/A/MediaAccessibility
0x00007fff5c2d6000 	/System/Library/PrivateFrameworks/Mangrove.framework/Versions/A/Mangrove
0x00007fff37441000 	/System/Library/Frameworks/CoreMedia.framework/Versions/A/CoreMedia
0x00007fff5c542000 	/System/Library/PrivateFrameworks/MediaExperience.framework/Versions/A/MediaExperience
0x00007fff43f1f000 	/System/Library/Frameworks/VideoToolbox.framework/Versions/A/VideoToolbox
0x00007fff4d765000 	/System/Library/PrivateFrameworks/CoreAUC.framework/Versions/A/CoreAUC
0x00007fff6f2cd000 	/usr/lib/libspindump.dylib
0x00007fff4a7c4000 	/System/Library/PrivateFrameworks/AudioResourceArbitration.framework/Versions/A/AudioResourceArbitration
0x00007fff4a1d9000 	/System/Library/PrivateFrameworks/AppleVA.framework/Versions/A/AppleVA
0x00007fff31ea9000 	/System/Library/Frameworks/Accelerate.framework/Versions/A/Frameworks/vImage.framework/Versions/A/Libraries/libCGInterfaces.dylib
0x00000001128cf000 	/usr/lib/libobjc-trampolines.dylib
0x00007fff52ac6000 	/System/Library/PrivateFrameworks/FontServices.framework/libTrueTypeScaler.dylib
0x00007fff3002a000 	/System/Library/Extensions/AppleIntelSKLGraphicsMTLDriver.bundle/Contents/MacOS/AppleIntelSKLGraphicsMTLDriver
0x00007fff56050000 	/System/Library/PrivateFrameworks/GPUCompiler.framework/Versions/3902/Libraries/libmetal_timestamp.dylib
0x00007fff522fe000 	/System/Library/PrivateFrameworks/FamilyControls.framework/Versions/A/FamilyControls
0x00007fff4d017000 	/System/Library/PrivateFrameworks/CommerceKit.framework/Versions/A/Frameworks/CommerceCore.framework/Versions/A/CommerceCore
0x00007fff668f9000 	/System/Library/PrivateFrameworks/SystemAdministration.framework/Versions/A/SystemAdministration
0x00007fff5088b000 	/System/Library/PrivateFrameworks/DiskManagement.framework/Versions/A/DiskManagement
0x00007fff384c2000 	/System/Library/Frameworks/DirectoryService.framework/Versions/A/DirectoryService
0x00007fff507c2000 	/System/Library/PrivateFrameworks/DiskImages.framework/Versions/A/DiskImages
0x00007fff5bae1000 	/System/Library/PrivateFrameworks/LoginUIKit.framework/Versions/A/Frameworks/LoginUICore.framework/Versions/A/LoginUICore
0x00007fff6cd93000 	/usr/lib/libCoreStorage.dylib
0x00007fff6df09000 	/usr/lib/libcsfde.dylib
0x00007fff6f188000 	/usr/lib/libodfde.dylib
0x00007fff5c5cd000 	/System/Library/PrivateFrameworks/MediaKit.framework/Versions/A/MediaKit
0x00007fff384ce000 	/System/Library/Frameworks/DiscRecording.framework/Versions/A/DiscRecording
0x00007fff50a41000 	/System/Library/PrivateFrameworks/EFILogin.framework/Versions/A/EFILogin
0x00007fff61eca000 	/System/Library/PrivateFrameworks/ProtectedCloudStorage.framework/Versions/A/ProtectedCloudStorage
0x00007fff6df7d000 	/usr/lib/libcurl.4.dylib
0x00007fff6de02000 	/usr/lib/libcrypto.44.dylib
0x00007fff6f5ad000 	/usr/lib/libssl.46.dylib
0x00007fff3abe2000 	/System/Library/Frameworks/LDAP.framework/Versions/A/LDAP
0x00007fff672d1000 	/System/Library/PrivateFrameworks/TrustEvaluationAgent.framework/Versions/A/TrustEvaluationAgent
0x00007fff6f2ba000 	/usr/lib/libsasl2.2.dylib
0x00007fff4deb7000 	/System/Library/PrivateFrameworks/CoreDaemon.framework/Versions/B/CoreDaemon
0x00007fff4a0ef000 	/System/Library/PrivateFrameworks/AppleSRP.framework/Versions/A/AppleSRP
0x00007fff68fa3000 	/System/Library/PrivateFrameworks/ViewBridge.framework/Versions/A/ViewBridge
0x00007fff6a234000 	/System/Library/PrivateFrameworks/login.framework/Versions/A/login
0x00007fff40db3000 	/System/Library/Frameworks/OpenGL.framework/Versions/A/Resources/GLEngine.bundle/GLEngine
0x00007fff40196000 	/System/Library/Frameworks/OpenGL.framework/Versions/A/Libraries/libGLProgrammability.dylib
0x00007fff2f021000 	/System/Library/Extensions/AppleIntelSKLGraphicsGLDriver.bundle/Contents/MacOS/AppleIntelSKLGraphicsGLDriver
0x00007fff576ff000 	/System/Library/PrivateFrameworks/GPUSupport.framework/Versions/A/Libraries/libGPUSupportMercury.dylib
0x00007fff40f2d000 	/System/Library/Frameworks/OpenGL.framework/Versions/A/Resources/GLRendererFloat.bundle/GLRendererFloat
0x00007fff3f74f000 	/System/Library/Frameworks/OpenCL.framework/Versions/A/Libraries/libcldcpuengine.dylib
0x0000000123b2f000 	/Library/Java/JavaVirtualMachines/jdk1.8.0_251.jdk/Contents/Home/jre/lib/libfontmanager.dylib
0x00007fff58bb0000 	/System/Library/PrivateFrameworks/HDRProcessing.framework/Versions/A/HDRProcessing
0x0000000124ba7000 	/Library/Java/JavaVirtualMachines/jdk1.8.0_251.jdk/Contents/Home/jre/lib/libosxui.dylib
0x0000000124f84000 	/Library/Java/JavaVirtualMachines/jdk1.8.0_251.jdk/Contents/Home/jre/lib/libnet.dylib
0x0000000124edd000 	/Library/Java/JavaVirtualMachines/jdk1.8.0_251.jdk/Contents/Home/jre/lib/libnio.dylib
0x0000000124c4a000 	/private/var/folders/y9/3jr7bys57jzblxxtts1yf0b00000gn/T/jogamp_0000/file_cache/jln6976989838854344342/jln3933673286523810610/libgluegen-rt.jnilib
0x0000000124f2c000 	/private/var/folders/y9/3jr7bys57jzblxxtts1yf0b00000gn/T/jogamp_0000/file_cache/jln6976989838854344342/jln3933673286523810610/libnativewindow_awt.jnilib
0x0000000192dba000 	/Library/Java/JavaVirtualMachines/jdk1.8.0_251.jdk/Contents/Home/jre/lib/libjawt.dylib
0x0000000192dbd000 	/private/var/folders/y9/3jr7bys57jzblxxtts1yf0b00000gn/T/jogamp_0000/file_cache/jln6976989838854344342/jln3933673286523810610/libnativewindow_macosx.jnilib
0x0000000192dc7000 	/private/var/folders/y9/3jr7bys57jzblxxtts1yf0b00000gn/T/jogamp_0000/file_cache/jln6976989838854344342/jln3933673286523810610/libjogl_desktop.jnilib
0x000000019ccee000 	/Library/Java/JavaVirtualMachines/jdk1.8.0_251.jdk/Contents/Home/jre/lib/libt2k.dylib

VM Arguments:
jvm_args: -Djava.security.policy=java.policy.applet -Dfile.encoding=UTF-8 
java_command: sun.applet.AppletViewer module6.EarthquakeCityMap1596140535564.html
java_class_path (initial): /Users/jasonli/eclipse-workspace/UCSDUnfoldingMaps/build:/Users/jasonli/eclipse-workspace/UCSDUnfoldingMaps/lib/core.jar:/Users/jasonli/eclipse-workspace/UCSDUnfoldingMaps/lib/gluegen-rt.jar:/Users/jasonli/eclipse-workspace/UCSDUnfoldingMaps/lib/jogl-all.jar:/Users/jasonli/eclipse-workspace/UCSDUnfoldingMaps/lib/log4j-1.2.15.jar:/Users/jasonli/eclipse-workspace/UCSDUnfoldingMaps/lib/sqlite-jdbc-3.7.2.jar:/Users/jasonli/eclipse-workspace/UCSDUnfoldingMaps/lib/json4processing.jar:/Users/jasonli/eclipse-workspace/UCSDUnfoldingMaps/lib/libTUIO.jar:/Users/jasonli/eclipse-workspace/UCSDUnfoldingMaps/lib/unfolding.0.9.7-uscd.jar
Launcher Type: SUN_STANDARD

Environment Variables:
PATH=/usr/bin:/bin:/usr/sbin:/sbin
SHELL=/bin/zsh

Signal Handlers:
SIGSEGV: [libjvm.dylib+0x5bc2ff], sa_mask[0]=11111111011111110111111111111111, sa_flags=SA_ONSTACK|SA_RESTART|SA_SIGINFO
SIGBUS: [libjvm.dylib+0x5bc2ff], sa_mask[0]=11111111011111110111111111111111, sa_flags=SA_RESTART|SA_SIGINFO
SIGFPE: [libjvm.dylib+0x48d41c], sa_mask[0]=11111111011111110111111111111111, sa_flags=SA_RESTART|SA_SIGINFO
SIGPIPE: [libjvm.dylib+0x48d41c], sa_mask[0]=11111111011111110111111111111111, sa_flags=SA_RESTART|SA_SIGINFO
SIGXFSZ: [libjvm.dylib+0x48d41c], sa_mask[0]=11111111011111110111111111111111, sa_flags=SA_RESTART|SA_SIGINFO
SIGILL: [libjvm.dylib+0x48d41c], sa_mask[0]=11111111011111110111111111111111, sa_flags=SA_RESTART|SA_SIGINFO
SIGUSR1: SIG_DFL, sa_mask[0]=00000000000000000000000000000000, sa_flags=none
SIGUSR2: [libjvm.dylib+0x48cf3a], sa_mask[0]=00100000000000000000000000000000, sa_flags=SA_RESTART|SA_SIGINFO
SIGHUP: [libjvm.dylib+0x48b4c5], sa_mask[0]=11111111011111110111111111111111, sa_flags=SA_RESTART|SA_SIGINFO
SIGINT: [libjvm.dylib+0x48b4c5], sa_mask[0]=11111111011111110111111111111111, sa_flags=SA_RESTART|SA_SIGINFO
SIGTERM: [libjvm.dylib+0x48b4c5], sa_mask[0]=11111111011111110111111111111111, sa_flags=SA_RESTART|SA_SIGINFO
SIGQUIT: [libjvm.dylib+0x48b4c5], sa_mask[0]=11111111011111110111111111111111, sa_flags=SA_RESTART|SA_SIGINFO


---------------  S Y S T E M  ---------------

OS:Bsduname:Darwin 19.6.0 Darwin Kernel Version 19.6.0: Sun Jul  5 00:43:10 PDT 2020; root:xnu-6153.141.1~9/RELEASE_X86_64 x86_64
rlimit: STACK 8192k, CORE 0k, NPROC 1392, NOFILE 10240, AS infinity
load average:2.67 2.79 2.71

CPU:total 4 (initial active 4) (2 cores per cpu, 2 threads per core) family 6 model 78 stepping 3, cmov, cx8, fxsr, mmx, sse, sse2, sse3, ssse3, sse4.1, sse4.2, popcnt, avx, avx2, aes, clmul, erms, 3dnowpref, lzcnt, ht, tsc, tscinvbit, bmi1, bmi2, adx

Memory: 4k page, physical 8388608k(190060k free)

/proc/meminfo:


vm_info: Java HotSpot(TM) 64-Bit Server VM (25.251-b08) for bsd-amd64 JRE (1.8.0_251-b08), built on Mar 12 2020 02:36:37 by "java_re" with gcc 4.2.1 (Based on Apple Inc. build 5658) (LLVM build 2336.11.00)

time: Thu Jul 30 16:23:14 2020
timezone: EDT
elapsed time: 58 seconds (0d 0h 0m 58s)

