#
# A fatal error has been detected by the Java Runtime Environment:
#
#  SIGSEGV (0xb) at pc=0x00007fff6f15a829, pid=27108, tid=0x0000000000000307
#
# JRE version: Java(TM) SE Runtime Environment (8.0_251-b08) (build 1.8.0_251-b08)
# Java VM: Java HotSpot(TM) 64-Bit Server VM (25.251-b08 mixed mode bsd-amd64 compressed oops)
# Problematic frame:
# C  [libobjc.A.dylib+0x6829]  objc_msgSend+0x29
#
# Failed to write core dump. Core dumps have been disabled. To enable core dumping, try "ulimit -c unlimited" before starting Java again
#
# If you would like to submit a bug report, please visit:
#   http://bugreport.java.com/bugreport/crash.jsp
# The crash happened outside the Java Virtual Machine in native code.
# See problematic frame for where to report the bug.
#

---------------  T H R E A D  ---------------

Current thread (0x00007fb7bb0ae000):  JavaThread "AWT-AppKit" daemon [_thread_in_native, id=775, stack(0x00007ffeecbeb000,0x00007ffeed3eb000)]

siginfo: si_signo: 11 (SIGSEGV), si_code: 1 (SEGV_MAPERR), si_addr: 0x0000000000000000

Registers:
RAX=0x00007fb7bf305a60, RBX=0x000000018c661450, RCX=0x0000000000000001, RDX=0x0000000000000000
RSP=0x00007ffeed3e62a8, RBP=0x00007ffeed3e6360, RSI=0x00007fff7a693742, RDI=0x00007fb7ba7aaf50
R8 =0x0000000000000000, R9 =0x0000000000000031, R10=0x00007fb7ba9e3800, R11=0x0000000000000000
R12=0x0000000000000000, R13=0x0000000190af9f50, R14=0x000000018c661440, R15=0x00007fb7bb0ae000
RIP=0x00007fff6f15a829, EFLAGS=0x0000000000010246, ERR=0x0000000000000004
  TRAPNO=0x000000000000000e

Top of Stack: (sp=0x00007ffeed3e62a8)
0x00007ffeed3e62a8:   000000018c65f157 00007ffeed3e6300
0x00007ffeed3e62b8:   0000000000000003 00007ffeed3e62e0
0x00007ffeed3e62c8:   00000001033433ca 0000000190af9f50
0x00007ffeed3e62d8:   0000000190af9f50 00007fb7bf305a60
0x00007ffeed3e62e8:   000000018c6616a0 000000018c661710
0x00007ffeed3e62f8:   00007fff8db17ff8 00007fff8f405fe8
0x00007ffeed3e6308:   000000018c661450 000000018c661690
0x00007ffeed3e6318:   00007fb7bf305a60 00007fb7ba7aaf50
0x00007ffeed3e6328:   00007fb7ba527830 00007fb7bf305a60
0x00007ffeed3e6338:   00007fb7ba7aaf50 00007ffeed3e63e8
0x00007ffeed3e6348:   00007fb7bb0ae1f8 0000000190af9f50
0x00007ffeed3e6358:   00007ffeed3e6410 00007ffeed3e63d8
0x00007ffeed3e6368:   0000000105c74667 0000000190af9f50
0x00007ffeed3e6378:   00007ffeed3e6410 00007ffeed3e63d8
0x00007ffeed3e6388:   0000000105c743c7 0000000105c74382
0x00007ffeed3e6398:   00007ffeed3e6398 0000000190af9f50
0x00007ffeed3e63a8:   00007ffeed3e6410 0000000190afb778
0x00007ffeed3e63b8:   0000000000000000 0000000190af9f50
0x00007ffeed3e63c8:   0000000000000000 00007ffeed3e63f8
0x00007ffeed3e63d8:   00007ffeed3e6458 0000000105c642bd
0x00007ffeed3e63e8:   0000000742aee398 0000000105c6dd18
0x00007ffeed3e63f8:   00007fb7bf305a60 00007ffeed3e6458
0x00007ffeed3e6408:   00007fb7ba7aaf50 0000000105c6f782
0x00007ffeed3e6418:   00007ffeed3e6418 0000000190afa11a
0x00007ffeed3e6428:   00007ffeed3e6480 0000000190afb778
0x00007ffeed3e6438:   0000000000000000 0000000190afa128
0x00007ffeed3e6448:   00007ffeed3e63f8 00007ffeed3e6468
0x00007ffeed3e6458:   00007ffeed3e64c8 0000000105c642bd
0x00007ffeed3e6468:   00007fb7bf305a60 000000074282b028
0x00007ffeed3e6478:   00007fb7ba7aaf50 000000074282b028
0x00007ffeed3e6488:   00007ffeed3e6488 0000000196a38306
0x00007ffeed3e6498:   00007ffeed3e64d8 0000000196a383c0 

Instructions: (pc=0x00007fff6f15a829)
0x00007fff6f15a809:   01 2e 75 76 49 ba f8 ff ff ff ff 7f 00 00 4c 23
0x00007fff6f15a819:   17 49 89 f3 45 23 5a 18 49 c1 e3 04 4d 03 5a 10
0x00007fff6f15a829:   49 3b 33 75 0a 4d 8b 5b 08 4d 31 d3 41 ff e3 49
0x00007fff6f15a839:   83 3b 01 76 13 49 83 c3 10 49 3b 33 75 f1 4d 8b 

Register to memory mapping:

RAX=0x00007fb7bf305a60 is an unknown value
RBX=0x000000018c661450: Java_jogamp_nativewindow_macosx_OSXUtil_GetScreenRefreshRate0+0x1cf0 in /private/var/folders/y9/3jr7bys57jzblxxtts1yf0b00000gn/T/jogamp_0000/file_cache/jln8462183138063791786/jln8987160641222829708/libnativewindow_macosx.jnilib at 0x000000018c65a000
RCX=0x0000000000000001 is an unknown value
RDX=0x0000000000000000 is an unknown value
RSP=0x00007ffeed3e62a8 is pointing into the stack for thread: 0x00007fb7bb0ae000
RBP=0x00007ffeed3e6360 is pointing into the stack for thread: 0x00007fb7bb0ae000
RSI=0x00007fff7a693742: GCC_except_table740+0xb50f872 in /usr/lib/libobjc.A.dylib at 0x00007fff6f154000
RDI=0x00007fb7ba7aaf50 is an unknown value
R8 =0x0000000000000000 is an unknown value
R9 =0x0000000000000031 is an unknown value
R10=0x00007fb7ba9e3800 is a thread
R11=0x0000000000000000 is an unknown value
R12=0x0000000000000000 is an unknown value
R13={method} {0x0000000190af9f50} 'UnsetJAWTRootSurfaceLayer0' '(JJ)V' in 'jogamp/nativewindow/jawt/macosx/MacOSXJAWTWindow'
R14=0x000000018c661440: Java_jogamp_nativewindow_macosx_OSXUtil_GetScreenRefreshRate0+0x1ce0 in /private/var/folders/y9/3jr7bys57jzblxxtts1yf0b00000gn/T/jogamp_0000/file_cache/jln8462183138063791786/jln8987160641222829708/libnativewindow_macosx.jnilib at 0x000000018c65a000
R15=0x00007fb7bb0ae000 is a thread


Stack: [0x00007ffeecbeb000,0x00007ffeed3eb000],  sp=0x00007ffeed3e62a8,  free space=8172k
Native frames: (J=compiled Java code, j=interpreted, Vv=VM code, C=native code)
C  [libobjc.A.dylib+0x6829]  objc_msgSend+0x29
j  jogamp.nativewindow.jawt.macosx.MacOSXJAWTWindow.UnsetJAWTRootSurfaceLayer0(JJ)V+0
j  jogamp.nativewindow.jawt.macosx.MacOSXJAWTWindow.access$200(JJ)V+2
j  jogamp.nativewindow.jawt.macosx.MacOSXJAWTWindow$1.run()V+38
J 2637 C1 com.jogamp.common.util.RunnableTask.run()V (345 bytes) @ 0x0000000106042634 [0x00000001060424a0+0x194]
v  ~StubRoutines::call_stub
V  [libjvm.dylib+0x2f09b2]
V  [libjvm.dylib+0x327c14]
V  [libjvm.dylib+0x31a3f7]
C  [libnativewindow_macosx.jnilib+0x5326]  Java_jogamp_nativewindow_jawt_macosx_MacOSXJAWTWindow_UnsetJAWTRootSurfaceLayer0+0x2b6
C  [Foundation+0x9b0dd]  __NSThreadPerformPerform+0xcc
C  [CoreFoundation+0x83d52]  __CFRUNLOOP_IS_CALLING_OUT_TO_A_SOURCE0_PERFORM_FUNCTION__+0x11
C  [CoreFoundation+0x83cf1]  __CFRunLoopDoSource0+0x67
C  [CoreFoundation+0x83b0b]  __CFRunLoopDoSources0+0xd1
C  [CoreFoundation+0x8283a]  __CFRunLoopRun+0x39f
C  [CoreFoundation+0x81e3e]  CFRunLoopRunSpecific+0x1ce
C  [HIToolbox+0x2fabd]  RunCurrentEventLoopInMode+0x124
C  [HIToolbox+0x2f6f4]  ReceiveNextEventCommon+0x167
C  [HIToolbox+0x2f579]  _BlockUntilNextEventMatchingListInModeWithFilter+0x40
C  [AppKit+0x41039]  _DPSNextEvent+0x373
C  [AppKit+0x3f880]  -[NSApplication(NSEvent) _nextEventMatchingEventMask:untilDate:inMode:dequeue:]+0x548
C  [libosxapp.dylib+0x2328]  -[NSApplicationAWT nextEventMatchingMask:untilDate:inMode:dequeue:]+0x7c
C  [AppKit+0x3158e]  -[NSApplication run]+0x292
C  [libosxapp.dylib+0x1f72]  +[NSApplicationAWT runAWTLoopWithApp:]+0x9c
C  [libawt_lwawt.dylib+0x4803b]  -[AWTStarter starter:]+0x389
C  [Foundation+0x9b0dd]  __NSThreadPerformPerform+0xcc
C  [CoreFoundation+0x83d52]  __CFRUNLOOP_IS_CALLING_OUT_TO_A_SOURCE0_PERFORM_FUNCTION__+0x11
C  [CoreFoundation+0x83cf1]  __CFRunLoopDoSource0+0x67
C  [CoreFoundation+0x83b0b]  __CFRunLoopDoSources0+0xd1
C  [CoreFoundation+0x8283a]  __CFRunLoopRun+0x39f
C  [CoreFoundation+0x81e3e]  CFRunLoopRunSpecific+0x1ce
C  [java+0x646e]  CreateExecutionEnvironment+0x367
C  [java+0x203c]  JLI_Launch+0x7a0
C  [java+0x84cb]  main+0x65
C  [java+0x1894]  start+0x34
C  0x0000000000000007

Java frames: (J=compiled Java code, j=interpreted, Vv=VM code)
j  jogamp.nativewindow.jawt.macosx.MacOSXJAWTWindow.UnsetJAWTRootSurfaceLayer0(JJ)V+0
j  jogamp.nativewindow.jawt.macosx.MacOSXJAWTWindow.access$200(JJ)V+2
j  jogamp.nativewindow.jawt.macosx.MacOSXJAWTWindow$1.run()V+38
J 2637 C1 com.jogamp.common.util.RunnableTask.run()V (345 bytes) @ 0x0000000106042634 [0x00000001060424a0+0x194]
v  ~StubRoutines::call_stub

---------------  P R O C E S S  ---------------

Java Threads: ( => current thread )
  0x00007fb7c93df000 JavaThread "Thread-355" [_thread_blocked, id=65795, stack(0x00007000113b2000,0x00007000114b2000)]
  0x00007fb7ba9e3800 JavaThread "AWT-EventQueue-1" [_thread_blocked, id=65307, stack(0x00007000112af000,0x00007000113af000)]
  0x00007fb7bb0fd000 JavaThread "DestroyJavaVM" [_thread_blocked, id=3843, stack(0x000070000f9d8000,0x000070000fad8000)]
  0x00007fb7bc290000 JavaThread "AWT-EventQueue-0" [_thread_blocked, id=58627, stack(0x00007000110a9000,0x00007000111a9000)]
  0x00007fb7bb8df800 JavaThread "Java2D Disposer" daemon [_thread_blocked, id=55815, stack(0x0000700010e20000,0x0000700010f20000)]
  0x00007fb7bc234800 JavaThread "Java2D Queue Flusher" daemon [_thread_blocked, id=53775, stack(0x0000700010d1d000,0x0000700010e1d000)]
  0x00007fb7ba96f000 JavaThread "AWT-Shutdown" [_thread_blocked, id=26395, stack(0x000070001098b000,0x0000700010a8b000)]
=>0x00007fb7bb0ae000 JavaThread "AWT-AppKit" daemon [_thread_in_native, id=775, stack(0x00007ffeecbeb000,0x00007ffeed3eb000)]
  0x00007fb7bb809800 JavaThread "Service Thread" daemon [_thread_blocked, id=17667, stack(0x0000700010702000,0x0000700010802000)]
  0x00007fb7ba81b800 JavaThread "C1 CompilerThread2" daemon [_thread_blocked, id=13827, stack(0x00007000105ff000,0x00007000106ff000)]
  0x00007fb7bc069800 JavaThread "C2 CompilerThread1" daemon [_thread_blocked, id=18179, stack(0x00007000104fc000,0x00007000105fc000)]
  0x00007fb7bc01d800 JavaThread "C2 CompilerThread0" daemon [_thread_blocked, id=18691, stack(0x00007000103f9000,0x00007000104f9000)]
  0x00007fb7bc01c800 JavaThread "Signal Dispatcher" daemon [_thread_blocked, id=19203, stack(0x00007000102f6000,0x00007000103f6000)]
  0x00007fb7ba819000 JavaThread "Finalizer" daemon [_thread_blocked, id=20739, stack(0x00007000100ed000,0x00007000101ed000)]
  0x00007fb7ba80c000 JavaThread "Reference Handler" daemon [_thread_blocked, id=11267, stack(0x000070000ffea000,0x00007000100ea000)]

Other Threads:
  0x00007fb7bb00f800 VMThread [stack: 0x000070000fee7000,0x000070000ffe7000] [id=11011]
  0x00007fb7bb01f800 WatcherThread [stack: 0x0000700010805000,0x0000700010905000] [id=17411]

VM state:not at safepoint (normal execution)

VM Mutex/Monitor currently owned by a thread: None

heap address: 0x0000000740000000, size: 2048 MB, Compressed Oops mode: Zero based, Oop shift amount: 3
Narrow klass base: 0x0000000000000000, Narrow klass shift: 3
Compressed class space size: 1073741824 Address: 0x00000007c0000000

Heap:
 PSYoungGen      total 480256K, used 368716K [0x0000000795580000, 0x00000007b9e80000, 0x00000007c0000000)
  eden space 443904K, 74% used [0x0000000795580000,0x00000007a9a1a840,0x00000007b0700000)
  from space 36352K, 99% used [0x00000007b3a80000,0x00000007b5df8860,0x00000007b5e00000)
  to   space 52736K, 0% used [0x00000007b0700000,0x00000007b0700000,0x00000007b3a80000)
 ParOldGen       total 115712K, used 85198K [0x0000000740000000, 0x0000000747100000, 0x0000000795580000)
  object space 115712K, 73% used [0x0000000740000000,0x0000000745333a18,0x0000000747100000)
 Metaspace       used 28958K, capacity 29285K, committed 29568K, reserved 1077248K
  class space    used 2265K, capacity 2378K, committed 2432K, reserved 1048576K

Card table byte_map: [0x000000010457e000,0x000000010497f000] byte_map_base: 0x0000000100b7e000

Marking Bits: (ParMarkBitMap*) 0x0000000103b00f60
 Begin Bits: [0x0000000114c5c000, 0x0000000116c5c000)
 End Bits:   [0x0000000116c5c000, 0x0000000118c5c000)

Polling page: 0x0000000102886000

CodeCache: size=245760Kb used=18863Kb max_used=18939Kb free=226896Kb
 bounds [0x0000000105c5c000, 0x0000000106f1c000, 0x0000000114c5c000]
 total_blobs=4693 nmethods=3761 adapters=845
 compilation: enabled

Compilation events (10 events):
Event: 88.152 Thread 0x00007fb7bc069800 4533       4       org.sqlite.SQLite::run_0x9b400 (2081 bytes)
Event: 88.158 Thread 0x00007fb7bc01d800 4534       4       org.sqlite.SQLite::run_0x1b400 (957 bytes)
Event: 88.184 Thread 0x00007fb7bc01d800 nmethod 4534 0x00000001060af150 code [0x00000001060af380, 0x00000001060b02b8]
Event: 88.215 Thread 0x00007fb7bc069800 nmethod 4533 0x0000000106832e90 code [0x0000000106833200, 0x0000000106835ab8]
Event: 88.435 Thread 0x00007fb7bc01d800 4535       4       java.awt.EventQueue::dispatchEvent (80 bytes)
Event: 88.447 Thread 0x00007fb7bc01d800 nmethod 4535 0x0000000106175cd0 code [0x0000000106175ec0, 0x0000000106176630]
Event: 88.718 Thread 0x00007fb7bc069800 4536   !   4       java.awt.EventDispatchThread::filterAndCheckEvent (108 bytes)
Event: 88.718 Thread 0x00007fb7bc01d800 4537   !   4       java.awt.EventDispatchThread::pumpOneEventForFilters (190 bytes)
Event: 88.727 Thread 0x00007fb7bc069800 nmethod 4536 0x0000000106132e50 code [0x0000000106132fc0, 0x0000000106133478]
Event: 88.797 Thread 0x00007fb7bc01d800 nmethod 4537 0x0000000106f0c790 code [0x0000000106f0cc80, 0x0000000106f0fac0]

GC Heap History (10 events):
Event: 61.997 GC heap before
{Heap before GC invocations=17 (full 1):
 PSYoungGen      total 385536K, used 356064K [0x0000000795580000, 0x00000007b1480000, 0x00000007c0000000)
  eden space 355840K, 100% used [0x0000000795580000,0x00000007ab100000,0x00000007ab100000)
  from space 29696K, 0% used [0x00000007ab100000,0x00000007ab138000,0x00000007ace00000)
  to   space 28672K, 0% used [0x00000007af880000,0x00000007af880000,0x00000007b1480000)
 ParOldGen       total 115712K, used 56212K [0x0000000740000000, 0x0000000747100000, 0x0000000795580000)
  object space 115712K, 48% used [0x0000000740000000,0x00000007436e5308,0x0000000747100000)
 Metaspace       used 28205K, capacity 28539K, committed 28800K, reserved 1075200K
  class space    used 2234K, capacity 2343K, committed 2432K, reserved 1048576K
Event: 62.008 GC heap after
Heap after GC invocations=17 (full 1):
 PSYoungGen      total 413696K, used 2752K [0x0000000795580000, 0x00000007b0b80000, 0x00000007c0000000)
  eden space 394240K, 0% used [0x0000000795580000,0x0000000795580000,0x00000007ad680000)
  from space 19456K, 14% used [0x00000007af880000,0x00000007afb30090,0x00000007b0b80000)
  to   space 27136K, 0% used [0x00000007ad680000,0x00000007ad680000,0x00000007af100000)
 ParOldGen       total 115712K, used 56220K [0x0000000740000000, 0x0000000747100000, 0x0000000795580000)
  object space 115712K, 48% used [0x0000000740000000,0x00000007436e7308,0x0000000747100000)
 Metaspace       used 28205K, capacity 28539K, committed 28800K, reserved 1075200K
  class space    used 2234K, capacity 2343K, committed 2432K, reserved 1048576K
}
Event: 68.140 GC heap before
{Heap before GC invocations=18 (full 1):
 PSYoungGen      total 413696K, used 396992K [0x0000000795580000, 0x00000007b0b80000, 0x00000007c0000000)
  eden space 394240K, 100% used [0x0000000795580000,0x00000007ad680000,0x00000007ad680000)
  from space 19456K, 14% used [0x00000007af880000,0x00000007afb30090,0x00000007b0b80000)
  to   space 27136K, 0% used [0x00000007ad680000,0x00000007ad680000,0x00000007af100000)
 ParOldGen       total 115712K, used 56220K [0x0000000740000000, 0x0000000747100000, 0x0000000795580000)
  object space 115712K, 48% used [0x0000000740000000,0x00000007436e7308,0x0000000747100000)
 Metaspace       used 28545K, capacity 28923K, committed 29312K, reserved 1077248K
  class space    used 2249K, capacity 2343K, committed 2432K, reserved 1048576K
Event: 68.196 GC heap after
Heap after GC invocations=18 (full 1):
 PSYoungGen      total 421376K, used 16640K [0x0000000795580000, 0x00000007b3300000, 0x00000007c0000000)
  eden space 394240K, 0% used [0x0000000795580000,0x0000000795580000,0x00000007ad680000)
  from space 27136K, 61% used [0x00000007ad680000,0x00000007ae6c03d0,0x00000007af100000)
  to   space 28672K, 0% used [0x00000007b1700000,0x00000007b1700000,0x00000007b3300000)
 ParOldGen       total 115712K, used 56228K [0x0000000740000000, 0x0000000747100000, 0x0000000795580000)
  object space 115712K, 48% used [0x0000000740000000,0x00000007436e9308,0x0000000747100000)
 Metaspace       used 28545K, capacity 28923K, committed 29312K, reserved 1077248K
  class space    used 2249K, capacity 2343K, committed 2432K, reserved 1048576K
}
Event: 77.612 GC heap before
{Heap before GC invocations=19 (full 1):
 PSYoungGen      total 421376K, used 410880K [0x0000000795580000, 0x00000007b3300000, 0x00000007c0000000)
  eden space 394240K, 100% used [0x0000000795580000,0x00000007ad680000,0x00000007ad680000)
  from space 27136K, 61% used [0x00000007ad680000,0x00000007ae6c03d0,0x00000007af100000)
  to   space 28672K, 0% used [0x00000007b1700000,0x00000007b1700000,0x00000007b3300000)
 ParOldGen       total 115712K, used 56228K [0x0000000740000000, 0x0000000747100000, 0x0000000795580000)
  object space 115712K, 48% used [0x0000000740000000,0x00000007436e9308,0x0000000747100000)
 Metaspace       used 28554K, capacity 28923K, committed 29312K, reserved 1077248K
  class space    used 2249K, capacity 2343K, committed 2432K, reserved 1048576K
Event: 77.626 GC heap after
Heap after GC invocations=19 (full 1):
 PSYoungGen      total 452096K, used 16704K [0x0000000795580000, 0x00000007b3080000, 0x00000007c0000000)
  eden space 425984K, 0% used [0x0000000795580000,0x0000000795580000,0x00000007af580000)
  from space 26112K, 63% used [0x00000007b1700000,0x00000007b27503d0,0x00000007b3080000)
  to   space 30208K, 0% used [0x00000007af580000,0x00000007af580000,0x00000007b1300000)
 ParOldGen       total 115712K, used 56236K [0x0000000740000000, 0x0000000747100000, 0x0000000795580000)
  object space 115712K, 48% used [0x0000000740000000,0x00000007436eb308,0x0000000747100000)
 Metaspace       used 28554K, capacity 28923K, committed 29312K, reserved 1077248K
  class space    used 2249K, capacity 2343K, committed 2432K, reserved 1048576K
}
Event: 83.781 GC heap before
{Heap before GC invocations=20 (full 1):
 PSYoungGen      total 452096K, used 442688K [0x0000000795580000, 0x00000007b3080000, 0x00000007c0000000)
  eden space 425984K, 100% used [0x0000000795580000,0x00000007af580000,0x00000007af580000)
  from space 26112K, 63% used [0x00000007b1700000,0x00000007b27503d0,0x00000007b3080000)
  to   space 30208K, 0% used [0x00000007af580000,0x00000007af580000,0x00000007b1300000)
 ParOldGen       total 115712K, used 56236K [0x0000000740000000, 0x0000000747100000, 0x0000000795580000)
  object space 115712K, 48% used [0x0000000740000000,0x00000007436eb308,0x0000000747100000)
 Metaspace       used 28711K, capacity 29051K, committed 29312K, reserved 1077248K
  class space    used 2250K, capacity 2343K, committed 2432K, reserved 1048576K
Event: 83.805 GC heap after
Heap after GC invocations=20 (full 1):
 PSYoungGen      total 456192K, used 30113K [0x0000000795580000, 0x00000007b5e00000, 0x00000007c0000000)
  eden space 425984K, 0% used [0x0000000795580000,0x0000000795580000,0x00000007af580000)
  from space 30208K, 99% used [0x00000007af580000,0x00000007b12e8700,0x00000007b1300000)
  to   space 36352K, 0% used [0x00000007b3a80000,0x00000007b3a80000,0x00000007b5e00000)
 ParOldGen       total 115712K, used 59564K [0x0000000740000000, 0x0000000747100000, 0x0000000795580000)
  object space 115712K, 51% used [0x0000000740000000,0x0000000743a2b3d8,0x0000000747100000)
 Metaspace       used 28711K, capacity 29051K, committed 29312K, reserved 1077248K
  class space    used 2250K, capacity 2343K, committed 2432K, reserved 1048576K
}
Event: 87.119 GC heap before
{Heap before GC invocations=21 (full 1):
 PSYoungGen      total 456192K, used 456097K [0x0000000795580000, 0x00000007b5e00000, 0x00000007c0000000)
  eden space 425984K, 100% used [0x0000000795580000,0x00000007af580000,0x00000007af580000)
  from space 30208K, 99% used [0x00000007af580000,0x00000007b12e8700,0x00000007b1300000)
  to   space 36352K, 0% used [0x00000007b3a80000,0x00000007b3a80000,0x00000007b5e00000)
 ParOldGen       total 115712K, used 59564K [0x0000000740000000, 0x0000000747100000, 0x0000000795580000)
  object space 115712K, 51% used [0x0000000740000000,0x0000000743a2b3d8,0x0000000747100000)
 Metaspace       used 28855K, capacity 29185K, committed 29568K, reserved 1077248K
  class space    used 2250K, capacity 2344K, committed 2432K, reserved 1048576K
Event: 87.219 GC heap after
Heap after GC invocations=21 (full 1):
 PSYoungGen      total 480256K, used 36322K [0x0000000795580000, 0x00000007b9e80000, 0x00000007c0000000)
  eden space 443904K, 0% used [0x0000000795580000,0x0000000795580000,0x00000007b0700000)
  from space 36352K, 99% used [0x00000007b3a80000,0x00000007b5df8860,0x00000007b5e00000)
  to   space 52736K, 0% used [0x00000007b0700000,0x00000007b0700000,0x00000007b3a80000)
 ParOldGen       total 115712K, used 85198K [0x0000000740000000, 0x0000000747100000, 0x0000000795580000)
  object space 115712K, 73% used [0x0000000740000000,0x0000000745333a18,0x0000000747100000)
 Metaspace       used 28855K, capacity 29185K, committed 29568K, reserved 1077248K
  class space    used 2250K, capacity 2344K, committed 2432K, reserved 1048576K
}

Deoptimization events (10 events):
Event: 89.720 Thread 0x00007fb7baa4f000 Uncommon trap: reason=unstable_if action=reinterpret pc=0x00000001065227e8 method=java.security.AccessControlContext.combine([Ljava/security/ProtectionDomain;[Ljava/security/ProtectionDomain;)[Ljava/security/ProtectionDomain; @ 151
Event: 89.758 Thread 0x00007fb7bc290000 Uncommon trap: reason=unstable_if action=reinterpret pc=0x000000010683ae58 method=sun.java2d.pipe.Region.intersectsQuickCheck(Lsun/java2d/pipe/Region;)Z @ 41
Event: 89.762 Thread 0x00007fb7bc290000 Uncommon trap: reason=unstable_if action=reinterpret pc=0x0000000106397e94 method=java.awt.Font.equals(Ljava/lang/Object;)Z @ 2
Event: 89.766 Thread 0x00007fb7baa4f000 Uncommon trap: reason=bimorphic action=maybe_recompile pc=0x0000000106b14460 method=java.util.HashMap.putVal(ILjava/lang/Object;Ljava/lang/Object;ZZ)Ljava/lang/Object; @ 91
Event: 89.766 Thread 0x00007fb7baa4f000 Uncommon trap: reason=bimorphic action=maybe_recompile pc=0x0000000106b14460 method=java.util.HashMap.putVal(ILjava/lang/Object;Ljava/lang/Object;ZZ)Ljava/lang/Object; @ 91
Event: 89.766 Thread 0x00007fb7baa4f000 Uncommon trap: reason=bimorphic action=maybe_recompile pc=0x0000000106b14460 method=java.util.HashMap.putVal(ILjava/lang/Object;Ljava/lang/Object;ZZ)Ljava/lang/Object; @ 91
Event: 89.766 Thread 0x00007fb7baa4f000 Uncommon trap: reason=bimorphic action=maybe_recompile pc=0x0000000106b14460 method=java.util.HashMap.putVal(ILjava/lang/Object;Ljava/lang/Object;ZZ)Ljava/lang/Object; @ 91
Event: 89.855 Thread 0x00007fb7bb0ae000 Uncommon trap: reason=unstable_if action=reinterpret pc=0x0000000106588340 method=sun.lwawt.LWComponentPeer.findPeerAt(II)Lsun/lwawt/LWComponentPeer; @ 15
Event: 89.855 Thread 0x00007fb7bb0ae000 Uncommon trap: reason=unstable_if action=reinterpret pc=0x0000000106588fb8 method=sun.lwawt.LWContainerPeer.findPeerAt(II)Lsun/lwawt/LWComponentPeer; @ 93
Event: 89.863 Thread 0x00007fb7ba9e3800 Uncommon trap: reason=unstable_if action=reinterpret pc=0x0000000106166ea4 method=java.security.AccessControlContext.combine([Ljava/security/ProtectionDomain;[Ljava/security/ProtectionDomain;)[Ljava/security/ProtectionDomain; @ 151

Classes redefined (0 events):
No events

Internal exceptions (10 events):
Event: 0.487 Thread 0x00007fb7bb809000 Exception <a 'java/io/FileNotFoundException'> (0x0000000795812648) thrown at [/jenkins/workspace/8-2-build-macosx-x86_64/jdk8u251/737/hotspot/src/share/vm/prims/jni.cpp, line 710]
Event: 0.487 Thread 0x00007fb7bb809000 Exception <a 'java/io/FileNotFoundException'> (0x00000007958131b8) thrown at [/jenkins/workspace/8-2-build-macosx-x86_64/jdk8u251/737/hotspot/src/share/vm/prims/jni.cpp, line 710]
Event: 0.649 Thread 0x00007fb7bb809000 Exception <a 'java/io/FileNotFoundException'> (0x000000079593c428) thrown at [/jenkins/workspace/8-2-build-macosx-x86_64/jdk8u251/737/hotspot/src/share/vm/prims/jni.cpp, line 710]
Event: 2.209 Thread 0x00007fb7bb1bf000 Exception <a 'java/lang/UnsatisfiedLinkError': com.jogamp.common.util.JarUtil.fixNativeLibAttribs(Ljava/lang/String;)Z> (0x0000000796d22490) thrown at [/jenkins/workspace/8-2-build-macosx-x86_64/jdk8u251/737/hotspot/src/share/vm/prims/nativeLookup.cpp, li
Event: 6.097 Thread 0x00007fb7ba819000 Exception <a 'java/lang/NullPointerException'> (0x00000007956a17c8) thrown at [/jenkins/workspace/8-2-build-macosx-x86_64/jdk8u251/737/hotspot/src/share/vm/interpreter/linkResolver.cpp, line 1185]
Event: 6.813 Thread 0x00007fb7ba9e3800 Exception <a 'java/io/FileNotFoundException'> (0x0000000796005c28) thrown at [/jenkins/workspace/8-2-build-macosx-x86_64/jdk8u251/737/hotspot/src/share/vm/prims/jni.cpp, line 710]
Event: 6.813 Thread 0x00007fb7ba9e3800 Exception <a 'java/io/FileNotFoundException'> (0x000000079600be78) thrown at [/jenkins/workspace/8-2-build-macosx-x86_64/jdk8u251/737/hotspot/src/share/vm/prims/jni.cpp, line 710]
Event: 6.813 Thread 0x00007fb7ba9e3800 Implicit null exception at 0x0000000105e43036 to 0x0000000105e433fd
Event: 8.030 Thread 0x00007fb7ba9e3800 Implicit null exception at 0x0000000106032446 to 0x000000010603268d
Event: 8.065 Thread 0x00007fb7c3945000 Implicit null exception at 0x0000000105e4ad75 to 0x0000000105e4b139

Events (10 events):
Event: 89.859 loading class jogamp/nativewindow/jawt/macosx/MacOSXJAWTWindow$1 done
Event: 89.863 Thread 0x00007fb7ba9e3800 Uncommon trap: trap_request=0xffffff65 fr.pc=0x0000000106166ea4
Event: 89.863 Thread 0x00007fb7ba9e3800 DEOPT PACKING pc=0x0000000106166ea4 sp=0x00007000113aca40
Event: 89.863 Thread 0x00007fb7ba9e3800 DEOPT UNPACKING pc=0x0000000105ca173a sp=0x00007000113ac9f0 mode 2
Event: 89.863 loading class java/awt/LightweightDispatcher$2
Event: 89.863 loading class java/awt/LightweightDispatcher$2 done
Event: 89.863 loading class java/awt/event/AWTEventListenerProxy
Event: 89.864 loading class java/awt/event/AWTEventListenerProxy done
Event: 89.864 Executing VM operation: Deoptimize
Event: 89.864 Executing VM operation: Deoptimize done


Dynamic libraries:
0x00007fff3537f000 	/System/Library/Frameworks/Cocoa.framework/Versions/A/Cocoa
0x00007fff42b74000 	/System/Library/Frameworks/Security.framework/Versions/A/Security
0x00007fff342e4000 	/System/Library/Frameworks/ApplicationServices.framework/Versions/A/ApplicationServices
0x00007fff6f830000 	/usr/lib/libz.1.dylib
0x00007fff6d2f4000 	/usr/lib/libSystem.B.dylib
0x00007fff6f154000 	/usr/lib/libobjc.A.dylib
0x00007fff36221000 	/System/Library/Frameworks/CoreFoundation.framework/Versions/A/CoreFoundation
0x00007fff388de000 	/System/Library/Frameworks/Foundation.framework/Versions/C/Foundation
0x00007fff334d4000 	/System/Library/Frameworks/AppKit.framework/Versions/C/AppKit
0x00007fff35d03000 	/System/Library/Frameworks/CoreData.framework/Versions/A/CoreData
0x00007fff6730a000 	/System/Library/PrivateFrameworks/UIFoundation.framework/Versions/A/UIFoundation
0x00007fff6239e000 	/System/Library/PrivateFrameworks/RemoteViewServices.framework/Versions/A/RemoteViewServices
0x00007fff69e64000 	/System/Library/PrivateFrameworks/XCTTargetBootstrap.framework/Versions/A/XCTTargetBootstrap
0x00007fff360ee000 	/System/Library/Frameworks/CoreDisplay.framework/Versions/A/CoreDisplay
0x00007fff3b798000 	/System/Library/Frameworks/Metal.framework/Versions/A/Metal
0x00007fff5038b000 	/System/Library/PrivateFrameworks/DesktopServicesPriv.framework/Versions/A/DesktopServicesPriv
0x00007fff6e42f000 	/usr/lib/liblangid.dylib
0x00007fff4f620000 	/System/Library/PrivateFrameworks/CoreSVG.framework/Versions/A/CoreSVG
0x00007fff654fa000 	/System/Library/PrivateFrameworks/SkyLight.framework/Versions/A/SkyLight
0x00007fff366a2000 	/System/Library/Frameworks/CoreGraphics.framework/Versions/A/CoreGraphics
0x00007fff31ea8000 	/System/Library/Frameworks/Accelerate.framework/Versions/A/Accelerate
0x00007fff6f721000 	/usr/lib/libxml2.2.dylib
0x00007fff5b329000 	/System/Library/PrivateFrameworks/IconServices.framework/Versions/A/IconServices
0x00007fff390bd000 	/System/Library/Frameworks/IOSurface.framework/Versions/A/IOSurface
0x00007fff6ce1e000 	/usr/lib/libDiagnosticMessagesClient.dylib
0x00007fff501e5000 	/System/Library/PrivateFrameworks/DFRFoundation.framework/Versions/A/DFRFoundation
0x00007fff6e1be000 	/usr/lib/libicucore.A.dylib
0x00007fff34616000 	/System/Library/Frameworks/AudioToolbox.framework/Versions/A/AudioToolbox
0x00007fff346f9000 	/System/Library/Frameworks/AudioUnit.framework/Versions/A/AudioUnit
0x00007fff6d4f6000 	/usr/lib/libauto.dylib
0x00007fff50287000 	/System/Library/PrivateFrameworks/DataDetectorsCore.framework/Versions/A/DataDetectorsCore
0x00007fff34ea0000 	/System/Library/Frameworks/Carbon.framework/Versions/A/Frameworks/HIToolbox.framework/Versions/A/HIToolbox
0x00007fff41d70000 	/System/Library/Frameworks/QuartzCore.framework/Versions/A/QuartzCore
0x00007fff351df000 	/System/Library/Frameworks/Carbon.framework/Versions/A/Frameworks/SpeechRecognition.framework/Versions/A/SpeechRecognition
0x00007fff4fcf9000 	/System/Library/PrivateFrameworks/CoreUI.framework/Versions/A/CoreUI
0x00007fff3576e000 	/System/Library/Frameworks/CoreAudio.framework/Versions/A/CoreAudio
0x00007fff3859d000 	/System/Library/Frameworks/DiskArbitration.framework/Versions/A/DiskArbitration
0x00007fff5d379000 	/System/Library/PrivateFrameworks/MultitouchSupport.framework/Versions/A/MultitouchSupport
0x00007fff6e085000 	/usr/lib/libenergytrace.dylib
0x00007fff39017000 	/System/Library/Frameworks/IOKit.framework/Versions/A/IOKit
0x00007fff37609000 	/System/Library/Frameworks/CoreServices.framework/Versions/A/CoreServices
0x00007fff5f531000 	/System/Library/PrivateFrameworks/PerformanceAnalysis.framework/Versions/A/PerformanceAnalysis
0x00007fff40da3000 	/System/Library/Frameworks/OpenGL.framework/Versions/A/OpenGL
0x00007fff3538d000 	/System/Library/Frameworks/ColorSync.framework/Versions/A/ColorSync
0x00007fff36d25000 	/System/Library/Frameworks/CoreImage.framework/Versions/A/CoreImage
0x00007fff3807c000 	/System/Library/Frameworks/CoreText.framework/Versions/A/CoreText
0x00007fff3914d000 	/System/Library/Frameworks/ImageIO.framework/Versions/A/ImageIO
0x00007fff6d5da000 	/usr/lib/libc++.1.dylib
0x00007fff6d656000 	/usr/lib/libcompression.dylib
0x00007fff6d162000 	/usr/lib/libMobileGestalt.dylib
0x00007fff67074000 	/System/Library/PrivateFrameworks/TextureIO.framework/Versions/A/TextureIO
0x00007fff6d459000 	/usr/lib/libate.dylib
0x00007fff5b532000 	/System/Library/PrivateFrameworks/InternationalSupport.framework/Versions/A/InternationalSupport
0x00007fff700f1000 	/usr/lib/system/libcache.dylib
0x00007fff700f7000 	/usr/lib/system/libcommonCrypto.dylib
0x00007fff70103000 	/usr/lib/system/libcompiler_rt.dylib
0x00007fff7010b000 	/usr/lib/system/libcopyfile.dylib
0x00007fff70115000 	/usr/lib/system/libcorecrypto.dylib
0x00007fff702b4000 	/usr/lib/system/libdispatch.dylib
0x00007fff702f5000 	/usr/lib/system/libdyld.dylib
0x00007fff7032c000 	/usr/lib/system/libkeymgr.dylib
0x00007fff7033a000 	/usr/lib/system/liblaunch.dylib
0x00007fff7033b000 	/usr/lib/system/libmacho.dylib
0x00007fff70341000 	/usr/lib/system/libquarantine.dylib
0x00007fff70344000 	/usr/lib/system/libremovefile.dylib
0x00007fff70346000 	/usr/lib/system/libsystem_asl.dylib
0x00007fff7035e000 	/usr/lib/system/libsystem_blocks.dylib
0x00007fff7035f000 	/usr/lib/system/libsystem_c.dylib
0x00007fff703e7000 	/usr/lib/system/libsystem_configuration.dylib
0x00007fff703eb000 	/usr/lib/system/libsystem_coreservices.dylib
0x00007fff703ef000 	/usr/lib/system/libsystem_darwin.dylib
0x00007fff703f8000 	/usr/lib/system/libsystem_dnssd.dylib
0x00007fff70400000 	/usr/lib/system/libsystem_featureflags.dylib
0x00007fff70402000 	/usr/lib/system/libsystem_info.dylib
0x00007fff7047d000 	/usr/lib/system/libsystem_m.dylib
0x00007fff704c5000 	/usr/lib/system/libsystem_malloc.dylib
0x00007fff704ed000 	/usr/lib/system/libsystem_networkextension.dylib
0x00007fff704fb000 	/usr/lib/system/libsystem_notify.dylib
0x00007fff70519000 	/usr/lib/system/libsystem_sandbox.dylib
0x00007fff7051e000 	/usr/lib/system/libsystem_secinit.dylib
0x00007fff70450000 	/usr/lib/system/libsystem_kernel.dylib
0x00007fff70505000 	/usr/lib/system/libsystem_platform.dylib
0x00007fff7050e000 	/usr/lib/system/libsystem_pthread.dylib
0x00007fff70521000 	/usr/lib/system/libsystem_symptoms.dylib
0x00007fff70529000 	/usr/lib/system/libsystem_trace.dylib
0x00007fff70541000 	/usr/lib/system/libunwind.dylib
0x00007fff70547000 	/usr/lib/system/libxpc.dylib
0x00007fff6d62d000 	/usr/lib/libc++abi.dylib
0x00007fff6e431000 	/usr/lib/liblzma.5.dylib
0x00007fff6e0ac000 	/usr/lib/libfakelink.dylib
0x00007fff6d3e6000 	/usr/lib/libarchive.2.dylib
0x00007fff43c25000 	/System/Library/Frameworks/SystemConfiguration.framework/Versions/A/SystemConfiguration
0x00007fff6cd51000 	/usr/lib/libCRFSuite.dylib
0x00007fff34a90000 	/System/Library/Frameworks/CFNetwork.framework/Versions/A/CFNetwork
0x00007fff6d5bc000 	/usr/lib/libbsm.0.dylib
0x00007fff7032d000 	/usr/lib/system/libkxld.dylib
0x00007fff49b62000 	/System/Library/PrivateFrameworks/AppleFSCompression.framework/Versions/A/AppleFSCompression
0x00007fff6d947000 	/usr/lib/libcoretls.dylib
0x00007fff6d95e000 	/usr/lib/libcoretls_cfhelpers.dylib
0x00007fff6f19a000 	/usr/lib/libpam.2.dylib
0x00007fff6f2cf000 	/usr/lib/libsqlite3.dylib
0x00007fff6f70e000 	/usr/lib/libxar.1.dylib
0x00007fff6d5cd000 	/usr/lib/libbz2.1.0.dylib
0x00007fff6e0cd000 	/usr/lib/libiconv.2.dylib
0x00007fff6d643000 	/usr/lib/libcharset.1.dylib
0x00007fff6ec37000 	/usr/lib/libnetwork.dylib
0x00007fff6f1a1000 	/usr/lib/libpcap.A.dylib
0x00007fff6d39b000 	/usr/lib/libapple_nghttp2.dylib
0x00007fff379c0000 	/System/Library/Frameworks/CoreServices.framework/Versions/A/Frameworks/FSEvents.framework/Versions/A/FSEvents
0x00007fff37690000 	/System/Library/Frameworks/CoreServices.framework/Versions/A/Frameworks/CarbonCore.framework/Versions/A/CarbonCore
0x00007fff37c04000 	/System/Library/Frameworks/CoreServices.framework/Versions/A/Frameworks/Metadata.framework/Versions/A/Metadata
0x00007fff37c9d000 	/System/Library/Frameworks/CoreServices.framework/Versions/A/Frameworks/OSServices.framework/Versions/A/OSServices
0x00007fff37ccb000 	/System/Library/Frameworks/CoreServices.framework/Versions/A/Frameworks/SearchKit.framework/Versions/A/SearchKit
0x00007fff3760a000 	/System/Library/Frameworks/CoreServices.framework/Versions/A/Frameworks/AE.framework/Versions/A/AE
0x00007fff379c9000 	/System/Library/Frameworks/CoreServices.framework/Versions/A/Frameworks/LaunchServices.framework/Versions/A/LaunchServices
0x00007fff37972000 	/System/Library/Frameworks/CoreServices.framework/Versions/A/Frameworks/DictionaryServices.framework/Versions/A/DictionaryServices
0x00007fff37d33000 	/System/Library/Frameworks/CoreServices.framework/Versions/A/Frameworks/SharedFileList.framework/Versions/A/SharedFileList
0x00007fff3cbc2000 	/System/Library/Frameworks/NetFS.framework/Versions/A/NetFS
0x00007fff5d8a9000 	/System/Library/PrivateFrameworks/NetAuth.framework/Versions/A/NetAuth
0x00007fff6a231000 	/System/Library/PrivateFrameworks/login.framework/Versions/A/Frameworks/loginsupport.framework/Versions/A/loginsupport
0x00007fff66b3f000 	/System/Library/PrivateFrameworks/TCC.framework/Versions/A/TCC
0x00007fff4e793000 	/System/Library/PrivateFrameworks/CoreNLP.framework/Versions/A/CoreNLP
0x00007fff5cda6000 	/System/Library/PrivateFrameworks/MetadataUtilities.framework/Versions/A/MetadataUtilities
0x00007fff6e509000 	/usr/lib/libmecabra.dylib
0x00007fff6e461000 	/usr/lib/libmecab.dylib
0x00007fff6e0bd000 	/usr/lib/libgermantok.dylib
0x00007fff6d382000 	/usr/lib/libThaiTokenizer.dylib
0x00007fff6cd88000 	/usr/lib/libChineseTokenizer.dylib
0x00007fff31ec0000 	/System/Library/Frameworks/Accelerate.framework/Versions/A/Frameworks/vImage.framework/Versions/A/vImage
0x00007fff3332a000 	/System/Library/Frameworks/Accelerate.framework/Versions/A/Frameworks/vecLib.framework/Versions/A/vecLib
0x00007fff33267000 	/System/Library/Frameworks/Accelerate.framework/Versions/A/Frameworks/vecLib.framework/Versions/A/libvMisc.dylib
0x00007fff3308f000 	/System/Library/Frameworks/Accelerate.framework/Versions/A/Frameworks/vecLib.framework/Versions/A/libvDSP.dylib
0x00007fff32517000 	/System/Library/Frameworks/Accelerate.framework/Versions/A/Frameworks/vecLib.framework/Versions/A/libBLAS.dylib
0x00007fff32c53000 	/System/Library/Frameworks/Accelerate.framework/Versions/A/Frameworks/vecLib.framework/Versions/A/libLAPACK.dylib
0x00007fff32fef000 	/System/Library/Frameworks/Accelerate.framework/Versions/A/Frameworks/vecLib.framework/Versions/A/libLinearAlgebra.dylib
0x00007fff3307c000 	/System/Library/Frameworks/Accelerate.framework/Versions/A/Frameworks/vecLib.framework/Versions/A/libSparseBLAS.dylib
0x00007fff33005000 	/System/Library/Frameworks/Accelerate.framework/Versions/A/Frameworks/vecLib.framework/Versions/A/libQuadrature.dylib
0x00007fff3277f000 	/System/Library/Frameworks/Accelerate.framework/Versions/A/Frameworks/vecLib.framework/Versions/A/libBNNS.dylib
0x00007fff3300b000 	/System/Library/Frameworks/Accelerate.framework/Versions/A/Frameworks/vecLib.framework/Versions/A/libSparse.dylib
0x00007fff5b91a000 	/System/Library/PrivateFrameworks/LanguageModeling.framework/Versions/A/LanguageModeling
0x00007fff4e143000 	/System/Library/PrivateFrameworks/CoreEmoji.framework/Versions/A/CoreEmoji
0x00007fff5ba38000 	/System/Library/PrivateFrameworks/LinguisticData.framework/Versions/A/LinguisticData
0x00007fff5b9e9000 	/System/Library/PrivateFrameworks/Lexicon.framework/Versions/A/Lexicon
0x00007fff6d644000 	/usr/lib/libcmph.dylib
0x00007fff3f7b1000 	/System/Library/Frameworks/OpenDirectory.framework/Versions/A/Frameworks/CFOpenDirectory.framework/Versions/A/CFOpenDirectory
0x00007fff3f7ce000 	/System/Library/Frameworks/OpenDirectory.framework/Versions/A/OpenDirectory
0x00007fff47c0f000 	/System/Library/PrivateFrameworks/APFS.framework/Versions/A/APFS
0x00007fff42ebe000 	/System/Library/Frameworks/SecurityFoundation.framework/Versions/A/SecurityFoundation
0x00007fff6f70a000 	/usr/lib/libutil.dylib
0x00007fff4f678000 	/System/Library/PrivateFrameworks/CoreServicesStore.framework/Versions/A/CoreServicesStore
0x00007fff42f75000 	/System/Library/Frameworks/ServiceManagement.framework/Versions/A/ServiceManagement
0x00007fff4b332000 	/System/Library/PrivateFrameworks/BackgroundTaskManagement.framework/Versions/A/BackgroundTaskManagement
0x00007fff6f807000 	/usr/lib/libxslt.1.dylib
0x00007fff4a1d5000 	/System/Library/PrivateFrameworks/AppleSystemInfo.framework/Versions/A/AppleSystemInfo
0x00007fff39368000 	/System/Library/Frameworks/ImageIO.framework/Versions/A/Resources/libJPEG.dylib
0x00007fff39626000 	/System/Library/Frameworks/ImageIO.framework/Versions/A/Resources/libTIFF.dylib
0x00007fff39609000 	/System/Library/Frameworks/ImageIO.framework/Versions/A/Resources/libPng.dylib
0x00007fff392aa000 	/System/Library/Frameworks/ImageIO.framework/Versions/A/Resources/libGIF.dylib
0x00007fff392ae000 	/System/Library/Frameworks/ImageIO.framework/Versions/A/Resources/libJP2.dylib
0x00007fff39624000 	/System/Library/Frameworks/ImageIO.framework/Versions/A/Resources/libRadiance.dylib
0x00007fff6e086000 	/usr/lib/libexpat.1.dylib
0x00007fff49cbd000 	/System/Library/PrivateFrameworks/AppleJPEG.framework/Versions/A/AppleJPEG
0x00007fff5298e000 	/System/Library/PrivateFrameworks/FontServices.framework/libFontParser.dylib
0x00007fff69233000 	/System/Library/PrivateFrameworks/WatchdogClient.framework/Versions/A/WatchdogClient
0x00007fff5af75000 	/System/Library/PrivateFrameworks/IOAccelerator.framework/Versions/A/IOAccelerator
0x00007fff3bb33000 	/System/Library/Frameworks/MetalPerformanceShaders.framework/Versions/A/MetalPerformanceShaders
0x00007fff5770b000 	/System/Library/PrivateFrameworks/GPUWrangler.framework/Versions/A/GPUWrangler
0x00007fff5af8a000 	/System/Library/PrivateFrameworks/IOPresentment.framework/Versions/A/IOPresentment
0x00007fff501f8000 	/System/Library/PrivateFrameworks/DSExternalDisplay.framework/Versions/A/DSExternalDisplay
0x00007fff40142000 	/System/Library/Frameworks/OpenGL.framework/Versions/A/Libraries/libCoreFSCache.dylib
0x00007fff3b87f000 	/System/Library/Frameworks/MetalPerformanceShaders.framework/Frameworks/MPSCore.framework/Versions/A/MPSCore
0x00007fff3b8bd000 	/System/Library/Frameworks/MetalPerformanceShaders.framework/Frameworks/MPSImage.framework/Versions/A/MPSImage
0x00007fff3b984000 	/System/Library/Frameworks/MetalPerformanceShaders.framework/Frameworks/MPSNeuralNetwork.framework/Versions/A/MPSNeuralNetwork
0x00007fff3b948000 	/System/Library/Frameworks/MetalPerformanceShaders.framework/Frameworks/MPSMatrix.framework/Versions/A/MPSMatrix
0x00007fff3bae3000 	/System/Library/Frameworks/MetalPerformanceShaders.framework/Frameworks/MPSRayIntersector.framework/Versions/A/MPSRayIntersector
0x00007fff3b96e000 	/System/Library/Frameworks/MetalPerformanceShaders.framework/Frameworks/MPSNDArray.framework/Versions/A/MPSNDArray
0x00007fff5cdf3000 	/System/Library/PrivateFrameworks/MetalTools.framework/Versions/A/MetalTools
0x00007fff48de9000 	/System/Library/PrivateFrameworks/AggregateDictionary.framework/Versions/A/AggregateDictionary
0x00007fff4db8b000 	/System/Library/PrivateFrameworks/CoreAnalytics.framework/Versions/A/CoreAnalytics
0x00007fff4a0f4000 	/System/Library/PrivateFrameworks/AppleSauce.framework/Versions/A/AppleSauce
0x00007fff6d044000 	/usr/lib/libIOReport.dylib
0x00007fff38234000 	/System/Library/Frameworks/CoreVideo.framework/Versions/A/CoreVideo
0x00007fff58b84000 	/System/Library/PrivateFrameworks/GraphVisualizer.framework/Versions/A/GraphVisualizer
0x00007fff51ed4000 	/System/Library/PrivateFrameworks/FaceCore.framework/Versions/A/FaceCore
0x00007fff3f758000 	/System/Library/Frameworks/OpenCL.framework/Versions/A/OpenCL
0x00007fff6ce66000 	/usr/lib/libFosl_dynamic.dylib
0x00007fff5e2c9000 	/System/Library/PrivateFrameworks/OTSVG.framework/Versions/A/OTSVG
0x00007fff343e9000 	/System/Library/Frameworks/ApplicationServices.framework/Versions/A/Frameworks/ATS.framework/Versions/A/Resources/libFontRegistry.dylib
0x00007fff52b5f000 	/System/Library/PrivateFrameworks/FontServices.framework/libhvf.dylib
0x00007fff4014d000 	/System/Library/Frameworks/OpenGL.framework/Versions/A/Libraries/libGFXShared.dylib
0x00007fff4032b000 	/System/Library/Frameworks/OpenGL.framework/Versions/A/Libraries/libGLU.dylib
0x00007fff40156000 	/System/Library/Frameworks/OpenGL.framework/Versions/A/Libraries/libGL.dylib
0x00007fff40161000 	/System/Library/Frameworks/OpenGL.framework/Versions/A/Libraries/libGLImage.dylib
0x00007fff4013f000 	/System/Library/Frameworks/OpenGL.framework/Versions/A/Libraries/libCVMSPluginSupport.dylib
0x00007fff40148000 	/System/Library/Frameworks/OpenGL.framework/Versions/A/Libraries/libCoreVMClient.dylib
0x00007fff6ead8000 	/usr/lib/libncurses.5.4.dylib
0x00007fff342e5000 	/System/Library/Frameworks/ApplicationServices.framework/Versions/A/Frameworks/ATS.framework/Versions/A/ATS
0x00007fff344b2000 	/System/Library/Frameworks/ApplicationServices.framework/Versions/A/Frameworks/ColorSyncLegacy.framework/Versions/A/ColorSyncLegacy
0x00007fff34550000 	/System/Library/Frameworks/ApplicationServices.framework/Versions/A/Frameworks/HIServices.framework/Versions/A/HIServices
0x00007fff345a8000 	/System/Library/Frameworks/ApplicationServices.framework/Versions/A/Frameworks/LangAnalysis.framework/Versions/A/LangAnalysis
0x00007fff345b7000 	/System/Library/Frameworks/ApplicationServices.framework/Versions/A/Frameworks/PrintCore.framework/Versions/A/PrintCore
0x00007fff345fd000 	/System/Library/Frameworks/ApplicationServices.framework/Versions/A/Frameworks/QD.framework/Versions/A/QD
0x00007fff34608000 	/System/Library/Frameworks/ApplicationServices.framework/Versions/A/Frameworks/SpeechSynthesis.framework/Versions/A/SpeechSynthesis
0x00007fff34482000 	/System/Library/Frameworks/ApplicationServices.framework/Versions/A/Frameworks/ATSUI.framework/Versions/A/ATSUI
0x00007fff6df1c000 	/usr/lib/libcups.2.dylib
0x00007fff3abce000 	/System/Library/Frameworks/Kerberos.framework/Versions/A/Kerberos
0x00007fff38d10000 	/System/Library/Frameworks/GSS.framework/Versions/A/GSS
0x00007fff6f25b000 	/usr/lib/libresolv.9.dylib
0x00007fff58d31000 	/System/Library/PrivateFrameworks/Heimdal.framework/Versions/A/Heimdal
0x00007fff3abe1000 	/System/Library/Frameworks/Kerberos.framework/Versions/A/Libraries/libHeimdalProxy.dylib
0x00007fff6e0c3000 	/usr/lib/libheimdal-asn1.dylib
0x00007fff4d023000 	/System/Library/PrivateFrameworks/CommonAuth.framework/Versions/A/CommonAuth
0x00007fff4a272000 	/System/Library/PrivateFrameworks/AssertionServices.framework/Versions/A/AssertionServices
0x00007fff4ae15000 	/System/Library/PrivateFrameworks/AudioToolboxCore.framework/Versions/A/AudioToolboxCore
0x00007fff69ee1000 	/System/Library/PrivateFrameworks/caulk.framework/Versions/A/caulk
0x00007fff4b3de000 	/System/Library/PrivateFrameworks/BaseBoard.framework/Versions/A/BaseBoard
0x00007fff6252c000 	/System/Library/PrivateFrameworks/RunningBoardServices.framework/Versions/A/RunningBoardServices
0x00007fff5f53d000 	/System/Library/PrivateFrameworks/PersistentConnection.framework/Versions/A/PersistentConnection
0x00007fff61f25000 	/System/Library/PrivateFrameworks/ProtocolBuffer.framework/Versions/A/ProtocolBuffer
0x00007fff4d047000 	/System/Library/PrivateFrameworks/CommonUtilities.framework/Versions/A/CommonUtilities
0x00007fff4b56c000 	/System/Library/PrivateFrameworks/Bom.framework/Versions/A/Bom
0x00007fff6cd17000 	/usr/lib/libAudioToolboxUtility.dylib
0x00007fff4b33c000 	/System/Library/PrivateFrameworks/Backup.framework/Versions/A/Backup
0x00007fff50119000 	/System/Library/PrivateFrameworks/CrashReporterSupport.framework/Versions/A/CrashReporterSupport
0x00007fff63fbe000 	/System/Library/PrivateFrameworks/Sharing.framework/Versions/A/Sharing
0x00007fff49880000 	/System/Library/PrivateFrameworks/Apple80211.framework/Versions/A/Apple80211
0x00007fff4b059000 	/System/Library/PrivateFrameworks/AuthKit.framework/Versions/A/AuthKit
0x00007fff4fe26000 	/System/Library/PrivateFrameworks/CoreUtils.framework/Versions/A/CoreUtils
0x00007fff38279000 	/System/Library/Frameworks/CoreWLAN.framework/Versions/A/CoreWLAN
0x00007fff38e9d000 	/System/Library/Frameworks/IOBluetooth.framework/Versions/A/IOBluetooth
0x00007fff5d0f8000 	/System/Library/PrivateFrameworks/MobileKeyBag.framework/Versions/A/MobileKeyBag
0x00007fff4ec2b000 	/System/Library/PrivateFrameworks/CorePhoneNumbers.framework/Versions/A/CorePhoneNumbers
0x00007fff49c70000 	/System/Library/PrivateFrameworks/AppleIDAuthSupport.framework/Versions/A/AppleIDAuthSupport
0x00007fff3cbcf000 	/System/Library/Frameworks/Network.framework/Versions/A/Network
0x00007fff5b7c6000 	/System/Library/PrivateFrameworks/KeychainCircle.framework/Versions/A/KeychainCircle
0x00007fff35cca000 	/System/Library/Frameworks/CoreBluetooth.framework/Versions/A/CoreBluetooth
0x00007fff6603d000 	/System/Library/PrivateFrameworks/SpeechRecognitionCore.framework/Versions/A/SpeechRecognitionCore
0x0000000103200000 	/Library/Java/JavaVirtualMachines/jdk1.8.0_251.jdk/Contents/Home/jre/lib/server/libjvm.dylib
0x00007fff6f5dd000 	/usr/lib/libstdc++.6.dylib
0x0000000102842000 	/Library/Java/JavaVirtualMachines/jdk1.8.0_251.jdk/Contents/Home/jre/lib/libverify.dylib
0x0000000102850000 	/Library/Java/JavaVirtualMachines/jdk1.8.0_251.jdk/Contents/Home/jre/lib/libjava.dylib
0x00000001028d0000 	/Library/Java/JavaVirtualMachines/jdk1.8.0_251.jdk/Contents/Home/jre/lib/libzip.dylib
0x0000000102913000 	/Library/Java/JavaVirtualMachines/jdk1.8.0_251.jdk/Contents/Home/jre/lib/libawt.dylib
0x0000000105a11000 	/Library/Java/JavaVirtualMachines/jdk1.8.0_251.jdk/Contents/Home/jre/lib/libmlib_image.dylib
0x00007fff3abb8000 	/System/Library/Frameworks/JavaVM.framework/Versions/A/Frameworks/JavaNativeFoundation.framework/Versions/A/JavaNativeFoundation
0x00007fff3abc1000 	/System/Library/Frameworks/JavaVM.framework/Versions/A/Frameworks/JavaRuntimeSupport.framework/Versions/A/JavaRuntimeSupport
0x00007fff3abc9000 	/System/Library/Frameworks/JavaVM.framework/Versions/A/JavaVM
0x00007fff5b5dd000 	/System/Library/PrivateFrameworks/JavaLaunching.framework/Versions/A/JavaLaunching
0x00007fff34e9b000 	/System/Library/Frameworks/Carbon.framework/Versions/A/Carbon
0x00007fff4fbcb000 	/System/Library/PrivateFrameworks/CoreSymbolication.framework/Versions/A/CoreSymbolication
0x00007fff34e9c000 	/System/Library/Frameworks/Carbon.framework/Versions/A/Frameworks/CommonPanels.framework/Versions/A/CommonPanels
0x00007fff35195000 	/System/Library/Frameworks/Carbon.framework/Versions/A/Frameworks/Help.framework/Versions/A/Help
0x00007fff35199000 	/System/Library/Frameworks/Carbon.framework/Versions/A/Frameworks/ImageCapture.framework/Versions/A/ImageCapture
0x00007fff351a0000 	/System/Library/Frameworks/Carbon.framework/Versions/A/Frameworks/OpenScripting.framework/Versions/A/OpenScripting
0x00007fff3519f000 	/System/Library/Frameworks/Carbon.framework/Versions/A/Frameworks/Ink.framework/Versions/A/Ink
0x00007fff351db000 	/System/Library/Frameworks/Carbon.framework/Versions/A/Frameworks/Print.framework/Versions/A/Print
0x00007fff351dc000 	/System/Library/Frameworks/Carbon.framework/Versions/A/Frameworks/SecurityHI.framework/Versions/A/SecurityHI
0x00007fff5034d000 	/System/Library/PrivateFrameworks/DebugSymbols.framework/Versions/A/DebugSymbols
0x000000011a7c0000 	/Library/Java/JavaVirtualMachines/jdk1.8.0_251.jdk/Contents/Home/jre/lib/libawt_lwawt.dylib
0x00000001029bc000 	/Library/Java/JavaVirtualMachines/jdk1.8.0_251.jdk/Contents/Home/jre/lib/libosxapp.dylib
0x00007fff38779000 	/System/Library/Frameworks/ExceptionHandling.framework/Versions/A/ExceptionHandling
0x00007fff4f644000 	/System/Library/PrivateFrameworks/CoreServicesInternal.framework/Versions/A/CoreServicesInternal
0x00007fff38798000 	/System/Library/Frameworks/FileProvider.framework/Versions/A/FileProvider
0x00007fff3332b000 	/System/Library/Frameworks/Accounts.framework/Versions/A/Accounts
0x00007fff57a30000 	/System/Library/PrivateFrameworks/GenerationalStorage.framework/Versions/A/GenerationalStorage
0x00007fff6687f000 	/System/Library/PrivateFrameworks/SymptomDiagnosticReporter.framework/Versions/A/SymptomDiagnosticReporter
0x00007fff49384000 	/System/Library/PrivateFrameworks/AppContainer.framework/Versions/A/AppContainer
0x00007fff6f275000 	/usr/lib/libsandbox.1.dylib
0x00007fff681d7000 	/System/Library/PrivateFrameworks/UserManagement.framework/Versions/A/UserManagement
0x00007fff4c128000 	/System/Library/PrivateFrameworks/ChunkingLibrary.framework/Versions/A/ChunkingLibrary
0x00007fff493f6000 	/System/Library/PrivateFrameworks/AppSandbox.framework/Versions/A/AppSandbox
0x00007fff63e48000 	/System/Library/PrivateFrameworks/SecCodeWrapper.framework/Versions/A/SecCodeWrapper
0x00007fff6d12c000 	/usr/lib/libMatch.1.dylib
0x00007fff29313000 	/System/Library/CoreServices/RawCamera.bundle/Contents/MacOS/RawCamera
0x00007fff5cf22000 	/System/Library/PrivateFrameworks/MobileAsset.framework/Versions/A/MobileAsset
0x00007fff66727000 	/System/Library/PrivateFrameworks/StreamingZip.framework/Versions/A/StreamingZip
0x00007fff3b049000 	/System/Library/Frameworks/MediaToolbox.framework/Versions/A/MediaToolbox
0x00007fff4db3b000 	/System/Library/PrivateFrameworks/CoreAVCHD.framework/Versions/A/CoreAVCHD
0x00007fff3af73000 	/System/Library/Frameworks/MediaAccessibility.framework/Versions/A/MediaAccessibility
0x00007fff5c2d6000 	/System/Library/PrivateFrameworks/Mangrove.framework/Versions/A/Mangrove
0x00007fff37441000 	/System/Library/Frameworks/CoreMedia.framework/Versions/A/CoreMedia
0x00007fff5c542000 	/System/Library/PrivateFrameworks/MediaExperience.framework/Versions/A/MediaExperience
0x00007fff43f1f000 	/System/Library/Frameworks/VideoToolbox.framework/Versions/A/VideoToolbox
0x00007fff4d765000 	/System/Library/PrivateFrameworks/CoreAUC.framework/Versions/A/CoreAUC
0x00007fff6f2cd000 	/usr/lib/libspindump.dylib
0x00007fff4a7c4000 	/System/Library/PrivateFrameworks/AudioResourceArbitration.framework/Versions/A/AudioResourceArbitration
0x00007fff4a1d9000 	/System/Library/PrivateFrameworks/AppleVA.framework/Versions/A/AppleVA
0x00007fff31ea9000 	/System/Library/Frameworks/Accelerate.framework/Versions/A/Frameworks/vImage.framework/Versions/A/Libraries/libCGInterfaces.dylib
0x0000000105b38000 	/usr/lib/libobjc-trampolines.dylib
0x00007fff52ac6000 	/System/Library/PrivateFrameworks/FontServices.framework/libTrueTypeScaler.dylib
0x00007fff3002a000 	/System/Library/Extensions/AppleIntelSKLGraphicsMTLDriver.bundle/Contents/MacOS/AppleIntelSKLGraphicsMTLDriver
0x00007fff56050000 	/System/Library/PrivateFrameworks/GPUCompiler.framework/Versions/3902/Libraries/libmetal_timestamp.dylib
0x00007fff522fe000 	/System/Library/PrivateFrameworks/FamilyControls.framework/Versions/A/FamilyControls
0x00007fff4d017000 	/System/Library/PrivateFrameworks/CommerceKit.framework/Versions/A/Frameworks/CommerceCore.framework/Versions/A/CommerceCore
0x00007fff668f9000 	/System/Library/PrivateFrameworks/SystemAdministration.framework/Versions/A/SystemAdministration
0x00007fff5088b000 	/System/Library/PrivateFrameworks/DiskManagement.framework/Versions/A/DiskManagement
0x00007fff384c2000 	/System/Library/Frameworks/DirectoryService.framework/Versions/A/DirectoryService
0x00007fff507c2000 	/System/Library/PrivateFrameworks/DiskImages.framework/Versions/A/DiskImages
0x00007fff5bae1000 	/System/Library/PrivateFrameworks/LoginUIKit.framework/Versions/A/Frameworks/LoginUICore.framework/Versions/A/LoginUICore
0x00007fff6cd93000 	/usr/lib/libCoreStorage.dylib
0x00007fff6df09000 	/usr/lib/libcsfde.dylib
0x00007fff6f188000 	/usr/lib/libodfde.dylib
0x00007fff5c5cd000 	/System/Library/PrivateFrameworks/MediaKit.framework/Versions/A/MediaKit
0x00007fff384ce000 	/System/Library/Frameworks/DiscRecording.framework/Versions/A/DiscRecording
0x00007fff50a41000 	/System/Library/PrivateFrameworks/EFILogin.framework/Versions/A/EFILogin
0x00007fff61eca000 	/System/Library/PrivateFrameworks/ProtectedCloudStorage.framework/Versions/A/ProtectedCloudStorage
0x00007fff6df7d000 	/usr/lib/libcurl.4.dylib
0x00007fff6de02000 	/usr/lib/libcrypto.44.dylib
0x00007fff6f5ad000 	/usr/lib/libssl.46.dylib
0x00007fff3abe2000 	/System/Library/Frameworks/LDAP.framework/Versions/A/LDAP
0x00007fff672d1000 	/System/Library/PrivateFrameworks/TrustEvaluationAgent.framework/Versions/A/TrustEvaluationAgent
0x00007fff6f2ba000 	/usr/lib/libsasl2.2.dylib
0x00007fff4deb7000 	/System/Library/PrivateFrameworks/CoreDaemon.framework/Versions/B/CoreDaemon
0x00007fff4a0ef000 	/System/Library/PrivateFrameworks/AppleSRP.framework/Versions/A/AppleSRP
0x00007fff68fa3000 	/System/Library/PrivateFrameworks/ViewBridge.framework/Versions/A/ViewBridge
0x00007fff6a234000 	/System/Library/PrivateFrameworks/login.framework/Versions/A/login
0x00007fff40db3000 	/System/Library/Frameworks/OpenGL.framework/Versions/A/Resources/GLEngine.bundle/GLEngine
0x00007fff40196000 	/System/Library/Frameworks/OpenGL.framework/Versions/A/Libraries/libGLProgrammability.dylib
0x00007fff2f021000 	/System/Library/Extensions/AppleIntelSKLGraphicsGLDriver.bundle/Contents/MacOS/AppleIntelSKLGraphicsGLDriver
0x00007fff576ff000 	/System/Library/PrivateFrameworks/GPUSupport.framework/Versions/A/Libraries/libGPUSupportMercury.dylib
0x00007fff40f2d000 	/System/Library/Frameworks/OpenGL.framework/Versions/A/Resources/GLRendererFloat.bundle/GLRendererFloat
0x00007fff3f74f000 	/System/Library/Frameworks/OpenCL.framework/Versions/A/Libraries/libcldcpuengine.dylib
0x000000011d3ce000 	/Library/Java/JavaVirtualMachines/jdk1.8.0_251.jdk/Contents/Home/jre/lib/libfontmanager.dylib
0x00007fff58bb0000 	/System/Library/PrivateFrameworks/HDRProcessing.framework/Versions/A/HDRProcessing
0x000000011e446000 	/Library/Java/JavaVirtualMachines/jdk1.8.0_251.jdk/Contents/Home/jre/lib/libosxui.dylib
0x000000011e820000 	/Library/Java/JavaVirtualMachines/jdk1.8.0_251.jdk/Contents/Home/jre/lib/libnet.dylib
0x000000011e837000 	/Library/Java/JavaVirtualMachines/jdk1.8.0_251.jdk/Contents/Home/jre/lib/libnio.dylib
0x000000018c650000 	/private/var/folders/y9/3jr7bys57jzblxxtts1yf0b00000gn/T/jogamp_0000/file_cache/jln8462183138063791786/jln8987160641222829708/libgluegen-rt.jnilib
0x000000018c654000 	/private/var/folders/y9/3jr7bys57jzblxxtts1yf0b00000gn/T/jogamp_0000/file_cache/jln8462183138063791786/jln8987160641222829708/libnativewindow_awt.jnilib
0x000000018c657000 	/Library/Java/JavaVirtualMachines/jdk1.8.0_251.jdk/Contents/Home/jre/lib/libjawt.dylib
0x000000018c65a000 	/private/var/folders/y9/3jr7bys57jzblxxtts1yf0b00000gn/T/jogamp_0000/file_cache/jln8462183138063791786/jln8987160641222829708/libnativewindow_macosx.jnilib
0x000000018c664000 	/private/var/folders/y9/3jr7bys57jzblxxtts1yf0b00000gn/T/jogamp_0000/file_cache/jln8462183138063791786/jln8987160641222829708/libjogl_desktop.jnilib
0x0000000194aea000 	/Library/Java/JavaVirtualMachines/jdk1.8.0_251.jdk/Contents/Home/jre/lib/libt2k.dylib

VM Arguments:
jvm_args: -Djava.security.policy=java.policy.applet -Dfile.encoding=UTF-8 
java_command: sun.applet.AppletViewer module6.EarthquakeCityMap1596053363816.html
java_class_path (initial): /Users/jasonli/eclipse-workspace/UCSDUnfoldingMaps/build:/Users/jasonli/eclipse-workspace/UCSDUnfoldingMaps/lib/core.jar:/Users/jasonli/eclipse-workspace/UCSDUnfoldingMaps/lib/gluegen-rt.jar:/Users/jasonli/eclipse-workspace/UCSDUnfoldingMaps/lib/jogl-all.jar:/Users/jasonli/eclipse-workspace/UCSDUnfoldingMaps/lib/log4j-1.2.15.jar:/Users/jasonli/eclipse-workspace/UCSDUnfoldingMaps/lib/sqlite-jdbc-3.7.2.jar:/Users/jasonli/eclipse-workspace/UCSDUnfoldingMaps/lib/json4processing.jar:/Users/jasonli/eclipse-workspace/UCSDUnfoldingMaps/lib/libTUIO.jar:/Users/jasonli/eclipse-workspace/UCSDUnfoldingMaps/lib/unfolding.0.9.7-uscd.jar
Launcher Type: SUN_STANDARD

Environment Variables:
PATH=/usr/bin:/bin:/usr/sbin:/sbin
SHELL=/bin/zsh

Signal Handlers:
SIGSEGV: [libjvm.dylib+0x5bc2ff], sa_mask[0]=11111111011111110111111111111111, sa_flags=SA_ONSTACK|SA_RESTART|SA_SIGINFO
SIGBUS: [libjvm.dylib+0x5bc2ff], sa_mask[0]=11111111011111110111111111111111, sa_flags=SA_RESTART|SA_SIGINFO
SIGFPE: [libjvm.dylib+0x48d41c], sa_mask[0]=11111111011111110111111111111111, sa_flags=SA_RESTART|SA_SIGINFO
SIGPIPE: [libjvm.dylib+0x48d41c], sa_mask[0]=11111111011111110111111111111111, sa_flags=SA_RESTART|SA_SIGINFO
SIGXFSZ: [libjvm.dylib+0x48d41c], sa_mask[0]=11111111011111110111111111111111, sa_flags=SA_RESTART|SA_SIGINFO
SIGILL: [libjvm.dylib+0x48d41c], sa_mask[0]=11111111011111110111111111111111, sa_flags=SA_RESTART|SA_SIGINFO
SIGUSR1: SIG_DFL, sa_mask[0]=00000000000000000000000000000000, sa_flags=none
SIGUSR2: [libjvm.dylib+0x48cf3a], sa_mask[0]=00100000000000000000000000000000, sa_flags=SA_RESTART|SA_SIGINFO
SIGHUP: [libjvm.dylib+0x48b4c5], sa_mask[0]=11111111011111110111111111111111, sa_flags=SA_RESTART|SA_SIGINFO
SIGINT: [libjvm.dylib+0x48b4c5], sa_mask[0]=11111111011111110111111111111111, sa_flags=SA_RESTART|SA_SIGINFO
SIGTERM: [libjvm.dylib+0x48b4c5], sa_mask[0]=11111111011111110111111111111111, sa_flags=SA_RESTART|SA_SIGINFO
SIGQUIT: [libjvm.dylib+0x48b4c5], sa_mask[0]=11111111011111110111111111111111, sa_flags=SA_RESTART|SA_SIGINFO


---------------  S Y S T E M  ---------------

OS:Bsduname:Darwin 19.6.0 Darwin Kernel Version 19.6.0: Sun Jul  5 00:43:10 PDT 2020; root:xnu-6153.141.1~9/RELEASE_X86_64 x86_64
rlimit: STACK 8192k, CORE 0k, NPROC 1392, NOFILE 10240, AS infinity
load average:4.04 3.51 3.83

CPU:total 4 (initial active 4) (2 cores per cpu, 2 threads per core) family 6 model 78 stepping 3, cmov, cx8, fxsr, mmx, sse, sse2, sse3, ssse3, sse4.1, sse4.2, popcnt, avx, avx2, aes, clmul, erms, 3dnowpref, lzcnt, ht, tsc, tscinvbit, bmi1, bmi2, adx

Memory: 4k page, physical 8388608k(29676k free)

/proc/meminfo:


vm_info: Java HotSpot(TM) 64-Bit Server VM (25.251-b08) for bsd-amd64 JRE (1.8.0_251-b08), built on Mar 12 2020 02:36:37 by "java_re" with gcc 4.2.1 (Based on Apple Inc. build 5658) (LLVM build 2336.11.00)

time: Wed Jul 29 16:10:53 2020
timezone: EDT
elapsed time: 89 seconds (0d 0h 1m 29s)

