#
# A fatal error has been detected by the Java Runtime Environment:
#
#  SIGSEGV (0xb) at pc=0x00007fff6d33081d, pid=50851, tid=0x0000000000000307
#
# JRE version: Java(TM) SE Runtime Environment (8.0_251-b08) (build 1.8.0_251-b08)
# Java VM: Java HotSpot(TM) 64-Bit Server VM (25.251-b08 mixed mode bsd-amd64 compressed oops)
# Problematic frame:
# C  [libobjc.A.dylib+0x681d]  objc_msgSend+0x1d
#
# Failed to write core dump. Core dumps have been disabled. To enable core dumping, try "ulimit -c unlimited" before starting Java again
#
# If you would like to submit a bug report, please visit:
#   http://bugreport.java.com/bugreport/crash.jsp
# The crash happened outside the Java Virtual Machine in native code.
# See problematic frame for where to report the bug.
#

---------------  T H R E A D  ---------------

Current thread (0x00007f87c9915800):  JavaThread "AWT-AppKit" daemon [_thread_in_native, id=775, stack(0x00007ffee47fb000,0x00007ffee4ffb000)]

siginfo: si_signo: 11 (SIGSEGV), si_code: 1 (SEGV_MAPERR), si_addr: 0x000007f87cd2ea20

Registers:
RAX=0x00007f87c8e8d620, RBX=0x0000000194a00450, RCX=0x7e2975cc6bd50001, RDX=0x0000000000000001
RSP=0x00007ffee4ff62a8, RBP=0x00007ffee4ff6360, RSI=0x00007fff78869742, RDI=0x00007f87cd291a70
R8 =0x0000000000000000, R9 =0x0000000000000031, R10=0x000007f87cd2ea08, R11=0x00007fff78869742
R12=0x0000000000000000, R13=0x0000000198e6ba38, R14=0x0000000194a00440, R15=0x00007f87c9915800
RIP=0x00007fff6d33081d, EFLAGS=0x0000000000010202, ERR=0x0000000000000004
  TRAPNO=0x000000000000000e

Top of Stack: (sp=0x00007ffee4ff62a8)
0x00007ffee4ff62a8:   00000001949fe157 00007ffee4ff6300
0x00007ffee4ff62b8:   0000000000000003 00007ffee4ff62e0
0x00007ffee4ff62c8:   000000010b7433ca 0000000198e6ba38
0x00007ffee4ff62d8:   0000000198e6ba38 00007f87c8e8d620
0x00007ffee4ff62e8:   0000000194a006a0 0000000194a00710
0x00007ffee4ff62f8:   00007fff8bcedff8 00007fff8d5dbfe8
0x00007ffee4ff6308:   0000000194a00450 0000000194a00690
0x00007ffee4ff6318:   00007f87c8e8d620 00007f87cd291a70
0x00007ffee4ff6328:   00007f87c8d45cc0 00007f87c8e8d620
0x00007ffee4ff6338:   00007f87cd291a70 00007ffee4ff63e8
0x00007ffee4ff6348:   00007f87c99159f8 0000000198e6ba38
0x00007ffee4ff6358:   00007ffee4ff6410 00007ffee4ff63d8
0x00007ffee4ff6368:   0000000110d05667 0000000198e6ba38
0x00007ffee4ff6378:   00007ffee4ff6410 00007ffee4ff63d8
0x00007ffee4ff6388:   0000000110d053c7 0000000110d05382
0x00007ffee4ff6398:   00007ffee4ff6398 0000000198e6ba38
0x00007ffee4ff63a8:   00007ffee4ff6410 0000000198e6e670
0x00007ffee4ff63b8:   0000000000000000 0000000198e6ba38
0x00007ffee4ff63c8:   0000000000000000 00007ffee4ff63f8
0x00007ffee4ff63d8:   00007ffee4ff6458 0000000110cf52bd
0x00007ffee4ff63e8:   0000000740419160 0000000110cfed18
0x00007ffee4ff63f8:   00007f87c8e8d620 00007ffee4ff6458
0x00007ffee4ff6408:   00007f87cd291a70 0000000110d00782
0x00007ffee4ff6418:   00007ffee4ff6418 0000000198e6bc02
0x00007ffee4ff6428:   00007ffee4ff6480 0000000198e6e670
0x00007ffee4ff6438:   0000000000000000 0000000198e6bc10
0x00007ffee4ff6448:   00007ffee4ff63f8 00007ffee4ff6468
0x00007ffee4ff6458:   00007ffee4ff64c8 0000000110cf52bd
0x00007ffee4ff6468:   00007f87c8e8d620 0000000740354d88
0x00007ffee4ff6478:   00007f87cd291a70 0000000740354d88
0x00007ffee4ff6488:   00007ffee4ff6488 000000019e4766be
0x00007ffee4ff6498:   00007ffee4ff64d8 000000019e476778 

Instructions: (pc=0x00007fff6d33081d)
0x00007fff6d3307fd:   44 00 00 48 85 ff 2e 74 72 40 f6 c7 01 2e 75 76
0x00007fff6d33080d:   49 ba f8 ff ff ff ff 7f 00 00 4c 23 17 49 89 f3
0x00007fff6d33081d:   45 23 5a 18 49 c1 e3 04 4d 03 5a 10 49 3b 33 75
0x00007fff6d33082d:   0a 4d 8b 5b 08 4d 31 d3 41 ff e3 49 83 3b 01 76 

Register to memory mapping:

RAX=0x00007f87c8e8d620 is an unknown value
RBX=0x0000000194a00450: Java_jogamp_nativewindow_macosx_OSXUtil_GetScreenRefreshRate0+0x1cf0 in /private/var/folders/y9/3jr7bys57jzblxxtts1yf0b00000gn/T/jogamp_0000/file_cache/jln9015019570850488620/jln4952871498142859391/libnativewindow_macosx.jnilib at 0x00000001949f9000
RCX=0x7e2975cc6bd50001 is an unknown value
RDX=0x0000000000000001 is an unknown value
RSP=0x00007ffee4ff62a8 is pointing into the stack for thread: 0x00007f87c9915800
RBP=0x00007ffee4ff6360 is pointing into the stack for thread: 0x00007f87c9915800
RSI=0x00007fff78869742: GCC_except_table740+0xb50f872 in /usr/lib/libobjc.A.dylib at 0x00007fff6d32a000
RDI=0x00007f87cd291a70 is an unknown value
R8 =0x0000000000000000 is an unknown value
R9 =0x0000000000000031 is an unknown value
R10=0x000007f87cd2ea08 is an unknown value
R11=0x00007fff78869742: GCC_except_table740+0xb50f872 in /usr/lib/libobjc.A.dylib at 0x00007fff6d32a000
R12=0x0000000000000000 is an unknown value
R13={method} {0x0000000198e6ba38} 'UnsetJAWTRootSurfaceLayer0' '(JJ)V' in 'jogamp/nativewindow/jawt/macosx/MacOSXJAWTWindow'
R14=0x0000000194a00440: Java_jogamp_nativewindow_macosx_OSXUtil_GetScreenRefreshRate0+0x1ce0 in /private/var/folders/y9/3jr7bys57jzblxxtts1yf0b00000gn/T/jogamp_0000/file_cache/jln9015019570850488620/jln4952871498142859391/libnativewindow_macosx.jnilib at 0x00000001949f9000
R15=0x00007f87c9915800 is a thread


Stack: [0x00007ffee47fb000,0x00007ffee4ffb000],  sp=0x00007ffee4ff62a8,  free space=8172k
Native frames: (J=compiled Java code, j=interpreted, Vv=VM code, C=native code)
C  [libobjc.A.dylib+0x681d]  objc_msgSend+0x1d
j  jogamp.nativewindow.jawt.macosx.MacOSXJAWTWindow.UnsetJAWTRootSurfaceLayer0(JJ)V+0
j  jogamp.nativewindow.jawt.macosx.MacOSXJAWTWindow.access$200(JJ)V+2
j  jogamp.nativewindow.jawt.macosx.MacOSXJAWTWindow$1.run()V+38
J 3178 C1 com.jogamp.common.util.RunnableTask.run()V (345 bytes) @ 0x00000001116cf9a4 [0x00000001116cf800+0x1a4]
v  ~StubRoutines::call_stub
V  [libjvm.dylib+0x2f09b2]
V  [libjvm.dylib+0x327c14]
V  [libjvm.dylib+0x31a3f7]
C  [libnativewindow_macosx.jnilib+0x5326]  Java_jogamp_nativewindow_jawt_macosx_MacOSXJAWTWindow_UnsetJAWTRootSurfaceLayer0+0x2b6
C  [Foundation+0x9b0dd]  __NSThreadPerformPerform+0xcc
C  [CoreFoundation+0x83d52]  __CFRUNLOOP_IS_CALLING_OUT_TO_A_SOURCE0_PERFORM_FUNCTION__+0x11
C  [CoreFoundation+0x83cf1]  __CFRunLoopDoSource0+0x67
C  [CoreFoundation+0x83b67]  __CFRunLoopDoSources0+0x12d
C  [CoreFoundation+0x8283a]  __CFRunLoopRun+0x39f
C  [CoreFoundation+0x81e3e]  CFRunLoopRunSpecific+0x1ce
C  [HIToolbox+0x2fabd]  RunCurrentEventLoopInMode+0x124
C  [HIToolbox+0x2f6f4]  ReceiveNextEventCommon+0x167
C  [HIToolbox+0x2f579]  _BlockUntilNextEventMatchingListInModeWithFilter+0x40
C  [AppKit+0x41039]  _DPSNextEvent+0x373
C  [AppKit+0x3f880]  -[NSApplication(NSEvent) _nextEventMatchingEventMask:untilDate:inMode:dequeue:]+0x548
C  [libosxapp.dylib+0x2328]  -[NSApplicationAWT nextEventMatchingMask:untilDate:inMode:dequeue:]+0x7c
C  [AppKit+0x3158e]  -[NSApplication run]+0x292
C  [libosxapp.dylib+0x1f72]  +[NSApplicationAWT runAWTLoopWithApp:]+0x9c
C  [libawt_lwawt.dylib+0x4803b]  -[AWTStarter starter:]+0x389
C  [Foundation+0x9b0dd]  __NSThreadPerformPerform+0xcc
C  [CoreFoundation+0x83d52]  __CFRUNLOOP_IS_CALLING_OUT_TO_A_SOURCE0_PERFORM_FUNCTION__+0x11
C  [CoreFoundation+0x83cf1]  __CFRunLoopDoSource0+0x67
C  [CoreFoundation+0x83b0b]  __CFRunLoopDoSources0+0xd1
C  [CoreFoundation+0x8283a]  __CFRunLoopRun+0x39f
C  [CoreFoundation+0x81e3e]  CFRunLoopRunSpecific+0x1ce
C  [java+0x646e]  CreateExecutionEnvironment+0x367
C  [java+0x203c]  JLI_Launch+0x7a0
C  [java+0x84cb]  main+0x65
C  [java+0x1894]  start+0x34
C  0x0000000000000007

Java frames: (J=compiled Java code, j=interpreted, Vv=VM code)
j  jogamp.nativewindow.jawt.macosx.MacOSXJAWTWindow.UnsetJAWTRootSurfaceLayer0(JJ)V+0
j  jogamp.nativewindow.jawt.macosx.MacOSXJAWTWindow.access$200(JJ)V+2
j  jogamp.nativewindow.jawt.macosx.MacOSXJAWTWindow$1.run()V+38
J 3178 C1 com.jogamp.common.util.RunnableTask.run()V (345 bytes) @ 0x00000001116cf9a4 [0x00000001116cf800+0x1a4]
v  ~StubRoutines::call_stub

---------------  P R O C E S S  ---------------

Java Threads: ( => current thread )
  0x00007f87c96a4800 JavaThread "Thread-19" [_thread_blocked, id=58183, stack(0x0000700005596000,0x0000700005696000)]
  0x00007f87cab8e800 JavaThread "AWT-EventQueue-1" [_thread_blocked, id=58643, stack(0x0000700005493000,0x0000700005593000)]
  0x00007f87ca80b800 JavaThread "DestroyJavaVM" [_thread_blocked, id=4099, stack(0x0000700003d45000,0x0000700003e45000)]
  0x00007f87c9992000 JavaThread "AWT-EventQueue-0" [_thread_blocked, id=76291, stack(0x000070000528d000,0x000070000538d000)]
  0x00007f87ca231000 JavaThread "Java2D Disposer" daemon [_thread_blocked, id=78347, stack(0x0000700005004000,0x0000700005104000)]
  0x00007f87caa50800 JavaThread "Java2D Queue Flusher" daemon [_thread_blocked, id=80135, stack(0x0000700004f01000,0x0000700005001000)]
  0x00007f87ca164800 JavaThread "AWT-Shutdown" [_thread_blocked, id=25371, stack(0x0000700004cf8000,0x0000700004df8000)]
=>0x00007f87c9915800 JavaThread "AWT-AppKit" daemon [_thread_in_native, id=775, stack(0x00007ffee47fb000,0x00007ffee4ffb000)]
  0x00007f87c902d800 JavaThread "Service Thread" daemon [_thread_blocked, id=18435, stack(0x0000700004a6f000,0x0000700004b6f000)]
  0x00007f87ca83c000 JavaThread "C1 CompilerThread2" daemon [_thread_blocked, id=14851, stack(0x000070000496c000,0x0000700004a6c000)]
  0x00007f87c982c000 JavaThread "C2 CompilerThread1" daemon [_thread_blocked, id=14595, stack(0x0000700004869000,0x0000700004969000)]
  0x00007f87ca012000 JavaThread "C2 CompilerThread0" daemon [_thread_blocked, id=14083, stack(0x0000700004766000,0x0000700004866000)]
  0x00007f87c902c800 JavaThread "Signal Dispatcher" daemon [_thread_blocked, id=13827, stack(0x0000700004663000,0x0000700004763000)]
  0x00007f87ca834800 JavaThread "Finalizer" daemon [_thread_blocked, id=20739, stack(0x000070000445a000,0x000070000455a000)]
  0x00007f87ca80f800 JavaThread "Reference Handler" daemon [_thread_blocked, id=11267, stack(0x0000700004357000,0x0000700004457000)]

Other Threads:
  0x00007f87c9011000 VMThread [stack: 0x0000700004254000,0x0000700004354000] [id=21251]
  0x00007f87ca013000 WatcherThread [stack: 0x0000700004b72000,0x0000700004c72000] [id=17923]

VM state:not at safepoint (normal execution)

VM Mutex/Monitor currently owned by a thread: None

heap address: 0x0000000740000000, size: 2048 MB, Compressed Oops mode: Zero based, Oop shift amount: 3
Narrow klass base: 0x0000000000000000, Narrow klass shift: 3
Compressed class space size: 1073741824 Address: 0x00000007c0000000

Heap:
 PSYoungGen      total 196608K, used 66052K [0x0000000795580000, 0x00000007a3100000, 0x00000007c0000000)
  eden space 196096K, 33% used [0x0000000795580000,0x00000007995d1228,0x00000007a1500000)
  from space 512K, 37% used [0x00000007a1d00000,0x00000007a1d30000,0x00000007a1d80000)
  to   space 13824K, 0% used [0x00000007a2380000,0x00000007a2380000,0x00000007a3100000)
 ParOldGen       total 50688K, used 22911K [0x0000000740000000, 0x0000000743180000, 0x0000000795580000)
  object space 50688K, 45% used [0x0000000740000000,0x000000074165fff0,0x0000000743180000)
 Metaspace       used 25280K, capacity 25703K, committed 25984K, reserved 1073152K
  class space    used 2501K, capacity 2654K, committed 2688K, reserved 1048576K

Card table byte_map: [0x000000010c97e000,0x000000010cd7f000] byte_map_base: 0x0000000108f7e000

Marking Bits: (ParMarkBitMap*) 0x000000010bf00f60
 Begin Bits: [0x000000011fced000, 0x0000000121ced000)
 End Bits:   [0x0000000121ced000, 0x0000000123ced000)

Polling page: 0x000000010ac76000

CodeCache: size=245760Kb used=11216Kb max_used=11500Kb free=234543Kb
 bounds [0x0000000110ced000, 0x000000011184d000, 0x000000011fced000]
 total_blobs=4193 nmethods=3229 adapters=876
 compilation: enabled

Compilation events (10 events):
Event: 85.157 Thread 0x00007f87c982c000 3746       4       java.util.concurrent.locks.ReentrantLock$Sync::nonfairTryAcquire (67 bytes)
Event: 85.159 Thread 0x00007f87c982c000 nmethod 3746 0x0000000110f2d750 code [0x0000000110f2d8a0, 0x0000000110f2d978]
Event: 85.180 Thread 0x00007f87ca83c000 3747       1       java.awt.Component::getTreeLock (4 bytes)
Event: 85.180 Thread 0x00007f87ca83c000 nmethod 3747 0x0000000110f52bd0 code [0x0000000110f52d20, 0x0000000110f52e30]
Event: 85.183 Thread 0x00007f87ca83c000 3749       3       sun.java2d.pipe.RenderBuffer::putFloat (26 bytes)
Event: 85.183 Thread 0x00007f87ca83c000 nmethod 3749 0x0000000110f20fd0 code [0x0000000110f21140, 0x0000000110f212d0]
Event: 85.184 Thread 0x00007f87ca83c000 3748       1       sun.java2d.SurfaceData::isValid (5 bytes)
Event: 85.184 Thread 0x00007f87ca83c000 nmethod 3748 0x0000000111825a50 code [0x0000000111825ba0, 0x0000000111825cb0]
Event: 85.185 Thread 0x00007f87ca83c000 3750       3       java.lang.invoke.LambdaForm::uncustomize (58 bytes)
Event: 85.185 Thread 0x00007f87ca83c000 nmethod 3750 0x000000011155e6d0 code [0x000000011155e840, 0x000000011155eaf0]

GC Heap History (10 events):
Event: 25.734 GC heap before
{Heap before GC invocations=8 (full 1):
 PSYoungGen      total 117248K, used 109687K [0x0000000795580000, 0x000000079dc00000, 0x00000007c0000000)
  eden space 104448K, 100% used [0x0000000795580000,0x000000079bb80000,0x000000079bb80000)
  from space 12800K, 40% used [0x000000079c800000,0x000000079cd1dda0,0x000000079d480000)
  to   space 12800K, 0% used [0x000000079bb80000,0x000000079bb80000,0x000000079c800000)
 ParOldGen       total 50688K, used 17631K [0x0000000740000000, 0x0000000743180000, 0x0000000795580000)
  object space 50688K, 34% used [0x0000000740000000,0x0000000741137e60,0x0000000743180000)
 Metaspace       used 25202K, capacity 25571K, committed 25728K, reserved 1073152K
  class space    used 2489K, capacity 2588K, committed 2688K, reserved 1048576K
Event: 25.740 GC heap after
Heap after GC invocations=8 (full 1):
 PSYoungGen      total 117248K, used 5287K [0x0000000795580000, 0x00000007a1300000, 0x00000007c0000000)
  eden space 104448K, 0% used [0x0000000795580000,0x0000000795580000,0x000000079bb80000)
  from space 12800K, 41% used [0x000000079bb80000,0x000000079c0a9d90,0x000000079c800000)
  to   space 12288K, 0% used [0x00000007a0700000,0x00000007a0700000,0x00000007a1300000)
 ParOldGen       total 50688K, used 17639K [0x0000000740000000, 0x0000000743180000, 0x0000000795580000)
  object space 50688K, 34% used [0x0000000740000000,0x0000000741139e60,0x0000000743180000)
 Metaspace       used 25202K, capacity 25571K, committed 25728K, reserved 1073152K
  class space    used 2489K, capacity 2588K, committed 2688K, reserved 1048576K
}
Event: 34.901 GC heap before
{Heap before GC invocations=9 (full 1):
 PSYoungGen      total 117248K, used 109735K [0x0000000795580000, 0x00000007a1300000, 0x00000007c0000000)
  eden space 104448K, 100% used [0x0000000795580000,0x000000079bb80000,0x000000079bb80000)
  from space 12800K, 41% used [0x000000079bb80000,0x000000079c0a9d90,0x000000079c800000)
  to   space 12288K, 0% used [0x00000007a0700000,0x00000007a0700000,0x00000007a1300000)
 ParOldGen       total 50688K, used 17639K [0x0000000740000000, 0x0000000743180000, 0x0000000795580000)
  object space 50688K, 34% used [0x0000000740000000,0x0000000741139e60,0x0000000743180000)
 Metaspace       used 25203K, capacity 25571K, committed 25728K, reserved 1073152K
  class space    used 2489K, capacity 2588K, committed 2688K, reserved 1048576K
Event: 34.908 GC heap after
Heap after GC invocations=9 (full 1):
 PSYoungGen      total 169472K, used 1344K [0x0000000795580000, 0x00000007a0d80000, 0x00000007c0000000)
  eden space 162816K, 0% used [0x0000000795580000,0x0000000795580000,0x000000079f480000)
  from space 6656K, 20% used [0x00000007a0700000,0x00000007a0850060,0x00000007a0d80000)
  to   space 12800K, 0% used [0x000000079f480000,0x000000079f480000,0x00000007a0100000)
 ParOldGen       total 50688K, used 21597K [0x0000000740000000, 0x0000000743180000, 0x0000000795580000)
  object space 50688K, 42% used [0x0000000740000000,0x00000007415176d0,0x0000000743180000)
 Metaspace       used 25203K, capacity 25571K, committed 25728K, reserved 1073152K
  class space    used 2489K, capacity 2588K, committed 2688K, reserved 1048576K
}
Event: 47.757 GC heap before
{Heap before GC invocations=10 (full 1):
 PSYoungGen      total 169472K, used 164160K [0x0000000795580000, 0x00000007a0d80000, 0x00000007c0000000)
  eden space 162816K, 100% used [0x0000000795580000,0x000000079f480000,0x000000079f480000)
  from space 6656K, 20% used [0x00000007a0700000,0x00000007a0850060,0x00000007a0d80000)
  to   space 12800K, 0% used [0x000000079f480000,0x000000079f480000,0x00000007a0100000)
 ParOldGen       total 50688K, used 21597K [0x0000000740000000, 0x0000000743180000, 0x0000000795580000)
  object space 50688K, 42% used [0x0000000740000000,0x00000007415176d0,0x0000000743180000)
 Metaspace       used 25220K, capacity 25635K, committed 25984K, reserved 1073152K
  class space    used 2489K, capacity 2588K, committed 2688K, reserved 1048576K
Event: 47.761 GC heap after
Heap after GC invocations=10 (full 1):
 PSYoungGen      total 175616K, used 192K [0x0000000795580000, 0x00000007a3d80000, 0x00000007c0000000)
  eden space 162816K, 0% used [0x0000000795580000,0x0000000795580000,0x000000079f480000)
  from space 12800K, 1% used [0x000000079f480000,0x000000079f4b0000,0x00000007a0100000)
  to   space 13312K, 0% used [0x00000007a3080000,0x00000007a3080000,0x00000007a3d80000)
 ParOldGen       total 50688K, used 22855K [0x0000000740000000, 0x0000000743180000, 0x0000000795580000)
  object space 50688K, 45% used [0x0000000740000000,0x0000000741651ff0,0x0000000743180000)
 Metaspace       used 25220K, capacity 25635K, committed 25984K, reserved 1073152K
  class space    used 2489K, capacity 2588K, committed 2688K, reserved 1048576K
}
Event: 62.010 GC heap before
{Heap before GC invocations=11 (full 1):
 PSYoungGen      total 175616K, used 163008K [0x0000000795580000, 0x00000007a3d80000, 0x00000007c0000000)
  eden space 162816K, 100% used [0x0000000795580000,0x000000079f480000,0x000000079f480000)
  from space 12800K, 1% used [0x000000079f480000,0x000000079f4b0000,0x00000007a0100000)
  to   space 13312K, 0% used [0x00000007a3080000,0x00000007a3080000,0x00000007a3d80000)
 ParOldGen       total 50688K, used 22855K [0x0000000740000000, 0x0000000743180000, 0x0000000795580000)
  object space 50688K, 45% used [0x0000000740000000,0x0000000741651ff0,0x0000000743180000)
 Metaspace       used 25220K, capacity 25635K, committed 25984K, reserved 1073152K
  class space    used 2489K, capacity 2588K, committed 2688K, reserved 1048576K
Event: 62.012 GC heap after
Heap after GC invocations=11 (full 1):
 PSYoungGen      total 211968K, used 160K [0x0000000795580000, 0x00000007a3800000, 0x00000007c0000000)
  eden space 204288K, 0% used [0x0000000795580000,0x0000000795580000,0x00000007a1d00000)
  from space 7680K, 2% used [0x00000007a3080000,0x00000007a30a8000,0x00000007a3800000)
  to   space 13824K, 0% used [0x00000007a1d00000,0x00000007a1d00000,0x00000007a2a80000)
 ParOldGen       total 50688K, used 22911K [0x0000000740000000, 0x0000000743180000, 0x0000000795580000)
  object space 50688K, 45% used [0x0000000740000000,0x000000074165fff0,0x0000000743180000)
 Metaspace       used 25220K, capacity 25635K, committed 25984K, reserved 1073152K
  class space    used 2489K, capacity 2588K, committed 2688K, reserved 1048576K
}
Event: 80.085 GC heap before
{Heap before GC invocations=12 (full 1):
 PSYoungGen      total 211968K, used 204448K [0x0000000795580000, 0x00000007a3800000, 0x00000007c0000000)
  eden space 204288K, 100% used [0x0000000795580000,0x00000007a1d00000,0x00000007a1d00000)
  from space 7680K, 2% used [0x00000007a3080000,0x00000007a30a8000,0x00000007a3800000)
  to   space 13824K, 0% used [0x00000007a1d00000,0x00000007a1d00000,0x00000007a2a80000)
 ParOldGen       total 50688K, used 22911K [0x0000000740000000, 0x0000000743180000, 0x0000000795580000)
  object space 50688K, 45% used [0x0000000740000000,0x000000074165fff0,0x0000000743180000)
 Metaspace       used 25220K, capacity 25635K, committed 25984K, reserved 1073152K
  class space    used 2489K, capacity 2588K, committed 2688K, reserved 1048576K
Event: 80.087 GC heap after
Heap after GC invocations=12 (full 1):
 PSYoungGen      total 196608K, used 192K [0x0000000795580000, 0x00000007a3100000, 0x00000007c0000000)
  eden space 196096K, 0% used [0x0000000795580000,0x0000000795580000,0x00000007a1500000)
  from space 512K, 37% used [0x00000007a1d00000,0x00000007a1d30000,0x00000007a1d80000)
  to   space 13824K, 0% used [0x00000007a2380000,0x00000007a2380000,0x00000007a3100000)
 ParOldGen       total 50688K, used 22911K [0x0000000740000000, 0x0000000743180000, 0x0000000795580000)
  object space 50688K, 45% used [0x0000000740000000,0x000000074165fff0,0x0000000743180000)
 Metaspace       used 25220K, capacity 25635K, committed 25984K, reserved 1073152K
  class space    used 2489K, capacity 2588K, committed 2688K, reserved 1048576K
}

Deoptimization events (10 events):
Event: 85.028 Thread 0x00007f87c9992000 Uncommon trap: reason=unstable_if action=reinterpret pc=0x00000001110315ac method=sun.java2d.SunGraphics2D.validateCompClip()V @ 9
Event: 85.028 Thread 0x00007f87cab8e800 Uncommon trap: reason=unstable_if action=reinterpret pc=0x000000011182a528 method=java.awt.EventQueue.getPriority(Ljava/awt/AWTEvent;)I @ 22
Event: 85.028 Thread 0x00007f87cab8e800 Uncommon trap: reason=unstable_if action=reinterpret pc=0x00000001118345e8 method=java.awt.EventQueue.uncacheEQItem(Lsun/awt/EventQueueItem;)V @ 23
Event: 85.060 Thread 0x00007f87c9992000 Uncommon trap: reason=unstable_if action=reinterpret pc=0x00000001117f4174 method=sun.java2d.pipe.Region.intersectsQuickCheck(Lsun/java2d/pipe/Region;)Z @ 41
Event: 85.061 Thread 0x00007f87c9992000 Uncommon trap: reason=unstable_if action=reinterpret pc=0x000000011167fa14 method=java.awt.Font.equals(Ljava/lang/Object;)Z @ 2
Event: 85.139 Thread 0x00007f87c9915800 Uncommon trap: reason=unstable_if action=reinterpret pc=0x000000011184070c method=sun.lwawt.LWComponentPeer.findPeerAt(II)Lsun/lwawt/LWComponentPeer; @ 15
Event: 85.139 Thread 0x00007f87c9915800 Uncommon trap: reason=unstable_if action=reinterpret pc=0x0000000111841384 method=sun.lwawt.LWContainerPeer.findPeerAt(II)Lsun/lwawt/LWComponentPeer; @ 93
Event: 85.139 Thread 0x00007f87c9915800 Uncommon trap: reason=unstable_if action=reinterpret pc=0x00000001110320ec method=sun.lwawt.LWComponentPeer.findPeerAt(II)Lsun/lwawt/LWComponentPeer; @ 15
Event: 85.159 Thread 0x00007f87c9082000 Uncommon trap: reason=unstable_if action=reinterpret pc=0x00000001111e34bc method=java.util.HashMap.putVal(ILjava/lang/Object;Ljava/lang/Object;ZZ)Ljava/lang/Object; @ 81
Event: 85.183 Thread 0x00007f87c96a4800 Uncommon trap: reason=predicate action=maybe_recompile pc=0x000000011102bcd0 method=java.util.Vector.indexOf(Ljava/lang/Object;I)I @ 44

Classes redefined (0 events):
No events

Internal exceptions (10 events):
Event: 8.498 Thread 0x00007f87d111e000 Exception <a 'java/security/PrivilegedActionException'> (0x0000000795efba40) thrown at [/jenkins/workspace/8-2-build-macosx-x86_64/jdk8u251/737/hotspot/src/share/vm/prims/jvm.cpp, line 1502]
Event: 8.516 Thread 0x00007f87d0ae2800 Exception <a 'java/security/PrivilegedActionException'> (0x0000000796248b48) thrown at [/jenkins/workspace/8-2-build-macosx-x86_64/jdk8u251/737/hotspot/src/share/vm/prims/jvm.cpp, line 1502]
Event: 8.668 Thread 0x00007f87d111f000 Exception <a 'java/security/PrivilegedActionException'> (0x00000007964a3c08) thrown at [/jenkins/workspace/8-2-build-macosx-x86_64/jdk8u251/737/hotspot/src/share/vm/prims/jvm.cpp, line 1502]
Event: 8.805 Thread 0x00007f87c96b9000 Exception <a 'java/security/PrivilegedActionException'> (0x00000007967c5568) thrown at [/jenkins/workspace/8-2-build-macosx-x86_64/jdk8u251/737/hotspot/src/share/vm/prims/jvm.cpp, line 1502]
Event: 8.823 Thread 0x00007f87c96b8000 Exception <a 'java/security/PrivilegedActionException'> (0x0000000796793668) thrown at [/jenkins/workspace/8-2-build-macosx-x86_64/jdk8u251/737/hotspot/src/share/vm/prims/jvm.cpp, line 1502]
Event: 8.991 Thread 0x00007f87d0ae2800 Exception <a 'java/security/PrivilegedActionException'> (0x000000079694bd90) thrown at [/jenkins/workspace/8-2-build-macosx-x86_64/jdk8u251/737/hotspot/src/share/vm/prims/jvm.cpp, line 1502]
Event: 9.144 Thread 0x00007f87c96bf000 Exception <a 'java/security/PrivilegedActionException'> (0x0000000796c3b7d8) thrown at [/jenkins/workspace/8-2-build-macosx-x86_64/jdk8u251/737/hotspot/src/share/vm/prims/jvm.cpp, line 1502]
Event: 9.223 Thread 0x00007f87c90a0800 Exception <a 'java/security/PrivilegedActionException'> (0x0000000796f5d120) thrown at [/jenkins/workspace/8-2-build-macosx-x86_64/jdk8u251/737/hotspot/src/share/vm/prims/jvm.cpp, line 1502]
Event: 9.333 Thread 0x00007f87d19d0000 Exception <a 'java/security/PrivilegedActionException'> (0x0000000796e16908) thrown at [/jenkins/workspace/8-2-build-macosx-x86_64/jdk8u251/737/hotspot/src/share/vm/prims/jvm.cpp, line 1502]
Event: 9.571 Thread 0x00007f87c99fd800 Exception <a 'java/security/PrivilegedActionException'> (0x00000007971382a8) thrown at [/jenkins/workspace/8-2-build-macosx-x86_64/jdk8u251/737/hotspot/src/share/vm/prims/jvm.cpp, line 1502]

Events (10 events):
Event: 85.186 Thread 0x00007f87ca83c000 flushing nmethod 0x0000000111635a10
Event: 85.186 Thread 0x00007f87ca83c000 flushing nmethod 0x0000000111638310
Event: 85.186 Thread 0x00007f87ca83c000 flushing nmethod 0x00000001116406d0
Event: 85.186 Thread 0x00007f87ca83c000 flushing nmethod 0x0000000111644790
Event: 85.193 loading class java/util/IdentityHashMap$KeyIterator
Event: 85.193 loading class java/util/IdentityHashMap$IdentityHashMapIterator
Event: 85.193 loading class java/util/IdentityHashMap$IdentityHashMapIterator done
Event: 85.193 loading class java/util/IdentityHashMap$KeyIterator done
Event: 85.194 Thread 0x00007f87caa63000 Thread added: 0x00007f87caa63000
Event: 85.194 Thread 0x00007f87cab8d800 Thread added: 0x00007f87cab8d800


Dynamic libraries:
0x00007fff33555000 	/System/Library/Frameworks/Cocoa.framework/Versions/A/Cocoa
0x00007fff40d4a000 	/System/Library/Frameworks/Security.framework/Versions/A/Security
0x00007fff324ba000 	/System/Library/Frameworks/ApplicationServices.framework/Versions/A/ApplicationServices
0x00007fff6da06000 	/usr/lib/libz.1.dylib
0x00007fff6b4ca000 	/usr/lib/libSystem.B.dylib
0x00007fff6d32a000 	/usr/lib/libobjc.A.dylib
0x00007fff343f7000 	/System/Library/Frameworks/CoreFoundation.framework/Versions/A/CoreFoundation
0x00007fff36ab4000 	/System/Library/Frameworks/Foundation.framework/Versions/C/Foundation
0x00007fff316aa000 	/System/Library/Frameworks/AppKit.framework/Versions/C/AppKit
0x00007fff33ed9000 	/System/Library/Frameworks/CoreData.framework/Versions/A/CoreData
0x00007fff654e0000 	/System/Library/PrivateFrameworks/UIFoundation.framework/Versions/A/UIFoundation
0x00007fff60574000 	/System/Library/PrivateFrameworks/RemoteViewServices.framework/Versions/A/RemoteViewServices
0x00007fff6803a000 	/System/Library/PrivateFrameworks/XCTTargetBootstrap.framework/Versions/A/XCTTargetBootstrap
0x00007fff342c4000 	/System/Library/Frameworks/CoreDisplay.framework/Versions/A/CoreDisplay
0x00007fff3996e000 	/System/Library/Frameworks/Metal.framework/Versions/A/Metal
0x00007fff4e561000 	/System/Library/PrivateFrameworks/DesktopServicesPriv.framework/Versions/A/DesktopServicesPriv
0x00007fff6c605000 	/usr/lib/liblangid.dylib
0x00007fff4d7f6000 	/System/Library/PrivateFrameworks/CoreSVG.framework/Versions/A/CoreSVG
0x00007fff636d0000 	/System/Library/PrivateFrameworks/SkyLight.framework/Versions/A/SkyLight
0x00007fff34878000 	/System/Library/Frameworks/CoreGraphics.framework/Versions/A/CoreGraphics
0x00007fff3007e000 	/System/Library/Frameworks/Accelerate.framework/Versions/A/Accelerate
0x00007fff6d8f7000 	/usr/lib/libxml2.2.dylib
0x00007fff594ff000 	/System/Library/PrivateFrameworks/IconServices.framework/Versions/A/IconServices
0x00007fff37293000 	/System/Library/Frameworks/IOSurface.framework/Versions/A/IOSurface
0x00007fff6aff4000 	/usr/lib/libDiagnosticMessagesClient.dylib
0x00007fff4e3bb000 	/System/Library/PrivateFrameworks/DFRFoundation.framework/Versions/A/DFRFoundation
0x00007fff6c394000 	/usr/lib/libicucore.A.dylib
0x00007fff327ec000 	/System/Library/Frameworks/AudioToolbox.framework/Versions/A/AudioToolbox
0x00007fff328cf000 	/System/Library/Frameworks/AudioUnit.framework/Versions/A/AudioUnit
0x00007fff6b6cc000 	/usr/lib/libauto.dylib
0x00007fff4e45d000 	/System/Library/PrivateFrameworks/DataDetectorsCore.framework/Versions/A/DataDetectorsCore
0x00007fff33076000 	/System/Library/Frameworks/Carbon.framework/Versions/A/Frameworks/HIToolbox.framework/Versions/A/HIToolbox
0x00007fff3ff46000 	/System/Library/Frameworks/QuartzCore.framework/Versions/A/QuartzCore
0x00007fff333b5000 	/System/Library/Frameworks/Carbon.framework/Versions/A/Frameworks/SpeechRecognition.framework/Versions/A/SpeechRecognition
0x00007fff4decf000 	/System/Library/PrivateFrameworks/CoreUI.framework/Versions/A/CoreUI
0x00007fff33944000 	/System/Library/Frameworks/CoreAudio.framework/Versions/A/CoreAudio
0x00007fff36773000 	/System/Library/Frameworks/DiskArbitration.framework/Versions/A/DiskArbitration
0x00007fff5b54f000 	/System/Library/PrivateFrameworks/MultitouchSupport.framework/Versions/A/MultitouchSupport
0x00007fff6c25b000 	/usr/lib/libenergytrace.dylib
0x00007fff371ed000 	/System/Library/Frameworks/IOKit.framework/Versions/A/IOKit
0x00007fff357df000 	/System/Library/Frameworks/CoreServices.framework/Versions/A/CoreServices
0x00007fff5d707000 	/System/Library/PrivateFrameworks/PerformanceAnalysis.framework/Versions/A/PerformanceAnalysis
0x00007fff3ef79000 	/System/Library/Frameworks/OpenGL.framework/Versions/A/OpenGL
0x00007fff33563000 	/System/Library/Frameworks/ColorSync.framework/Versions/A/ColorSync
0x00007fff34efb000 	/System/Library/Frameworks/CoreImage.framework/Versions/A/CoreImage
0x00007fff36252000 	/System/Library/Frameworks/CoreText.framework/Versions/A/CoreText
0x00007fff37323000 	/System/Library/Frameworks/ImageIO.framework/Versions/A/ImageIO
0x00007fff6b7b0000 	/usr/lib/libc++.1.dylib
0x00007fff6b82c000 	/usr/lib/libcompression.dylib
0x00007fff6b338000 	/usr/lib/libMobileGestalt.dylib
0x00007fff6524a000 	/System/Library/PrivateFrameworks/TextureIO.framework/Versions/A/TextureIO
0x00007fff6b62f000 	/usr/lib/libate.dylib
0x00007fff59708000 	/System/Library/PrivateFrameworks/InternationalSupport.framework/Versions/A/InternationalSupport
0x00007fff6e2c7000 	/usr/lib/system/libcache.dylib
0x00007fff6e2cd000 	/usr/lib/system/libcommonCrypto.dylib
0x00007fff6e2d9000 	/usr/lib/system/libcompiler_rt.dylib
0x00007fff6e2e1000 	/usr/lib/system/libcopyfile.dylib
0x00007fff6e2eb000 	/usr/lib/system/libcorecrypto.dylib
0x00007fff6e48a000 	/usr/lib/system/libdispatch.dylib
0x00007fff6e4cb000 	/usr/lib/system/libdyld.dylib
0x00007fff6e502000 	/usr/lib/system/libkeymgr.dylib
0x00007fff6e510000 	/usr/lib/system/liblaunch.dylib
0x00007fff6e511000 	/usr/lib/system/libmacho.dylib
0x00007fff6e517000 	/usr/lib/system/libquarantine.dylib
0x00007fff6e51a000 	/usr/lib/system/libremovefile.dylib
0x00007fff6e51c000 	/usr/lib/system/libsystem_asl.dylib
0x00007fff6e534000 	/usr/lib/system/libsystem_blocks.dylib
0x00007fff6e535000 	/usr/lib/system/libsystem_c.dylib
0x00007fff6e5bd000 	/usr/lib/system/libsystem_configuration.dylib
0x00007fff6e5c1000 	/usr/lib/system/libsystem_coreservices.dylib
0x00007fff6e5c5000 	/usr/lib/system/libsystem_darwin.dylib
0x00007fff6e5ce000 	/usr/lib/system/libsystem_dnssd.dylib
0x00007fff6e5d6000 	/usr/lib/system/libsystem_featureflags.dylib
0x00007fff6e5d8000 	/usr/lib/system/libsystem_info.dylib
0x00007fff6e653000 	/usr/lib/system/libsystem_m.dylib
0x00007fff6e69b000 	/usr/lib/system/libsystem_malloc.dylib
0x00007fff6e6c3000 	/usr/lib/system/libsystem_networkextension.dylib
0x00007fff6e6d1000 	/usr/lib/system/libsystem_notify.dylib
0x00007fff6e6ef000 	/usr/lib/system/libsystem_sandbox.dylib
0x00007fff6e6f4000 	/usr/lib/system/libsystem_secinit.dylib
0x00007fff6e626000 	/usr/lib/system/libsystem_kernel.dylib
0x00007fff6e6db000 	/usr/lib/system/libsystem_platform.dylib
0x00007fff6e6e4000 	/usr/lib/system/libsystem_pthread.dylib
0x00007fff6e6f7000 	/usr/lib/system/libsystem_symptoms.dylib
0x00007fff6e6ff000 	/usr/lib/system/libsystem_trace.dylib
0x00007fff6e717000 	/usr/lib/system/libunwind.dylib
0x00007fff6e71d000 	/usr/lib/system/libxpc.dylib
0x00007fff6b803000 	/usr/lib/libc++abi.dylib
0x00007fff6c607000 	/usr/lib/liblzma.5.dylib
0x00007fff6c282000 	/usr/lib/libfakelink.dylib
0x00007fff6b5bc000 	/usr/lib/libarchive.2.dylib
0x00007fff41dfb000 	/System/Library/Frameworks/SystemConfiguration.framework/Versions/A/SystemConfiguration
0x00007fff6af27000 	/usr/lib/libCRFSuite.dylib
0x00007fff32c66000 	/System/Library/Frameworks/CFNetwork.framework/Versions/A/CFNetwork
0x00007fff6b792000 	/usr/lib/libbsm.0.dylib
0x00007fff6e503000 	/usr/lib/system/libkxld.dylib
0x00007fff47d38000 	/System/Library/PrivateFrameworks/AppleFSCompression.framework/Versions/A/AppleFSCompression
0x00007fff6bb1d000 	/usr/lib/libcoretls.dylib
0x00007fff6bb34000 	/usr/lib/libcoretls_cfhelpers.dylib
0x00007fff6d370000 	/usr/lib/libpam.2.dylib
0x00007fff6d4a5000 	/usr/lib/libsqlite3.dylib
0x00007fff6d8e4000 	/usr/lib/libxar.1.dylib
0x00007fff6b7a3000 	/usr/lib/libbz2.1.0.dylib
0x00007fff6c2a3000 	/usr/lib/libiconv.2.dylib
0x00007fff6b819000 	/usr/lib/libcharset.1.dylib
0x00007fff6ce0d000 	/usr/lib/libnetwork.dylib
0x00007fff6d377000 	/usr/lib/libpcap.A.dylib
0x00007fff6b571000 	/usr/lib/libapple_nghttp2.dylib
0x00007fff35b96000 	/System/Library/Frameworks/CoreServices.framework/Versions/A/Frameworks/FSEvents.framework/Versions/A/FSEvents
0x00007fff35866000 	/System/Library/Frameworks/CoreServices.framework/Versions/A/Frameworks/CarbonCore.framework/Versions/A/CarbonCore
0x00007fff35dda000 	/System/Library/Frameworks/CoreServices.framework/Versions/A/Frameworks/Metadata.framework/Versions/A/Metadata
0x00007fff35e73000 	/System/Library/Frameworks/CoreServices.framework/Versions/A/Frameworks/OSServices.framework/Versions/A/OSServices
0x00007fff35ea1000 	/System/Library/Frameworks/CoreServices.framework/Versions/A/Frameworks/SearchKit.framework/Versions/A/SearchKit
0x00007fff357e0000 	/System/Library/Frameworks/CoreServices.framework/Versions/A/Frameworks/AE.framework/Versions/A/AE
0x00007fff35b9f000 	/System/Library/Frameworks/CoreServices.framework/Versions/A/Frameworks/LaunchServices.framework/Versions/A/LaunchServices
0x00007fff35b48000 	/System/Library/Frameworks/CoreServices.framework/Versions/A/Frameworks/DictionaryServices.framework/Versions/A/DictionaryServices
0x00007fff35f09000 	/System/Library/Frameworks/CoreServices.framework/Versions/A/Frameworks/SharedFileList.framework/Versions/A/SharedFileList
0x00007fff3ad98000 	/System/Library/Frameworks/NetFS.framework/Versions/A/NetFS
0x00007fff5ba7f000 	/System/Library/PrivateFrameworks/NetAuth.framework/Versions/A/NetAuth
0x00007fff68407000 	/System/Library/PrivateFrameworks/login.framework/Versions/A/Frameworks/loginsupport.framework/Versions/A/loginsupport
0x00007fff64d15000 	/System/Library/PrivateFrameworks/TCC.framework/Versions/A/TCC
0x00007fff4c969000 	/System/Library/PrivateFrameworks/CoreNLP.framework/Versions/A/CoreNLP
0x00007fff5af7c000 	/System/Library/PrivateFrameworks/MetadataUtilities.framework/Versions/A/MetadataUtilities
0x00007fff6c6df000 	/usr/lib/libmecabra.dylib
0x00007fff6c637000 	/usr/lib/libmecab.dylib
0x00007fff6c293000 	/usr/lib/libgermantok.dylib
0x00007fff6b558000 	/usr/lib/libThaiTokenizer.dylib
0x00007fff6af5e000 	/usr/lib/libChineseTokenizer.dylib
0x00007fff30096000 	/System/Library/Frameworks/Accelerate.framework/Versions/A/Frameworks/vImage.framework/Versions/A/vImage
0x00007fff31500000 	/System/Library/Frameworks/Accelerate.framework/Versions/A/Frameworks/vecLib.framework/Versions/A/vecLib
0x00007fff3143d000 	/System/Library/Frameworks/Accelerate.framework/Versions/A/Frameworks/vecLib.framework/Versions/A/libvMisc.dylib
0x00007fff31265000 	/System/Library/Frameworks/Accelerate.framework/Versions/A/Frameworks/vecLib.framework/Versions/A/libvDSP.dylib
0x00007fff306ed000 	/System/Library/Frameworks/Accelerate.framework/Versions/A/Frameworks/vecLib.framework/Versions/A/libBLAS.dylib
0x00007fff30e29000 	/System/Library/Frameworks/Accelerate.framework/Versions/A/Frameworks/vecLib.framework/Versions/A/libLAPACK.dylib
0x00007fff311c5000 	/System/Library/Frameworks/Accelerate.framework/Versions/A/Frameworks/vecLib.framework/Versions/A/libLinearAlgebra.dylib
0x00007fff31252000 	/System/Library/Frameworks/Accelerate.framework/Versions/A/Frameworks/vecLib.framework/Versions/A/libSparseBLAS.dylib
0x00007fff311db000 	/System/Library/Frameworks/Accelerate.framework/Versions/A/Frameworks/vecLib.framework/Versions/A/libQuadrature.dylib
0x00007fff30955000 	/System/Library/Frameworks/Accelerate.framework/Versions/A/Frameworks/vecLib.framework/Versions/A/libBNNS.dylib
0x00007fff311e1000 	/System/Library/Frameworks/Accelerate.framework/Versions/A/Frameworks/vecLib.framework/Versions/A/libSparse.dylib
0x00007fff59af0000 	/System/Library/PrivateFrameworks/LanguageModeling.framework/Versions/A/LanguageModeling
0x00007fff4c319000 	/System/Library/PrivateFrameworks/CoreEmoji.framework/Versions/A/CoreEmoji
0x00007fff59c0e000 	/System/Library/PrivateFrameworks/LinguisticData.framework/Versions/A/LinguisticData
0x00007fff59bbf000 	/System/Library/PrivateFrameworks/Lexicon.framework/Versions/A/Lexicon
0x00007fff6b81a000 	/usr/lib/libcmph.dylib
0x00007fff3d987000 	/System/Library/Frameworks/OpenDirectory.framework/Versions/A/Frameworks/CFOpenDirectory.framework/Versions/A/CFOpenDirectory
0x00007fff3d9a4000 	/System/Library/Frameworks/OpenDirectory.framework/Versions/A/OpenDirectory
0x00007fff45de5000 	/System/Library/PrivateFrameworks/APFS.framework/Versions/A/APFS
0x00007fff41094000 	/System/Library/Frameworks/SecurityFoundation.framework/Versions/A/SecurityFoundation
0x00007fff6d8e0000 	/usr/lib/libutil.dylib
0x00007fff4d84e000 	/System/Library/PrivateFrameworks/CoreServicesStore.framework/Versions/A/CoreServicesStore
0x00007fff4114b000 	/System/Library/Frameworks/ServiceManagement.framework/Versions/A/ServiceManagement
0x00007fff49508000 	/System/Library/PrivateFrameworks/BackgroundTaskManagement.framework/Versions/A/BackgroundTaskManagement
0x00007fff6d9dd000 	/usr/lib/libxslt.1.dylib
0x00007fff483ab000 	/System/Library/PrivateFrameworks/AppleSystemInfo.framework/Versions/A/AppleSystemInfo
0x00007fff3753e000 	/System/Library/Frameworks/ImageIO.framework/Versions/A/Resources/libJPEG.dylib
0x00007fff377fc000 	/System/Library/Frameworks/ImageIO.framework/Versions/A/Resources/libTIFF.dylib
0x00007fff377df000 	/System/Library/Frameworks/ImageIO.framework/Versions/A/Resources/libPng.dylib
0x00007fff37480000 	/System/Library/Frameworks/ImageIO.framework/Versions/A/Resources/libGIF.dylib
0x00007fff37484000 	/System/Library/Frameworks/ImageIO.framework/Versions/A/Resources/libJP2.dylib
0x00007fff377fa000 	/System/Library/Frameworks/ImageIO.framework/Versions/A/Resources/libRadiance.dylib
0x00007fff6c25c000 	/usr/lib/libexpat.1.dylib
0x00007fff47e93000 	/System/Library/PrivateFrameworks/AppleJPEG.framework/Versions/A/AppleJPEG
0x00007fff50b64000 	/System/Library/PrivateFrameworks/FontServices.framework/libFontParser.dylib
0x00007fff67409000 	/System/Library/PrivateFrameworks/WatchdogClient.framework/Versions/A/WatchdogClient
0x00007fff5914b000 	/System/Library/PrivateFrameworks/IOAccelerator.framework/Versions/A/IOAccelerator
0x00007fff39d09000 	/System/Library/Frameworks/MetalPerformanceShaders.framework/Versions/A/MetalPerformanceShaders
0x00007fff558e1000 	/System/Library/PrivateFrameworks/GPUWrangler.framework/Versions/A/GPUWrangler
0x00007fff59160000 	/System/Library/PrivateFrameworks/IOPresentment.framework/Versions/A/IOPresentment
0x00007fff4e3ce000 	/System/Library/PrivateFrameworks/DSExternalDisplay.framework/Versions/A/DSExternalDisplay
0x00007fff3e318000 	/System/Library/Frameworks/OpenGL.framework/Versions/A/Libraries/libCoreFSCache.dylib
0x00007fff39a55000 	/System/Library/Frameworks/MetalPerformanceShaders.framework/Frameworks/MPSCore.framework/Versions/A/MPSCore
0x00007fff39a93000 	/System/Library/Frameworks/MetalPerformanceShaders.framework/Frameworks/MPSImage.framework/Versions/A/MPSImage
0x00007fff39b5a000 	/System/Library/Frameworks/MetalPerformanceShaders.framework/Frameworks/MPSNeuralNetwork.framework/Versions/A/MPSNeuralNetwork
0x00007fff39b1e000 	/System/Library/Frameworks/MetalPerformanceShaders.framework/Frameworks/MPSMatrix.framework/Versions/A/MPSMatrix
0x00007fff39cb9000 	/System/Library/Frameworks/MetalPerformanceShaders.framework/Frameworks/MPSRayIntersector.framework/Versions/A/MPSRayIntersector
0x00007fff39b44000 	/System/Library/Frameworks/MetalPerformanceShaders.framework/Frameworks/MPSNDArray.framework/Versions/A/MPSNDArray
0x00007fff5afc9000 	/System/Library/PrivateFrameworks/MetalTools.framework/Versions/A/MetalTools
0x00007fff46fbf000 	/System/Library/PrivateFrameworks/AggregateDictionary.framework/Versions/A/AggregateDictionary
0x00007fff4bd61000 	/System/Library/PrivateFrameworks/CoreAnalytics.framework/Versions/A/CoreAnalytics
0x00007fff482ca000 	/System/Library/PrivateFrameworks/AppleSauce.framework/Versions/A/AppleSauce
0x00007fff6b21a000 	/usr/lib/libIOReport.dylib
0x00007fff3640a000 	/System/Library/Frameworks/CoreVideo.framework/Versions/A/CoreVideo
0x00007fff56d5a000 	/System/Library/PrivateFrameworks/GraphVisualizer.framework/Versions/A/GraphVisualizer
0x00007fff500aa000 	/System/Library/PrivateFrameworks/FaceCore.framework/Versions/A/FaceCore
0x00007fff3d92e000 	/System/Library/Frameworks/OpenCL.framework/Versions/A/OpenCL
0x00007fff6b03c000 	/usr/lib/libFosl_dynamic.dylib
0x00007fff5c49f000 	/System/Library/PrivateFrameworks/OTSVG.framework/Versions/A/OTSVG
0x00007fff325bf000 	/System/Library/Frameworks/ApplicationServices.framework/Versions/A/Frameworks/ATS.framework/Versions/A/Resources/libFontRegistry.dylib
0x00007fff50d35000 	/System/Library/PrivateFrameworks/FontServices.framework/libhvf.dylib
0x00007fff3e323000 	/System/Library/Frameworks/OpenGL.framework/Versions/A/Libraries/libGFXShared.dylib
0x00007fff3e501000 	/System/Library/Frameworks/OpenGL.framework/Versions/A/Libraries/libGLU.dylib
0x00007fff3e32c000 	/System/Library/Frameworks/OpenGL.framework/Versions/A/Libraries/libGL.dylib
0x00007fff3e337000 	/System/Library/Frameworks/OpenGL.framework/Versions/A/Libraries/libGLImage.dylib
0x00007fff3e315000 	/System/Library/Frameworks/OpenGL.framework/Versions/A/Libraries/libCVMSPluginSupport.dylib
0x00007fff3e31e000 	/System/Library/Frameworks/OpenGL.framework/Versions/A/Libraries/libCoreVMClient.dylib
0x00007fff6ccae000 	/usr/lib/libncurses.5.4.dylib
0x00007fff324bb000 	/System/Library/Frameworks/ApplicationServices.framework/Versions/A/Frameworks/ATS.framework/Versions/A/ATS
0x00007fff32688000 	/System/Library/Frameworks/ApplicationServices.framework/Versions/A/Frameworks/ColorSyncLegacy.framework/Versions/A/ColorSyncLegacy
0x00007fff32726000 	/System/Library/Frameworks/ApplicationServices.framework/Versions/A/Frameworks/HIServices.framework/Versions/A/HIServices
0x00007fff3277e000 	/System/Library/Frameworks/ApplicationServices.framework/Versions/A/Frameworks/LangAnalysis.framework/Versions/A/LangAnalysis
0x00007fff3278d000 	/System/Library/Frameworks/ApplicationServices.framework/Versions/A/Frameworks/PrintCore.framework/Versions/A/PrintCore
0x00007fff327d3000 	/System/Library/Frameworks/ApplicationServices.framework/Versions/A/Frameworks/QD.framework/Versions/A/QD
0x00007fff327de000 	/System/Library/Frameworks/ApplicationServices.framework/Versions/A/Frameworks/SpeechSynthesis.framework/Versions/A/SpeechSynthesis
0x00007fff32658000 	/System/Library/Frameworks/ApplicationServices.framework/Versions/A/Frameworks/ATSUI.framework/Versions/A/ATSUI
0x00007fff6c0f2000 	/usr/lib/libcups.2.dylib
0x00007fff38da4000 	/System/Library/Frameworks/Kerberos.framework/Versions/A/Kerberos
0x00007fff36ee6000 	/System/Library/Frameworks/GSS.framework/Versions/A/GSS
0x00007fff6d431000 	/usr/lib/libresolv.9.dylib
0x00007fff56f07000 	/System/Library/PrivateFrameworks/Heimdal.framework/Versions/A/Heimdal
0x00007fff38db7000 	/System/Library/Frameworks/Kerberos.framework/Versions/A/Libraries/libHeimdalProxy.dylib
0x00007fff6c299000 	/usr/lib/libheimdal-asn1.dylib
0x00007fff4b1f9000 	/System/Library/PrivateFrameworks/CommonAuth.framework/Versions/A/CommonAuth
0x00007fff48448000 	/System/Library/PrivateFrameworks/AssertionServices.framework/Versions/A/AssertionServices
0x00007fff48feb000 	/System/Library/PrivateFrameworks/AudioToolboxCore.framework/Versions/A/AudioToolboxCore
0x00007fff680b7000 	/System/Library/PrivateFrameworks/caulk.framework/Versions/A/caulk
0x00007fff495b4000 	/System/Library/PrivateFrameworks/BaseBoard.framework/Versions/A/BaseBoard
0x00007fff60702000 	/System/Library/PrivateFrameworks/RunningBoardServices.framework/Versions/A/RunningBoardServices
0x00007fff5d713000 	/System/Library/PrivateFrameworks/PersistentConnection.framework/Versions/A/PersistentConnection
0x00007fff600fb000 	/System/Library/PrivateFrameworks/ProtocolBuffer.framework/Versions/A/ProtocolBuffer
0x00007fff4b21d000 	/System/Library/PrivateFrameworks/CommonUtilities.framework/Versions/A/CommonUtilities
0x00007fff49742000 	/System/Library/PrivateFrameworks/Bom.framework/Versions/A/Bom
0x00007fff6aeed000 	/usr/lib/libAudioToolboxUtility.dylib
0x00007fff49512000 	/System/Library/PrivateFrameworks/Backup.framework/Versions/A/Backup
0x00007fff4e2ef000 	/System/Library/PrivateFrameworks/CrashReporterSupport.framework/Versions/A/CrashReporterSupport
0x00007fff62194000 	/System/Library/PrivateFrameworks/Sharing.framework/Versions/A/Sharing
0x00007fff47a56000 	/System/Library/PrivateFrameworks/Apple80211.framework/Versions/A/Apple80211
0x00007fff4922f000 	/System/Library/PrivateFrameworks/AuthKit.framework/Versions/A/AuthKit
0x00007fff4dffc000 	/System/Library/PrivateFrameworks/CoreUtils.framework/Versions/A/CoreUtils
0x00007fff3644f000 	/System/Library/Frameworks/CoreWLAN.framework/Versions/A/CoreWLAN
0x00007fff37073000 	/System/Library/Frameworks/IOBluetooth.framework/Versions/A/IOBluetooth
0x00007fff5b2ce000 	/System/Library/PrivateFrameworks/MobileKeyBag.framework/Versions/A/MobileKeyBag
0x00007fff4ce01000 	/System/Library/PrivateFrameworks/CorePhoneNumbers.framework/Versions/A/CorePhoneNumbers
0x00007fff47e46000 	/System/Library/PrivateFrameworks/AppleIDAuthSupport.framework/Versions/A/AppleIDAuthSupport
0x00007fff3ada5000 	/System/Library/Frameworks/Network.framework/Versions/A/Network
0x00007fff5999c000 	/System/Library/PrivateFrameworks/KeychainCircle.framework/Versions/A/KeychainCircle
0x00007fff33ea0000 	/System/Library/Frameworks/CoreBluetooth.framework/Versions/A/CoreBluetooth
0x00007fff64213000 	/System/Library/PrivateFrameworks/SpeechRecognitionCore.framework/Versions/A/SpeechRecognitionCore
0x000000010b600000 	/Library/Java/JavaVirtualMachines/jdk1.8.0_251.jdk/Contents/Home/jre/lib/server/libjvm.dylib
0x00007fff6d7b3000 	/usr/lib/libstdc++.6.dylib
0x000000010ac32000 	/Library/Java/JavaVirtualMachines/jdk1.8.0_251.jdk/Contents/Home/jre/lib/libverify.dylib
0x000000010ac40000 	/Library/Java/JavaVirtualMachines/jdk1.8.0_251.jdk/Contents/Home/jre/lib/libjava.dylib
0x000000010acc0000 	/Library/Java/JavaVirtualMachines/jdk1.8.0_251.jdk/Contents/Home/jre/lib/libzip.dylib
0x000000010ad03000 	/Library/Java/JavaVirtualMachines/jdk1.8.0_251.jdk/Contents/Home/jre/lib/libawt.dylib
0x000000010f975000 	/Library/Java/JavaVirtualMachines/jdk1.8.0_251.jdk/Contents/Home/jre/lib/libmlib_image.dylib
0x00007fff38d8e000 	/System/Library/Frameworks/JavaVM.framework/Versions/A/Frameworks/JavaNativeFoundation.framework/Versions/A/JavaNativeFoundation
0x00007fff38d97000 	/System/Library/Frameworks/JavaVM.framework/Versions/A/Frameworks/JavaRuntimeSupport.framework/Versions/A/JavaRuntimeSupport
0x00007fff38d9f000 	/System/Library/Frameworks/JavaVM.framework/Versions/A/JavaVM
0x00007fff597b3000 	/System/Library/PrivateFrameworks/JavaLaunching.framework/Versions/A/JavaLaunching
0x00007fff33071000 	/System/Library/Frameworks/Carbon.framework/Versions/A/Carbon
0x00007fff4dda1000 	/System/Library/PrivateFrameworks/CoreSymbolication.framework/Versions/A/CoreSymbolication
0x00007fff33072000 	/System/Library/Frameworks/Carbon.framework/Versions/A/Frameworks/CommonPanels.framework/Versions/A/CommonPanels
0x00007fff3336b000 	/System/Library/Frameworks/Carbon.framework/Versions/A/Frameworks/Help.framework/Versions/A/Help
0x00007fff3336f000 	/System/Library/Frameworks/Carbon.framework/Versions/A/Frameworks/ImageCapture.framework/Versions/A/ImageCapture
0x00007fff33376000 	/System/Library/Frameworks/Carbon.framework/Versions/A/Frameworks/OpenScripting.framework/Versions/A/OpenScripting
0x00007fff33375000 	/System/Library/Frameworks/Carbon.framework/Versions/A/Frameworks/Ink.framework/Versions/A/Ink
0x00007fff333b1000 	/System/Library/Frameworks/Carbon.framework/Versions/A/Frameworks/Print.framework/Versions/A/Print
0x00007fff333b2000 	/System/Library/Frameworks/Carbon.framework/Versions/A/Frameworks/SecurityHI.framework/Versions/A/SecurityHI
0x00007fff4e523000 	/System/Library/PrivateFrameworks/DebugSymbols.framework/Versions/A/DebugSymbols
0x000000010fa41000 	/Library/Java/JavaVirtualMachines/jdk1.8.0_251.jdk/Contents/Home/jre/lib/libawt_lwawt.dylib
0x000000010adac000 	/Library/Java/JavaVirtualMachines/jdk1.8.0_251.jdk/Contents/Home/jre/lib/libosxapp.dylib
0x00007fff3694f000 	/System/Library/Frameworks/ExceptionHandling.framework/Versions/A/ExceptionHandling
0x00007fff4d81a000 	/System/Library/PrivateFrameworks/CoreServicesInternal.framework/Versions/A/CoreServicesInternal
0x00007fff3696e000 	/System/Library/Frameworks/FileProvider.framework/Versions/A/FileProvider
0x00007fff31501000 	/System/Library/Frameworks/Accounts.framework/Versions/A/Accounts
0x00007fff55c06000 	/System/Library/PrivateFrameworks/GenerationalStorage.framework/Versions/A/GenerationalStorage
0x00007fff64a55000 	/System/Library/PrivateFrameworks/SymptomDiagnosticReporter.framework/Versions/A/SymptomDiagnosticReporter
0x00007fff4755a000 	/System/Library/PrivateFrameworks/AppContainer.framework/Versions/A/AppContainer
0x00007fff6d44b000 	/usr/lib/libsandbox.1.dylib
0x00007fff663ad000 	/System/Library/PrivateFrameworks/UserManagement.framework/Versions/A/UserManagement
0x00007fff4a2fe000 	/System/Library/PrivateFrameworks/ChunkingLibrary.framework/Versions/A/ChunkingLibrary
0x00007fff475cc000 	/System/Library/PrivateFrameworks/AppSandbox.framework/Versions/A/AppSandbox
0x00007fff6201e000 	/System/Library/PrivateFrameworks/SecCodeWrapper.framework/Versions/A/SecCodeWrapper
0x00007fff6b302000 	/usr/lib/libMatch.1.dylib
0x00007fff274e9000 	/System/Library/CoreServices/RawCamera.bundle/Contents/MacOS/RawCamera
0x00007fff5b0f8000 	/System/Library/PrivateFrameworks/MobileAsset.framework/Versions/A/MobileAsset
0x00007fff648fd000 	/System/Library/PrivateFrameworks/StreamingZip.framework/Versions/A/StreamingZip
0x00007fff3921f000 	/System/Library/Frameworks/MediaToolbox.framework/Versions/A/MediaToolbox
0x00007fff4bd11000 	/System/Library/PrivateFrameworks/CoreAVCHD.framework/Versions/A/CoreAVCHD
0x00007fff39149000 	/System/Library/Frameworks/MediaAccessibility.framework/Versions/A/MediaAccessibility
0x00007fff5a4ac000 	/System/Library/PrivateFrameworks/Mangrove.framework/Versions/A/Mangrove
0x00007fff35617000 	/System/Library/Frameworks/CoreMedia.framework/Versions/A/CoreMedia
0x00007fff5a718000 	/System/Library/PrivateFrameworks/MediaExperience.framework/Versions/A/MediaExperience
0x00007fff420f5000 	/System/Library/Frameworks/VideoToolbox.framework/Versions/A/VideoToolbox
0x00007fff4b93b000 	/System/Library/PrivateFrameworks/CoreAUC.framework/Versions/A/CoreAUC
0x00007fff6d4a3000 	/usr/lib/libspindump.dylib
0x00007fff4899a000 	/System/Library/PrivateFrameworks/AudioResourceArbitration.framework/Versions/A/AudioResourceArbitration
0x00007fff483af000 	/System/Library/PrivateFrameworks/AppleVA.framework/Versions/A/AppleVA
0x00007fff3007f000 	/System/Library/Frameworks/Accelerate.framework/Versions/A/Frameworks/vImage.framework/Versions/A/Libraries/libCGInterfaces.dylib
0x000000010ade9000 	/usr/lib/libobjc-trampolines.dylib
0x00007fff50c9c000 	/System/Library/PrivateFrameworks/FontServices.framework/libTrueTypeScaler.dylib
0x00007fff2e200000 	/System/Library/Extensions/AppleIntelSKLGraphicsMTLDriver.bundle/Contents/MacOS/AppleIntelSKLGraphicsMTLDriver
0x00007fff54226000 	/System/Library/PrivateFrameworks/GPUCompiler.framework/Versions/3902/Libraries/libmetal_timestamp.dylib
0x00007fff504d4000 	/System/Library/PrivateFrameworks/FamilyControls.framework/Versions/A/FamilyControls
0x00007fff4b1ed000 	/System/Library/PrivateFrameworks/CommerceKit.framework/Versions/A/Frameworks/CommerceCore.framework/Versions/A/CommerceCore
0x00007fff64acf000 	/System/Library/PrivateFrameworks/SystemAdministration.framework/Versions/A/SystemAdministration
0x00007fff4ea61000 	/System/Library/PrivateFrameworks/DiskManagement.framework/Versions/A/DiskManagement
0x00007fff36698000 	/System/Library/Frameworks/DirectoryService.framework/Versions/A/DirectoryService
0x00007fff4e998000 	/System/Library/PrivateFrameworks/DiskImages.framework/Versions/A/DiskImages
0x00007fff59cb7000 	/System/Library/PrivateFrameworks/LoginUIKit.framework/Versions/A/Frameworks/LoginUICore.framework/Versions/A/LoginUICore
0x00007fff6af69000 	/usr/lib/libCoreStorage.dylib
0x00007fff6c0df000 	/usr/lib/libcsfde.dylib
0x00007fff6d35e000 	/usr/lib/libodfde.dylib
0x00007fff5a7a3000 	/System/Library/PrivateFrameworks/MediaKit.framework/Versions/A/MediaKit
0x00007fff366a4000 	/System/Library/Frameworks/DiscRecording.framework/Versions/A/DiscRecording
0x00007fff4ec17000 	/System/Library/PrivateFrameworks/EFILogin.framework/Versions/A/EFILogin
0x00007fff600a0000 	/System/Library/PrivateFrameworks/ProtectedCloudStorage.framework/Versions/A/ProtectedCloudStorage
0x00007fff6c153000 	/usr/lib/libcurl.4.dylib
0x00007fff6bfd8000 	/usr/lib/libcrypto.44.dylib
0x00007fff6d783000 	/usr/lib/libssl.46.dylib
0x00007fff38db8000 	/System/Library/Frameworks/LDAP.framework/Versions/A/LDAP
0x00007fff654a7000 	/System/Library/PrivateFrameworks/TrustEvaluationAgent.framework/Versions/A/TrustEvaluationAgent
0x00007fff6d490000 	/usr/lib/libsasl2.2.dylib
0x00007fff4c08d000 	/System/Library/PrivateFrameworks/CoreDaemon.framework/Versions/B/CoreDaemon
0x00007fff482c5000 	/System/Library/PrivateFrameworks/AppleSRP.framework/Versions/A/AppleSRP
0x00007fff67179000 	/System/Library/PrivateFrameworks/ViewBridge.framework/Versions/A/ViewBridge
0x00007fff6840a000 	/System/Library/PrivateFrameworks/login.framework/Versions/A/login
0x00007fff3ef89000 	/System/Library/Frameworks/OpenGL.framework/Versions/A/Resources/GLEngine.bundle/GLEngine
0x00007fff3e36c000 	/System/Library/Frameworks/OpenGL.framework/Versions/A/Libraries/libGLProgrammability.dylib
0x00007fff2d1f7000 	/System/Library/Extensions/AppleIntelSKLGraphicsGLDriver.bundle/Contents/MacOS/AppleIntelSKLGraphicsGLDriver
0x00007fff558d5000 	/System/Library/PrivateFrameworks/GPUSupport.framework/Versions/A/Libraries/libGPUSupportMercury.dylib
0x00007fff3f103000 	/System/Library/Frameworks/OpenGL.framework/Versions/A/Resources/GLRendererFloat.bundle/GLRendererFloat
0x00007fff3d925000 	/System/Library/Frameworks/OpenCL.framework/Versions/A/Libraries/libcldcpuengine.dylib
0x000000012576e000 	/Library/Java/JavaVirtualMachines/jdk1.8.0_251.jdk/Contents/Home/jre/lib/libfontmanager.dylib
0x00007fff56d86000 	/System/Library/PrivateFrameworks/HDRProcessing.framework/Versions/A/HDRProcessing
0x00000001267e6000 	/Library/Java/JavaVirtualMachines/jdk1.8.0_251.jdk/Contents/Home/jre/lib/libosxui.dylib
0x0000000126bc3000 	/Library/Java/JavaVirtualMachines/jdk1.8.0_251.jdk/Contents/Home/jre/lib/libnet.dylib
0x0000000126b1c000 	/Library/Java/JavaVirtualMachines/jdk1.8.0_251.jdk/Contents/Home/jre/lib/libnio.dylib
0x0000000126886000 	/private/var/folders/y9/3jr7bys57jzblxxtts1yf0b00000gn/T/jogamp_0000/file_cache/jln9015019570850488620/jln4952871498142859391/libgluegen-rt.jnilib
0x000000012688b000 	/private/var/folders/y9/3jr7bys57jzblxxtts1yf0b00000gn/T/jogamp_0000/file_cache/jln9015019570850488620/jln4952871498142859391/libnativewindow_awt.jnilib
0x0000000126b6b000 	/Library/Java/JavaVirtualMachines/jdk1.8.0_251.jdk/Contents/Home/jre/lib/libjawt.dylib
0x00000001949f9000 	/private/var/folders/y9/3jr7bys57jzblxxtts1yf0b00000gn/T/jogamp_0000/file_cache/jln9015019570850488620/jln4952871498142859391/libnativewindow_macosx.jnilib
0x0000000194a03000 	/private/var/folders/y9/3jr7bys57jzblxxtts1yf0b00000gn/T/jogamp_0000/file_cache/jln9015019570850488620/jln4952871498142859391/libjogl_desktop.jnilib
0x0000000194dfe000 	/Library/Java/JavaVirtualMachines/jdk1.8.0_251.jdk/Contents/Home/jre/lib/libsunec.dylib
0x000000019cc4d000 	/Library/Java/JavaVirtualMachines/jdk1.8.0_251.jdk/Contents/Home/jre/lib/libt2k.dylib

VM Arguments:
jvm_args: -Djava.security.policy=java.policy.applet -Dfile.encoding=UTF-8 
java_command: sun.applet.AppletViewer module5.EarthquakeCityMap1595544953733.html
java_class_path (initial): /Users/jasonli/eclipse-workspace/UCSDUnfoldingMaps/build:/Users/jasonli/eclipse-workspace/UCSDUnfoldingMaps/lib/core.jar:/Users/jasonli/eclipse-workspace/UCSDUnfoldingMaps/lib/gluegen-rt.jar:/Users/jasonli/eclipse-workspace/UCSDUnfoldingMaps/lib/jogl-all.jar:/Users/jasonli/eclipse-workspace/UCSDUnfoldingMaps/lib/log4j-1.2.15.jar:/Users/jasonli/eclipse-workspace/UCSDUnfoldingMaps/lib/sqlite-jdbc-3.7.2.jar:/Users/jasonli/eclipse-workspace/UCSDUnfoldingMaps/lib/json4processing.jar:/Users/jasonli/eclipse-workspace/UCSDUnfoldingMaps/lib/libTUIO.jar:/Users/jasonli/eclipse-workspace/UCSDUnfoldingMaps/lib/unfolding.0.9.7-uscd.jar
Launcher Type: SUN_STANDARD

Environment Variables:
PATH=/usr/bin:/bin:/usr/sbin:/sbin
SHELL=/bin/zsh

Signal Handlers:
SIGSEGV: [libjvm.dylib+0x5bc2ff], sa_mask[0]=11111111011111110111111111111111, sa_flags=SA_ONSTACK|SA_RESTART|SA_SIGINFO
SIGBUS: [libjvm.dylib+0x5bc2ff], sa_mask[0]=11111111011111110111111111111111, sa_flags=SA_RESTART|SA_SIGINFO
SIGFPE: [libjvm.dylib+0x48d41c], sa_mask[0]=11111111011111110111111111111111, sa_flags=SA_RESTART|SA_SIGINFO
SIGPIPE: [libjvm.dylib+0x48d41c], sa_mask[0]=11111111011111110111111111111111, sa_flags=SA_RESTART|SA_SIGINFO
SIGXFSZ: [libjvm.dylib+0x48d41c], sa_mask[0]=11111111011111110111111111111111, sa_flags=SA_RESTART|SA_SIGINFO
SIGILL: [libjvm.dylib+0x48d41c], sa_mask[0]=11111111011111110111111111111111, sa_flags=SA_RESTART|SA_SIGINFO
SIGUSR1: SIG_DFL, sa_mask[0]=00000000000000000000000000000000, sa_flags=none
SIGUSR2: [libjvm.dylib+0x48cf3a], sa_mask[0]=00100000000000000000000000000000, sa_flags=SA_RESTART|SA_SIGINFO
SIGHUP: [libjvm.dylib+0x48b4c5], sa_mask[0]=11111111011111110111111111111111, sa_flags=SA_RESTART|SA_SIGINFO
SIGINT: [libjvm.dylib+0x48b4c5], sa_mask[0]=11111111011111110111111111111111, sa_flags=SA_RESTART|SA_SIGINFO
SIGTERM: [libjvm.dylib+0x48b4c5], sa_mask[0]=11111111011111110111111111111111, sa_flags=SA_RESTART|SA_SIGINFO
SIGQUIT: [libjvm.dylib+0x48b4c5], sa_mask[0]=11111111011111110111111111111111, sa_flags=SA_RESTART|SA_SIGINFO


---------------  S Y S T E M  ---------------

OS:Bsduname:Darwin 19.6.0 Darwin Kernel Version 19.6.0: Sun Jul  5 00:43:10 PDT 2020; root:xnu-6153.141.1~9/RELEASE_X86_64 x86_64
rlimit: STACK 8192k, CORE 0k, NPROC 1392, NOFILE 10240, AS infinity
load average:3.89 3.24 3.42

CPU:total 4 (initial active 4) (2 cores per cpu, 2 threads per core) family 6 model 78 stepping 3, cmov, cx8, fxsr, mmx, sse, sse2, sse3, ssse3, sse4.1, sse4.2, popcnt, avx, avx2, aes, clmul, erms, 3dnowpref, lzcnt, ht, tsc, tscinvbit, bmi1, bmi2, adx

Memory: 4k page, physical 8388608k(32208k free)

/proc/meminfo:


vm_info: Java HotSpot(TM) 64-Bit Server VM (25.251-b08) for bsd-amd64 JRE (1.8.0_251-b08), built on Mar 12 2020 02:36:37 by "java_re" with gcc 4.2.1 (Based on Apple Inc. build 5658) (LLVM build 2336.11.00)

time: Thu Jul 23 18:57:19 2020
timezone: EDT
elapsed time: 85 seconds (0d 0h 1m 25s)

