#
# A fatal error has been detected by the Java Runtime Environment:
#
#  SIGSEGV (0xb) at pc=0x00007fff719795c7, pid=27766, tid=0x0000000000000307
#
# JRE version: Java(TM) SE Runtime Environment (8.0_251-b08) (build 1.8.0_251-b08)
# Java VM: Java HotSpot(TM) 64-Bit Server VM (25.251-b08 mixed mode bsd-amd64 compressed oops)
# Problematic frame:
# C  [libobjc.A.dylib+0x175c7]  realizeClassWithoutSwift(objc_class*, objc_class*)+0x3c
#
# Failed to write core dump. Core dumps have been disabled. To enable core dumping, try "ulimit -c unlimited" before starting Java again
#
# If you would like to submit a bug report, please visit:
#   http://bugreport.java.com/bugreport/crash.jsp
# The crash happened outside the Java Virtual Machine in native code.
# See problematic frame for where to report the bug.
#

---------------  T H R E A D  ---------------

Current thread (0x00007fd8da95b800):  JavaThread "AWT-AppKit" daemon [_thread_in_native, id=775, stack(0x00007ffeedf0d000,0x00007ffeee70d000)]

siginfo: si_signo: 11 (SIGSEGV), si_code: 1 (SEGV_MAPERR), si_addr: 0x0000656c53646940

Registers:
RAX=0x00007ffffffffff8, RBX=0x7065656c53646944, RCX=0x6e654d6b636f4465, RDX=0x0000000000000000
RSP=0x00007ffeee707be0, RBP=0x00007ffeee707c60, RSI=0x0000000000000000, RDI=0x0000000119449484
R8 =0x0000000000001564, R9 =0x0000000000001565, R10=0x00000000ffffffef, R11=0x0000000000000000
R12=0x0000000119449484, R13=0x0000000000000000, R14=0x0000000000000000, R15=0x0000656c53646940
RIP=0x00007fff719795c7, EFLAGS=0x0000000000010202, ERR=0x0000000000000004
  TRAPNO=0x000000000000000e

Top of Stack: (sp=0x00007ffeee707be0)
0x00007ffeee707be0:   00007ffeee707c10 00007fff72cd40c6
0x00007ffeee707bf0:   000000011946f638 00007fff992b4000
0x00007ffeee707c00:   0000000000000001 0000000000000020
0x00007ffeee707c10:   00007ffeee707c40 00007fff72cd4f59
0x00007ffeee707c20:   000000011946f638 0000000119470000
0x00007ffeee707c30:   0000000000000000 00007fd8d9c196b0
0x00007ffeee707c40:   0000000119470000 0000000000000000
0x00007ffeee707c50:   0000000000000000 00007fd8d9c196b0
0x00007ffeee707c60:   00007ffeee707cf0 00007fff719796a0
0x00007ffeee707c70:   0000000000000000 00007ffeee707cd8
0x00007ffeee707c80:   00007fd8d9cd1b20 0000000000000000
0x00007ffeee707c90:   00007ffeee707cc0 000000010152fe0b
0x00007ffeee707ca0:   00000007c002ccf8 0000000119449484
0x00007ffeee707cb0:   00007fd8da95b800 000000011946f638
0x00007ffeee707cc0:   00007ffeee707d10 0000000119470000
0x00007ffeee707cd0:   0000000119470000 00007fff7cdb628e
0x00007ffeee707ce0:   0000000000000001 0000000000000000
0x00007ffeee707cf0:   00007ffeee707d20 00007fff719794bb
0x00007ffeee707d00:   00007ffffffffff8 0000000119470000
0x00007ffeee707d10:   00007fd8de95f8f0 0000000000000003
0x00007ffeee707d20:   00007ffeee7082c0 00007fff71969c44
0x00007ffeee707d30:   aaaaaaaaaaaaaaaa aaaaaaaaaaaaaaaa
0x00007ffeee707d40:   0000000119470000 aaaaaaaaaaaaaaaa
0x00007ffeee707d50:   aaaaaaaaaaaaaaaa 000000079589b1d0
0x00007ffeee707d60:   0000000400000002 00007fff38aa1eae
0x00007ffeee707d70:   0000000000000011 00000007403f5190
0x00007ffeee707d80:   0000000000000000 0000000000000001
0x00007ffeee707d90:   000000000000003f 0000000000000000
0x00007ffeee707da0:   00007fff91c662d8 000000000000003f
0x00007ffeee707db0:   00007ffeee7082f0 00007fff904a7c50
0x00007ffeee707dc0:   00007ffeee708270 00007fff38ac843a
0x00007ffeee707dd0:   0000000700001fb3 000000000000000b 

Instructions: (pc=0x00007fff719795c7)
0x00007fff719795a7:   00 49 89 f5 48 b8 f8 ff ff ff ff 7f 00 00 49 8b
0x00007fff719795b7:   0c 24 49 8b 5c 24 20 48 ff c9 49 89 df 49 21 c7
0x00007fff719795c7:   41 8b 07 48 83 f9 0f 72 08 85 c0 0f 88 c8 06 00
0x00007fff719795d7:   00 41 89 c6 41 83 e6 01 0f ba e0 1e 72 1e bf 20 

Register to memory mapping:

RAX=0x00007ffffffffff8 is an unknown value
RBX=0x7065656c53646944 is an unknown value
RCX=0x6e654d6b636f4465 is an unknown value
RDX=0x0000000000000000 is an unknown value
RSP=0x00007ffeee707be0 is pointing into the stack for thread: 0x00007fd8da95b800
RBP=0x00007ffeee707c60 is pointing into the stack for thread: 0x00007fd8da95b800
RSI=0x0000000000000000 is an unknown value
RDI=0x0000000119449484: __FUNCTION__.99949+0x2f1c in /Library/Java/JavaVirtualMachines/jdk1.8.0_251.jdk/Contents/Home/jre/lib/libawt_lwawt.dylib at 0x00000001193f6000
R8 =0x0000000000001564 is an unknown value
R9 =0x0000000000001565 is an unknown value
R10=0x00000000ffffffef is an unknown value
R11=0x0000000000000000 is an unknown value
R12=0x0000000119449484: __FUNCTION__.99949+0x2f1c in /Library/Java/JavaVirtualMachines/jdk1.8.0_251.jdk/Contents/Home/jre/lib/libawt_lwawt.dylib at 0x00000001193f6000
R13=0x0000000000000000 is an unknown value
R14=0x0000000000000000 is an unknown value
R15=0x0000656c53646940 is an unknown value


Stack: [0x00007ffeedf0d000,0x00007ffeee70d000],  sp=0x00007ffeee707be0,  free space=8170k
Native frames: (J=compiled Java code, j=interpreted, Vv=VM code, C=native code)
C  [libobjc.A.dylib+0x175c7]  realizeClassWithoutSwift(objc_class*, objc_class*)+0x3c
C  [libobjc.A.dylib+0x176a0]  realizeClassWithoutSwift(objc_class*, objc_class*)+0x115
C  [libobjc.A.dylib+0x174bb]  realizeClassMaybeSwiftMaybeRelock(objc_class*, mutex_tt<false>&, bool)+0x13d
C  [libobjc.A.dylib+0x7c44]  lookUpImpOrForward+0x32f
C  [libobjc.A.dylib+0x7399]  _objc_msgSend_uncached+0x49
C  [libnativewindow_macosx.jnilib+0x5157]  Java_jogamp_nativewindow_jawt_macosx_MacOSXJAWTWindow_UnsetJAWTRootSurfaceLayer0+0xe7
j  jogamp.nativewindow.jawt.macosx.MacOSXJAWTWindow.UnsetJAWTRootSurfaceLayer0(JJ)V+0
j  jogamp.nativewindow.jawt.macosx.MacOSXJAWTWindow.access$200(JJ)V+2
j  jogamp.nativewindow.jawt.macosx.MacOSXJAWTWindow$1.run()V+38
J 3560 C2 com.jogamp.common.util.RunnableTask.run()V (345 bytes) @ 0x00000001046f90b8 [0x00000001046f9000+0xb8]
v  ~StubRoutines::call_stub
V  [libjvm.dylib+0x2f09b2]  JavaCalls::call_helper(JavaValue*, methodHandle*, JavaCallArguments*, Thread*)+0x6ae
V  [libjvm.dylib+0x327c14]  jni_invoke_nonstatic(JNIEnv_*, JavaValue*, _jobject*, JNICallType, _jmethodID*, JNI_ArgumentPusher*, Thread*)+0x2ec
V  [libjvm.dylib+0x31a3f7]  jni_CallVoidMethod+0x16b
C  [libnativewindow_macosx.jnilib+0x5326]  Java_jogamp_nativewindow_jawt_macosx_MacOSXJAWTWindow_UnsetJAWTRootSurfaceLayer0+0x2b6
C  [Foundation+0x9b0dd]  __NSThreadPerformPerform+0xcc
C  [CoreFoundation+0x83de2]  __CFRUNLOOP_IS_CALLING_OUT_TO_A_SOURCE0_PERFORM_FUNCTION__+0x11
C  [CoreFoundation+0x83d81]  __CFRunLoopDoSource0+0x67
C  [CoreFoundation+0x83b9b]  __CFRunLoopDoSources0+0xd1
C  [CoreFoundation+0x828ca]  __CFRunLoopRun+0x39f
C  [CoreFoundation+0x81ece]  CFRunLoopRunSpecific+0x1ce
C  [HIToolbox+0x2fabd]  RunCurrentEventLoopInMode+0x124
C  [HIToolbox+0x2f6f4]  ReceiveNextEventCommon+0x167
C  [HIToolbox+0x2f579]  _BlockUntilNextEventMatchingListInModeWithFilter+0x40
C  [AppKit+0x41829]  _DPSNextEvent+0x373
C  [AppKit+0x40070]  -[NSApplication(NSEvent) _nextEventMatchingEventMask:untilDate:inMode:dequeue:]+0x548
C  [libosxapp.dylib+0x2328]  -[NSApplicationAWT nextEventMatchingMask:untilDate:inMode:dequeue:]+0x7c
C  [AppKit+0x31d7e]  -[NSApplication run]+0x292
C  [libosxapp.dylib+0x1f72]  +[NSApplicationAWT runAWTLoopWithApp:]+0x9c
C  [libawt_lwawt.dylib+0x4803b]  -[AWTStarter starter:]+0x389
C  [Foundation+0x9b0dd]  __NSThreadPerformPerform+0xcc
C  [CoreFoundation+0x83de2]  __CFRUNLOOP_IS_CALLING_OUT_TO_A_SOURCE0_PERFORM_FUNCTION__+0x11
C  [CoreFoundation+0x83d81]  __CFRunLoopDoSource0+0x67
C  [CoreFoundation+0x83b9b]  __CFRunLoopDoSources0+0xd1
C  [CoreFoundation+0x828ca]  __CFRunLoopRun+0x39f
C  [CoreFoundation+0x81ece]  CFRunLoopRunSpecific+0x1ce
C  [java+0x646e]  CreateExecutionEnvironment+0x367
C  [java+0x203c]  JLI_Launch+0x7a0
C  [java+0x84cb]  main+0x65
C  [java+0x1894]  start+0x34
C  0x0000000000000007

Java frames: (J=compiled Java code, j=interpreted, Vv=VM code)
j  jogamp.nativewindow.jawt.macosx.MacOSXJAWTWindow.UnsetJAWTRootSurfaceLayer0(JJ)V+0
j  jogamp.nativewindow.jawt.macosx.MacOSXJAWTWindow.access$200(JJ)V+2
j  jogamp.nativewindow.jawt.macosx.MacOSXJAWTWindow$1.run()V+38
J 3560 C2 com.jogamp.common.util.RunnableTask.run()V (345 bytes) @ 0x00000001046f90b8 [0x00000001046f9000+0xb8]
v  ~StubRoutines::call_stub

---------------  P R O C E S S  ---------------

Java Threads: ( => current thread )
  0x00007fd8db9af800 JavaThread "NativeWindowFactory_ShutdownHook" [_thread_in_Java, id=50963, stack(0x0000700007cbf000,0x0000700007dbf000)]
  0x00007fd8da526800 JavaThread "Thread-64" [_thread_blocked, id=65611, stack(0x00007000081d1000,0x00007000082d1000)]
  0x00007fd8db540800 JavaThread "Image Fetcher 2" daemon [_thread_blocked, id=12587, stack(0x000070000845a000,0x000070000855a000)]
  0x00007fd8dbbfe800 JavaThread "Image Fetcher 1" daemon [_thread_blocked, id=70167, stack(0x0000700008763000,0x0000700008863000)]
  0x00007fd8daca9000 JavaThread "Image Fetcher 0" daemon [_thread_blocked, id=69147, stack(0x0000700008660000,0x0000700008760000)]
  0x00007fd8dad53000 JavaThread "Keep-Alive-Timer" daemon [_thread_blocked, id=67683, stack(0x000070000855d000,0x000070000865d000)]
  0x00007fd8da424000 JavaThread "Animation Thread" [_thread_blocked, id=72315, stack(0x0000700007f48000,0x0000700008048000)]
  0x00007fd8dabf8800 JavaThread "AWT-EventQueue-1" [_thread_blocked, id=71971, stack(0x00007000080ce000,0x00007000081ce000)]
  0x00007fd8da00b000 JavaThread "DestroyJavaVM" [_thread_blocked, id=4355, stack(0x00007000068fd000,0x00007000069fd000)]
  0x00007fd8db8e4800 JavaThread "AWT-EventQueue-0" [_thread_blocked, id=74775, stack(0x0000700007e45000,0x0000700007f45000)]
  0x00007fd8da24f800 JavaThread "Java2D Disposer" daemon [_thread_blocked, id=77319, stack(0x0000700007bbc000,0x0000700007cbc000)]
  0x00007fd8da9d0800 JavaThread "Java2D Queue Flusher" daemon [_thread_blocked, id=49167, stack(0x0000700007ab9000,0x0000700007bb9000)]
  0x00007fd8da958800 JavaThread "AWT-Shutdown" [_thread_blocked, id=25115, stack(0x000070000782d000,0x000070000792d000)]
=>0x00007fd8da95b800 JavaThread "AWT-AppKit" daemon [_thread_in_native, id=775, stack(0x00007ffeedf0d000,0x00007ffeee70d000)]
  0x00007fd8db844000 JavaThread "Service Thread" daemon [_thread_blocked, id=18947, stack(0x0000700007627000,0x0000700007727000)]
  0x00007fd8db01a000 JavaThread "C1 CompilerThread2" daemon [_thread_blocked, id=19203, stack(0x0000700007524000,0x0000700007624000)]
  0x00007fd8da049000 JavaThread "C2 CompilerThread1" daemon [_thread_blocked, id=14851, stack(0x0000700007421000,0x0000700007521000)]
  0x00007fd8da848000 JavaThread "C2 CompilerThread0" daemon [_thread_blocked, id=14339, stack(0x000070000731e000,0x000070000741e000)]
  0x00007fd8da80a000 JavaThread "Signal Dispatcher" daemon [_thread_blocked, id=13827, stack(0x000070000721b000,0x000070000731b000)]
  0x00007fd8da83c000 JavaThread "Finalizer" daemon [_thread_blocked, id=20995, stack(0x0000700007012000,0x0000700007112000)]
  0x00007fd8da811800 JavaThread "Reference Handler" daemon [_thread_blocked, id=11523, stack(0x0000700006f0f000,0x000070000700f000)]

Other Threads:
  0x00007fd8da810800 VMThread [stack: 0x0000700006e0c000,0x0000700006f0c000] [id=11267]
  0x00007fd8da025800 WatcherThread [stack: 0x000070000772a000,0x000070000782a000] [id=18691]

VM state:not at safepoint (normal execution)

VM Mutex/Monitor currently owned by a thread: None

heap address: 0x0000000740000000, size: 2048 MB, Compressed Oops mode: Zero based, Oop shift amount: 3
Narrow klass base: 0x0000000000000000, Narrow klass shift: 3
Compressed class space size: 1073741824 Address: 0x00000007c0000000

Heap:
 PSYoungGen      total 50176K, used 16277K [0x0000000795580000, 0x0000000799a00000, 0x00000007c0000000)
  eden space 37376K, 9% used [0x0000000795580000,0x00000007958e9160,0x0000000797a00000)
  from space 12800K, 99% used [0x0000000798900000,0x000000079957c360,0x0000000799580000)
  to   space 15360K, 0% used [0x0000000797a00000,0x0000000797a00000,0x0000000798900000)
 ParOldGen       total 65024K, used 20972K [0x0000000740000000, 0x0000000743f80000, 0x0000000795580000)
  object space 65024K, 32% used [0x0000000740000000,0x000000074147b220,0x0000000743f80000)
 Metaspace       used 25145K, capacity 25569K, committed 26032K, reserved 1073152K
  class space    used 2493K, capacity 2631K, committed 2736K, reserved 1048576K

Card table byte_map: [0x000000010317e000,0x000000010357f000] byte_map_base: 0x00000000ff77e000

Marking Bits: (ParMarkBitMap*) 0x0000000102700f60
 Begin Bits: [0x0000000112cc2000, 0x0000000114cc2000)
 End Bits:   [0x0000000114cc2000, 0x0000000116cc2000)

Polling page: 0x0000000101564000

CodeCache: size=245760Kb used=10095Kb max_used=10393Kb free=235665Kb
 bounds [0x0000000103cc2000, 0x0000000104732000, 0x0000000112cc2000]
 total_blobs=3994 nmethods=3030 adapters=877
 compilation: enabled

Compilation events (10 events):
Event: 97.661 Thread 0x00007fd8da049000 3643       4       java.util.AbstractCollection::retainAll (49 bytes)
Event: 97.678 Thread 0x00007fd8db01a000 3644       1       java.awt.Component::isPreferredSizeSet (5 bytes)
Event: 97.678 Thread 0x00007fd8db01a000 nmethod 3644 0x00000001044e7510 code [0x00000001044e7660, 0x00000001044e7770]
Event: 97.679 Thread 0x00007fd8db01a000 3645   !   3       javax.swing.JComponent::getClientProperty (56 bytes)
Event: 97.680 Thread 0x00007fd8db01a000 nmethod 3645 0x00000001040d11d0 code [0x00000001040d1360, 0x00000001040d17a8]
Event: 97.685 Thread 0x00007fd8da049000 nmethod 3643 0x0000000104475010 code [0x00000001044751a0, 0x0000000104476108]
Event: 97.694 Thread 0x00007fd8db01a000 3646       1       java.awt.Component::isMinimumSizeSet (5 bytes)
Event: 97.694 Thread 0x00007fd8db01a000 nmethod 3646 0x00000001040d0f10 code [0x00000001040d1060, 0x00000001040d1170]
Event: 97.698 Thread 0x00007fd8db01a000 3647       3       java.util.jar.Manifest::getTrustedAttributes (57 bytes)
Event: 97.699 Thread 0x00007fd8db01a000 nmethod 3647 0x0000000104290750 code [0x0000000104290980, 0x00000001042914d8]

GC Heap History (10 events):
Event: 76.614 GC heap before
{Heap before GC invocations=11 (full 1):
 PSYoungGen      total 47104K, used 47008K [0x0000000795580000, 0x0000000799380000, 0x00000007c0000000)
  eden space 41984K, 100% used [0x0000000795580000,0x0000000797e80000,0x0000000797e80000)
  from space 5120K, 98% used [0x0000000797f00000,0x00000007983e8160,0x0000000798400000)
  to   space 10752K, 0% used [0x0000000798900000,0x0000000798900000,0x0000000799380000)
 ParOldGen       total 65024K, used 16372K [0x0000000740000000, 0x0000000743f80000, 0x0000000795580000)
  object space 65024K, 25% used [0x0000000740000000,0x0000000740ffd0c0,0x0000000743f80000)
 Metaspace       used 24832K, capacity 25207K, committed 25392K, reserved 1073152K
  class space    used 2476K, capacity 2596K, committed 2608K, reserved 1048576K
Event: 76.618 GC heap after
Heap after GC invocations=11 (full 1):
 PSYoungGen      total 51712K, used 5024K [0x0000000795580000, 0x0000000799300000, 0x00000007c0000000)
  eden space 41472K, 0% used [0x0000000795580000,0x0000000795580000,0x0000000797e00000)
  from space 10240K, 49% used [0x0000000798900000,0x0000000798de8160,0x0000000799300000)
  to   space 10752K, 0% used [0x0000000797e00000,0x0000000797e00000,0x0000000798880000)
 ParOldGen       total 65024K, used 16372K [0x0000000740000000, 0x0000000743f80000, 0x0000000795580000)
  object space 65024K, 25% used [0x0000000740000000,0x0000000740ffd0c0,0x0000000743f80000)
 Metaspace       used 24832K, capacity 25207K, committed 25392K, reserved 1073152K
  class space    used 2476K, capacity 2596K, committed 2608K, reserved 1048576K
}
Event: 85.111 GC heap before
{Heap before GC invocations=12 (full 1):
 PSYoungGen      total 51712K, used 46496K [0x0000000795580000, 0x0000000799300000, 0x00000007c0000000)
  eden space 41472K, 100% used [0x0000000795580000,0x0000000797e00000,0x0000000797e00000)
  from space 10240K, 49% used [0x0000000798900000,0x0000000798de8160,0x0000000799300000)
  to   space 10752K, 0% used [0x0000000797e00000,0x0000000797e00000,0x0000000798880000)
 ParOldGen       total 65024K, used 16372K [0x0000000740000000, 0x0000000743f80000, 0x0000000795580000)
  object space 65024K, 25% used [0x0000000740000000,0x0000000740ffd0c0,0x0000000743f80000)
 Metaspace       used 24976K, capacity 25431K, committed 25776K, reserved 1073152K
  class space    used 2478K, capacity 2628K, committed 2736K, reserved 1048576K
Event: 85.115 GC heap after
Heap after GC invocations=12 (full 1):
 PSYoungGen      total 47616K, used 6144K [0x0000000795580000, 0x0000000799180000, 0x00000007c0000000)
  eden space 40960K, 0% used [0x0000000795580000,0x0000000795580000,0x0000000797d80000)
  from space 6656K, 92% used [0x0000000797e00000,0x00000007984001a0,0x0000000798480000)
  to   space 10240K, 0% used [0x0000000798780000,0x0000000798780000,0x0000000799180000)
 ParOldGen       total 65024K, used 16372K [0x0000000740000000, 0x0000000743f80000, 0x0000000795580000)
  object space 65024K, 25% used [0x0000000740000000,0x0000000740ffd0c0,0x0000000743f80000)
 Metaspace       used 24976K, capacity 25431K, committed 25776K, reserved 1073152K
  class space    used 2478K, capacity 2628K, committed 2736K, reserved 1048576K
}
Event: 86.126 GC heap before
{Heap before GC invocations=13 (full 1):
 PSYoungGen      total 47616K, used 47104K [0x0000000795580000, 0x0000000799180000, 0x00000007c0000000)
  eden space 40960K, 100% used [0x0000000795580000,0x0000000797d80000,0x0000000797d80000)
  from space 6656K, 92% used [0x0000000797e00000,0x00000007984001a0,0x0000000798480000)
  to   space 10240K, 0% used [0x0000000798780000,0x0000000798780000,0x0000000799180000)
 ParOldGen       total 65024K, used 16372K [0x0000000740000000, 0x0000000743f80000, 0x0000000795580000)
  object space 65024K, 25% used [0x0000000740000000,0x0000000740ffd0c0,0x0000000743f80000)
 Metaspace       used 25002K, capacity 25495K, committed 25776K, reserved 1073152K
  class space    used 2478K, capacity 2628K, committed 2736K, reserved 1048576K
Event: 86.129 GC heap after
Heap after GC invocations=13 (full 1):
 PSYoungGen      total 50688K, used 8384K [0x0000000795580000, 0x0000000799200000, 0x00000007c0000000)
  eden space 40448K, 0% used [0x0000000795580000,0x0000000795580000,0x0000000797d00000)
  from space 10240K, 81% used [0x0000000798780000,0x0000000798fb0260,0x0000000799180000)
  to   space 10752K, 0% used [0x0000000797d00000,0x0000000797d00000,0x0000000798780000)
 ParOldGen       total 65024K, used 16372K [0x0000000740000000, 0x0000000743f80000, 0x0000000795580000)
  object space 65024K, 25% used [0x0000000740000000,0x0000000740ffd0c0,0x0000000743f80000)
 Metaspace       used 25002K, capacity 25495K, committed 25776K, reserved 1073152K
  class space    used 2478K, capacity 2628K, committed 2736K, reserved 1048576K
}
Event: 88.296 GC heap before
{Heap before GC invocations=14 (full 1):
 PSYoungGen      total 50688K, used 48832K [0x0000000795580000, 0x0000000799200000, 0x00000007c0000000)
  eden space 40448K, 100% used [0x0000000795580000,0x0000000797d00000,0x0000000797d00000)
  from space 10240K, 81% used [0x0000000798780000,0x0000000798fb0260,0x0000000799180000)
  to   space 10752K, 0% used [0x0000000797d00000,0x0000000797d00000,0x0000000798780000)
 ParOldGen       total 65024K, used 16372K [0x0000000740000000, 0x0000000743f80000, 0x0000000795580000)
  object space 65024K, 25% used [0x0000000740000000,0x0000000740ffd0c0,0x0000000743f80000)
 Metaspace       used 25029K, capacity 25495K, committed 25776K, reserved 1073152K
  class space    used 2478K, capacity 2628K, committed 2736K, reserved 1048576K
Event: 88.303 GC heap after
Heap after GC invocations=14 (full 1):
 PSYoungGen      total 50688K, used 10720K [0x0000000795580000, 0x0000000799580000, 0x00000007c0000000)
  eden space 39936K, 0% used [0x0000000795580000,0x0000000795580000,0x0000000797c80000)
  from space 10752K, 99% used [0x0000000797d00000,0x00000007987782f0,0x0000000798780000)
  to   space 12800K, 0% used [0x0000000798900000,0x0000000798900000,0x0000000799580000)
 ParOldGen       total 65024K, used 18332K [0x0000000740000000, 0x0000000743f80000, 0x0000000795580000)
  object space 65024K, 28% used [0x0000000740000000,0x00000007411e7170,0x0000000743f80000)
 Metaspace       used 25029K, capacity 25495K, committed 25776K, reserved 1073152K
  class space    used 2478K, capacity 2628K, committed 2736K, reserved 1048576K
}
Event: 96.741 GC heap before
{Heap before GC invocations=15 (full 1):
 PSYoungGen      total 50688K, used 50656K [0x0000000795580000, 0x0000000799580000, 0x00000007c0000000)
  eden space 39936K, 100% used [0x0000000795580000,0x0000000797c80000,0x0000000797c80000)
  from space 10752K, 99% used [0x0000000797d00000,0x00000007987782f0,0x0000000798780000)
  to   space 12800K, 0% used [0x0000000798900000,0x0000000798900000,0x0000000799580000)
 ParOldGen       total 65024K, used 18332K [0x0000000740000000, 0x0000000743f80000, 0x0000000795580000)
  object space 65024K, 28% used [0x0000000740000000,0x00000007411e7170,0x0000000743f80000)
 Metaspace       used 25076K, capacity 25565K, committed 25776K, reserved 1073152K
  class space    used 2480K, capacity 2629K, committed 2736K, reserved 1048576K
Event: 96.747 GC heap after
Heap after GC invocations=15 (full 1):
 PSYoungGen      total 50176K, used 12784K [0x0000000795580000, 0x0000000799a00000, 0x00000007c0000000)
  eden space 37376K, 0% used [0x0000000795580000,0x0000000795580000,0x0000000797a00000)
  from space 12800K, 99% used [0x0000000798900000,0x000000079957c360,0x0000000799580000)
  to   space 15360K, 0% used [0x0000000797a00000,0x0000000797a00000,0x0000000798900000)
 ParOldGen       total 65024K, used 20972K [0x0000000740000000, 0x0000000743f80000, 0x0000000795580000)
  object space 65024K, 32% used [0x0000000740000000,0x000000074147b220,0x0000000743f80000)
 Metaspace       used 25076K, capacity 25565K, committed 25776K, reserved 1073152K
  class space    used 2480K, capacity 2629K, committed 2736K, reserved 1048576K
}

Deoptimization events (10 events):
Event: 97.677 Thread 0x00007fd8dabf8800 Uncommon trap: reason=unstable_if action=reinterpret pc=0x000000010471474c method=java.awt.EventQueue.uncacheEQItem(Lsun/awt/EventQueueItem;)V @ 23
Event: 97.677 Thread 0x00007fd8dabf8800 Uncommon trap: reason=bimorphic action=maybe_recompile pc=0x0000000104509b00 method=java.awt.event.InvocationEvent.dispatch()V @ 11
Event: 97.691 Thread 0x00007fd8da9ce800 Uncommon trap: reason=class_check action=maybe_recompile pc=0x0000000104653a64 method=java.util.HashMap.putVal(ILjava/lang/Object;Ljava/lang/Object;ZZ)Ljava/lang/Object; @ 91
Event: 97.691 Thread 0x00007fd8da9ce800 Uncommon trap: reason=class_check action=maybe_recompile pc=0x0000000104653a64 method=java.util.HashMap.putVal(ILjava/lang/Object;Ljava/lang/Object;ZZ)Ljava/lang/Object; @ 91
Event: 97.691 Thread 0x00007fd8da9ce800 Uncommon trap: reason=class_check action=maybe_recompile pc=0x0000000104653a64 method=java.util.HashMap.putVal(ILjava/lang/Object;Ljava/lang/Object;ZZ)Ljava/lang/Object; @ 91
Event: 97.691 Thread 0x00007fd8da9ce800 Uncommon trap: reason=class_check action=maybe_recompile pc=0x0000000104653a64 method=java.util.HashMap.putVal(ILjava/lang/Object;Ljava/lang/Object;ZZ)Ljava/lang/Object; @ 91
Event: 97.694 Thread 0x00007fd8dabf8800 Uncommon trap: reason=bimorphic action=maybe_recompile pc=0x0000000104509b00 method=java.awt.event.InvocationEvent.dispatch()V @ 11
Event: 97.706 Thread 0x00007fd8dabf8800 Uncommon trap: reason=unstable_if action=reinterpret pc=0x0000000104541a98 method=java.util.LinkedList$ListItr.<init>(Ljava/util/LinkedList;I)V @ 26
Event: 97.707 Thread 0x00007fd8dabf8800 Uncommon trap: reason=unstable_if action=reinterpret pc=0x00000001043c7d58 method=java.security.AccessControlContext.optimize()Ljava/security/AccessControlContext; @ 233
Event: 97.710 Thread 0x00007fd8dabf8800 Uncommon trap: reason=bimorphic action=maybe_recompile pc=0x0000000104509b00 method=java.awt.event.InvocationEvent.dispatch()V @ 11

Classes redefined (0 events):
No events

Internal exceptions (10 events):
Event: 0.690 Thread 0x00007fd8da00b000 Exception <a 'java/io/FileNotFoundException'> (0x0000000795812890) thrown at [/jenkins/workspace/8-2-build-macosx-x86_64/jdk8u251/737/hotspot/src/share/vm/prims/jni.cpp, line 710]
Event: 0.690 Thread 0x00007fd8da00b000 Exception <a 'java/io/FileNotFoundException'> (0x0000000795813400) thrown at [/jenkins/workspace/8-2-build-macosx-x86_64/jdk8u251/737/hotspot/src/share/vm/prims/jni.cpp, line 710]
Event: 0.864 Thread 0x00007fd8da00b000 Exception <a 'java/io/FileNotFoundException'> (0x000000079593c5e8) thrown at [/jenkins/workspace/8-2-build-macosx-x86_64/jdk8u251/737/hotspot/src/share/vm/prims/jni.cpp, line 710]
Event: 2.852 Thread 0x00007fd8da424000 Exception <a 'java/lang/UnsatisfiedLinkError': com.jogamp.common.util.JarUtil.fixNativeLibAttribs(Ljava/lang/String;)Z> (0x0000000796caf828) thrown at [/jenkins/workspace/8-2-build-macosx-x86_64/jdk8u251/737/hotspot/src/share/vm/prims/nativeLookup.cpp, li
Event: 4.520 Thread 0x00007fd8da83c000 Exception <a 'java/lang/NullPointerException'> (0x00000007956a2a08) thrown at [/jenkins/workspace/8-2-build-macosx-x86_64/jdk8u251/737/hotspot/src/share/vm/interpreter/linkResolver.cpp, line 1185]
Event: 5.285 Thread 0x00007fd8dabf8800 Exception <a 'java/io/FileNotFoundException'> (0x0000000795f95d58) thrown at [/jenkins/workspace/8-2-build-macosx-x86_64/jdk8u251/737/hotspot/src/share/vm/prims/jni.cpp, line 710]
Event: 5.286 Thread 0x00007fd8dabf8800 Exception <a 'java/io/FileNotFoundException'> (0x0000000795f9bfa8) thrown at [/jenkins/workspace/8-2-build-macosx-x86_64/jdk8u251/737/hotspot/src/share/vm/prims/jni.cpp, line 710]
Event: 5.286 Thread 0x00007fd8dabf8800 Implicit null exception at 0x0000000103e9fcf6 to 0x0000000103ea00b9
Event: 5.460 Thread 0x00007fd8dabf8800 Implicit null exception at 0x00000001040c01c6 to 0x00000001040c040d
Event: 6.820 Thread 0x00007fd8dabf8800 Implicit null exception at 0x00000001041c3878 to 0x00000001041c39c9

Events (10 events):
Event: 97.707 Executing VM operation: Deoptimize
Event: 97.708 Executing VM operation: Deoptimize done
Event: 97.708 loading class java/awt/Toolkit$ToolkitEventMulticaster
Event: 97.708 loading class java/awt/Toolkit$ToolkitEventMulticaster done
Event: 97.709 Thread 0x00007fd8da9ce800 Thread exited: 0x00007fd8da9ce800
Event: 97.709 loading class java/awt/Window$1DisposeAction
Event: 97.709 loading class java/awt/Window$1DisposeAction done
Event: 97.710 Thread 0x00007fd8dabf8800 Uncommon trap: trap_request=0xffffffc6 fr.pc=0x0000000104509b00
Event: 97.710 Thread 0x00007fd8dabf8800 DEOPT PACKING pc=0x0000000104509b00 sp=0x00007000081cc050
Event: 97.710 Thread 0x00007fd8dabf8800 DEOPT UNPACKING pc=0x0000000103d0773a sp=0x00007000081cbee8 mode 2


Dynamic libraries:
0x00007fff37bfe000 	/System/Library/Frameworks/Cocoa.framework/Versions/A/Cocoa
0x00007fff453e6000 	/System/Library/Frameworks/Security.framework/Versions/A/Security
0x00007fff36b65000 	/System/Library/Frameworks/ApplicationServices.framework/Versions/A/ApplicationServices
0x00007fff7203e000 	/usr/lib/libz.1.dylib
0x00007fff6fb02000 	/usr/lib/libSystem.B.dylib
0x00007fff71962000 	/usr/lib/libobjc.A.dylib
0x00007fff38a9e000 	/System/Library/Frameworks/CoreFoundation.framework/Versions/A/CoreFoundation
0x00007fff3b158000 	/System/Library/Frameworks/Foundation.framework/Versions/C/Foundation
0x00007fff35d55000 	/System/Library/Frameworks/AppKit.framework/Versions/C/AppKit
0x00007fff38582000 	/System/Library/Frameworks/CoreData.framework/Versions/A/CoreData
0x00007fff69b1d000 	/System/Library/PrivateFrameworks/UIFoundation.framework/Versions/A/UIFoundation
0x00007fff64bc1000 	/System/Library/PrivateFrameworks/RemoteViewServices.framework/Versions/A/RemoteViewServices
0x00007fff6c672000 	/System/Library/PrivateFrameworks/XCTTargetBootstrap.framework/Versions/A/XCTTargetBootstrap
0x00007fff3896d000 	/System/Library/Frameworks/CoreDisplay.framework/Versions/A/CoreDisplay
0x00007fff3e013000 	/System/Library/Frameworks/Metal.framework/Versions/A/Metal
0x00007fff52bcd000 	/System/Library/PrivateFrameworks/DesktopServicesPriv.framework/Versions/A/DesktopServicesPriv
0x00007fff70c3d000 	/usr/lib/liblangid.dylib
0x00007fff51e65000 	/System/Library/PrivateFrameworks/CoreSVG.framework/Versions/A/CoreSVG
0x00007fff67d1a000 	/System/Library/PrivateFrameworks/SkyLight.framework/Versions/A/SkyLight
0x00007fff38f1f000 	/System/Library/Frameworks/CoreGraphics.framework/Versions/A/CoreGraphics
0x00007fff34729000 	/System/Library/Frameworks/Accelerate.framework/Versions/A/Accelerate
0x00007fff71f2f000 	/usr/lib/libxml2.2.dylib
0x00007fff5db5a000 	/System/Library/PrivateFrameworks/IconServices.framework/Versions/A/IconServices
0x00007fff3b937000 	/System/Library/Frameworks/IOSurface.framework/Versions/A/IOSurface
0x00007fff6f62c000 	/usr/lib/libDiagnosticMessagesClient.dylib
0x00007fff52a27000 	/System/Library/PrivateFrameworks/DFRFoundation.framework/Versions/A/DFRFoundation
0x00007fff709cc000 	/usr/lib/libicucore.A.dylib
0x00007fff36e97000 	/System/Library/Frameworks/AudioToolbox.framework/Versions/A/AudioToolbox
0x00007fff36f7a000 	/System/Library/Frameworks/AudioUnit.framework/Versions/A/AudioUnit
0x00007fff6fd04000 	/usr/lib/libauto.dylib
0x00007fff52ac9000 	/System/Library/PrivateFrameworks/DataDetectorsCore.framework/Versions/A/DataDetectorsCore
0x00007fff3771f000 	/System/Library/Frameworks/Carbon.framework/Versions/A/Frameworks/HIToolbox.framework/Versions/A/HIToolbox
0x00007fff445e3000 	/System/Library/Frameworks/QuartzCore.framework/Versions/A/QuartzCore
0x00007fff37a5e000 	/System/Library/Frameworks/Carbon.framework/Versions/A/Frameworks/SpeechRecognition.framework/Versions/A/SpeechRecognition
0x00007fff5253e000 	/System/Library/PrivateFrameworks/CoreUI.framework/Versions/A/CoreUI
0x00007fff37fed000 	/System/Library/Frameworks/CoreAudio.framework/Versions/A/CoreAudio
0x00007fff3ae19000 	/System/Library/Frameworks/DiskArbitration.framework/Versions/A/DiskArbitration
0x00007fff5fba8000 	/System/Library/PrivateFrameworks/MultitouchSupport.framework/Versions/A/MultitouchSupport
0x00007fff70893000 	/usr/lib/libenergytrace.dylib
0x00007fff3b891000 	/System/Library/Frameworks/IOKit.framework/Versions/A/IOKit
0x00007fff39e85000 	/System/Library/Frameworks/CoreServices.framework/Versions/A/CoreServices
0x00007fff61d57000 	/System/Library/PrivateFrameworks/PerformanceAnalysis.framework/Versions/A/PerformanceAnalysis
0x00007fff43616000 	/System/Library/Frameworks/OpenGL.framework/Versions/A/OpenGL
0x00007fff37c0c000 	/System/Library/Frameworks/ColorSync.framework/Versions/A/ColorSync
0x00007fff395a1000 	/System/Library/Frameworks/CoreImage.framework/Versions/A/CoreImage
0x00007fff3a8f8000 	/System/Library/Frameworks/CoreText.framework/Versions/A/CoreText
0x00007fff3b9c7000 	/System/Library/Frameworks/ImageIO.framework/Versions/A/ImageIO
0x00007fff6fde8000 	/usr/lib/libc++.1.dylib
0x00007fff6fe64000 	/usr/lib/libcompression.dylib
0x00007fff6f970000 	/usr/lib/libMobileGestalt.dylib
0x00007fff69892000 	/System/Library/PrivateFrameworks/TextureIO.framework/Versions/A/TextureIO
0x00007fff6fc67000 	/usr/lib/libate.dylib
0x00007fff5dd63000 	/System/Library/PrivateFrameworks/InternationalSupport.framework/Versions/A/InternationalSupport
0x00007fff728fe000 	/usr/lib/system/libcache.dylib
0x00007fff72904000 	/usr/lib/system/libcommonCrypto.dylib
0x00007fff72910000 	/usr/lib/system/libcompiler_rt.dylib
0x00007fff72918000 	/usr/lib/system/libcopyfile.dylib
0x00007fff72922000 	/usr/lib/system/libcorecrypto.dylib
0x00007fff72ac1000 	/usr/lib/system/libdispatch.dylib
0x00007fff72b02000 	/usr/lib/system/libdyld.dylib
0x00007fff72b39000 	/usr/lib/system/libkeymgr.dylib
0x00007fff72b47000 	/usr/lib/system/liblaunch.dylib
0x00007fff72b48000 	/usr/lib/system/libmacho.dylib
0x00007fff72b4e000 	/usr/lib/system/libquarantine.dylib
0x00007fff72b51000 	/usr/lib/system/libremovefile.dylib
0x00007fff72b53000 	/usr/lib/system/libsystem_asl.dylib
0x00007fff72b6b000 	/usr/lib/system/libsystem_blocks.dylib
0x00007fff72b6c000 	/usr/lib/system/libsystem_c.dylib
0x00007fff72bf4000 	/usr/lib/system/libsystem_configuration.dylib
0x00007fff72bf8000 	/usr/lib/system/libsystem_coreservices.dylib
0x00007fff72bfc000 	/usr/lib/system/libsystem_darwin.dylib
0x00007fff72c05000 	/usr/lib/system/libsystem_dnssd.dylib
0x00007fff72c0d000 	/usr/lib/system/libsystem_featureflags.dylib
0x00007fff72c0f000 	/usr/lib/system/libsystem_info.dylib
0x00007fff72c8a000 	/usr/lib/system/libsystem_m.dylib
0x00007fff72cd2000 	/usr/lib/system/libsystem_malloc.dylib
0x00007fff72cfa000 	/usr/lib/system/libsystem_networkextension.dylib
0x00007fff72d08000 	/usr/lib/system/libsystem_notify.dylib
0x00007fff72d26000 	/usr/lib/system/libsystem_sandbox.dylib
0x00007fff72d2b000 	/usr/lib/system/libsystem_secinit.dylib
0x00007fff72c5d000 	/usr/lib/system/libsystem_kernel.dylib
0x00007fff72d12000 	/usr/lib/system/libsystem_platform.dylib
0x00007fff72d1b000 	/usr/lib/system/libsystem_pthread.dylib
0x00007fff72d2e000 	/usr/lib/system/libsystem_symptoms.dylib
0x00007fff72d36000 	/usr/lib/system/libsystem_trace.dylib
0x00007fff72d4e000 	/usr/lib/system/libunwind.dylib
0x00007fff72d54000 	/usr/lib/system/libxpc.dylib
0x00007fff6fe3b000 	/usr/lib/libc++abi.dylib
0x00007fff70c3f000 	/usr/lib/liblzma.5.dylib
0x00007fff708ba000 	/usr/lib/libfakelink.dylib
0x00007fff6fbf4000 	/usr/lib/libarchive.2.dylib
0x00007fff46497000 	/System/Library/Frameworks/SystemConfiguration.framework/Versions/A/SystemConfiguration
0x00007fff6f55f000 	/usr/lib/libCRFSuite.dylib
0x00007fff37310000 	/System/Library/Frameworks/CFNetwork.framework/Versions/A/CFNetwork
0x00007fff6fdca000 	/usr/lib/libbsm.0.dylib
0x00007fff72b3a000 	/usr/lib/system/libkxld.dylib
0x00007fff4c3b3000 	/System/Library/PrivateFrameworks/AppleFSCompression.framework/Versions/A/AppleFSCompression
0x00007fff70155000 	/usr/lib/libcoretls.dylib
0x00007fff7016c000 	/usr/lib/libcoretls_cfhelpers.dylib
0x00007fff719a8000 	/usr/lib/libpam.2.dylib
0x00007fff71add000 	/usr/lib/libsqlite3.dylib
0x00007fff71f1c000 	/usr/lib/libxar.1.dylib
0x00007fff6fddb000 	/usr/lib/libbz2.1.0.dylib
0x00007fff708db000 	/usr/lib/libiconv.2.dylib
0x00007fff6fe51000 	/usr/lib/libcharset.1.dylib
0x00007fff71445000 	/usr/lib/libnetwork.dylib
0x00007fff719af000 	/usr/lib/libpcap.A.dylib
0x00007fff6fba9000 	/usr/lib/libapple_nghttp2.dylib
0x00007fff3a23c000 	/System/Library/Frameworks/CoreServices.framework/Versions/A/Frameworks/FSEvents.framework/Versions/A/FSEvents
0x00007fff39f0c000 	/System/Library/Frameworks/CoreServices.framework/Versions/A/Frameworks/CarbonCore.framework/Versions/A/CarbonCore
0x00007fff3a480000 	/System/Library/Frameworks/CoreServices.framework/Versions/A/Frameworks/Metadata.framework/Versions/A/Metadata
0x00007fff3a519000 	/System/Library/Frameworks/CoreServices.framework/Versions/A/Frameworks/OSServices.framework/Versions/A/OSServices
0x00007fff3a547000 	/System/Library/Frameworks/CoreServices.framework/Versions/A/Frameworks/SearchKit.framework/Versions/A/SearchKit
0x00007fff39e86000 	/System/Library/Frameworks/CoreServices.framework/Versions/A/Frameworks/AE.framework/Versions/A/AE
0x00007fff3a245000 	/System/Library/Frameworks/CoreServices.framework/Versions/A/Frameworks/LaunchServices.framework/Versions/A/LaunchServices
0x00007fff3a1ee000 	/System/Library/Frameworks/CoreServices.framework/Versions/A/Frameworks/DictionaryServices.framework/Versions/A/DictionaryServices
0x00007fff3a5af000 	/System/Library/Frameworks/CoreServices.framework/Versions/A/Frameworks/SharedFileList.framework/Versions/A/SharedFileList
0x00007fff3f436000 	/System/Library/Frameworks/NetFS.framework/Versions/A/NetFS
0x00007fff600d8000 	/System/Library/PrivateFrameworks/NetAuth.framework/Versions/A/NetAuth
0x00007fff6ca3f000 	/System/Library/PrivateFrameworks/login.framework/Versions/A/Frameworks/loginsupport.framework/Versions/A/loginsupport
0x00007fff6935d000 	/System/Library/PrivateFrameworks/TCC.framework/Versions/A/TCC
0x00007fff50fd8000 	/System/Library/PrivateFrameworks/CoreNLP.framework/Versions/A/CoreNLP
0x00007fff5f5d5000 	/System/Library/PrivateFrameworks/MetadataUtilities.framework/Versions/A/MetadataUtilities
0x00007fff70d17000 	/usr/lib/libmecabra.dylib
0x00007fff70c6f000 	/usr/lib/libmecab.dylib
0x00007fff708cb000 	/usr/lib/libgermantok.dylib
0x00007fff6fb90000 	/usr/lib/libThaiTokenizer.dylib
0x00007fff6f596000 	/usr/lib/libChineseTokenizer.dylib
0x00007fff34741000 	/System/Library/Frameworks/Accelerate.framework/Versions/A/Frameworks/vImage.framework/Versions/A/vImage
0x00007fff35bab000 	/System/Library/Frameworks/Accelerate.framework/Versions/A/Frameworks/vecLib.framework/Versions/A/vecLib
0x00007fff35ae8000 	/System/Library/Frameworks/Accelerate.framework/Versions/A/Frameworks/vecLib.framework/Versions/A/libvMisc.dylib
0x00007fff35910000 	/System/Library/Frameworks/Accelerate.framework/Versions/A/Frameworks/vecLib.framework/Versions/A/libvDSP.dylib
0x00007fff34d98000 	/System/Library/Frameworks/Accelerate.framework/Versions/A/Frameworks/vecLib.framework/Versions/A/libBLAS.dylib
0x00007fff354d4000 	/System/Library/Frameworks/Accelerate.framework/Versions/A/Frameworks/vecLib.framework/Versions/A/libLAPACK.dylib
0x00007fff35870000 	/System/Library/Frameworks/Accelerate.framework/Versions/A/Frameworks/vecLib.framework/Versions/A/libLinearAlgebra.dylib
0x00007fff358fd000 	/System/Library/Frameworks/Accelerate.framework/Versions/A/Frameworks/vecLib.framework/Versions/A/libSparseBLAS.dylib
0x00007fff35886000 	/System/Library/Frameworks/Accelerate.framework/Versions/A/Frameworks/vecLib.framework/Versions/A/libQuadrature.dylib
0x00007fff35000000 	/System/Library/Frameworks/Accelerate.framework/Versions/A/Frameworks/vecLib.framework/Versions/A/libBNNS.dylib
0x00007fff3588c000 	/System/Library/Frameworks/Accelerate.framework/Versions/A/Frameworks/vecLib.framework/Versions/A/libSparse.dylib
0x00007fff5e14b000 	/System/Library/PrivateFrameworks/LanguageModeling.framework/Versions/A/LanguageModeling
0x00007fff50988000 	/System/Library/PrivateFrameworks/CoreEmoji.framework/Versions/A/CoreEmoji
0x00007fff5e269000 	/System/Library/PrivateFrameworks/LinguisticData.framework/Versions/A/LinguisticData
0x00007fff5e21a000 	/System/Library/PrivateFrameworks/Lexicon.framework/Versions/A/Lexicon
0x00007fff6fe52000 	/usr/lib/libcmph.dylib
0x00007fff42024000 	/System/Library/Frameworks/OpenDirectory.framework/Versions/A/Frameworks/CFOpenDirectory.framework/Versions/A/CFOpenDirectory
0x00007fff42041000 	/System/Library/Frameworks/OpenDirectory.framework/Versions/A/OpenDirectory
0x00007fff4a466000 	/System/Library/PrivateFrameworks/APFS.framework/Versions/A/APFS
0x00007fff45730000 	/System/Library/Frameworks/SecurityFoundation.framework/Versions/A/SecurityFoundation
0x00007fff71f18000 	/usr/lib/libutil.dylib
0x00007fff51ebd000 	/System/Library/PrivateFrameworks/CoreServicesStore.framework/Versions/A/CoreServicesStore
0x00007fff457e7000 	/System/Library/Frameworks/ServiceManagement.framework/Versions/A/ServiceManagement
0x00007fff4db82000 	/System/Library/PrivateFrameworks/BackgroundTaskManagement.framework/Versions/A/BackgroundTaskManagement
0x00007fff72015000 	/usr/lib/libxslt.1.dylib
0x00007fff4ca26000 	/System/Library/PrivateFrameworks/AppleSystemInfo.framework/Versions/A/AppleSystemInfo
0x00007fff3bbe2000 	/System/Library/Frameworks/ImageIO.framework/Versions/A/Resources/libJPEG.dylib
0x00007fff3be9e000 	/System/Library/Frameworks/ImageIO.framework/Versions/A/Resources/libTIFF.dylib
0x00007fff3be81000 	/System/Library/Frameworks/ImageIO.framework/Versions/A/Resources/libPng.dylib
0x00007fff3bb24000 	/System/Library/Frameworks/ImageIO.framework/Versions/A/Resources/libGIF.dylib
0x00007fff3bb28000 	/System/Library/Frameworks/ImageIO.framework/Versions/A/Resources/libJP2.dylib
0x00007fff3be9c000 	/System/Library/Frameworks/ImageIO.framework/Versions/A/Resources/libRadiance.dylib
0x00007fff70894000 	/usr/lib/libexpat.1.dylib
0x00007fff4c50e000 	/System/Library/PrivateFrameworks/AppleJPEG.framework/Versions/A/AppleJPEG
0x00007fff551bc000 	/System/Library/PrivateFrameworks/FontServices.framework/libFontParser.dylib
0x00007fff6ba44000 	/System/Library/PrivateFrameworks/WatchdogClient.framework/Versions/A/WatchdogClient
0x00007fff5d7a6000 	/System/Library/PrivateFrameworks/IOAccelerator.framework/Versions/A/IOAccelerator
0x00007fff3e3ae000 	/System/Library/Frameworks/MetalPerformanceShaders.framework/Versions/A/MetalPerformanceShaders
0x00007fff59f3d000 	/System/Library/PrivateFrameworks/GPUWrangler.framework/Versions/A/GPUWrangler
0x00007fff5d7bb000 	/System/Library/PrivateFrameworks/IOPresentment.framework/Versions/A/IOPresentment
0x00007fff52a3a000 	/System/Library/PrivateFrameworks/DSExternalDisplay.framework/Versions/A/DSExternalDisplay
0x00007fff429b5000 	/System/Library/Frameworks/OpenGL.framework/Versions/A/Libraries/libCoreFSCache.dylib
0x00007fff3e0fa000 	/System/Library/Frameworks/MetalPerformanceShaders.framework/Frameworks/MPSCore.framework/Versions/A/MPSCore
0x00007fff3e138000 	/System/Library/Frameworks/MetalPerformanceShaders.framework/Frameworks/MPSImage.framework/Versions/A/MPSImage
0x00007fff3e1ff000 	/System/Library/Frameworks/MetalPerformanceShaders.framework/Frameworks/MPSNeuralNetwork.framework/Versions/A/MPSNeuralNetwork
0x00007fff3e1c3000 	/System/Library/Frameworks/MetalPerformanceShaders.framework/Frameworks/MPSMatrix.framework/Versions/A/MPSMatrix
0x00007fff3e35e000 	/System/Library/Frameworks/MetalPerformanceShaders.framework/Frameworks/MPSRayIntersector.framework/Versions/A/MPSRayIntersector
0x00007fff3e1e9000 	/System/Library/Frameworks/MetalPerformanceShaders.framework/Frameworks/MPSNDArray.framework/Versions/A/MPSNDArray
0x00007fff5f622000 	/System/Library/PrivateFrameworks/MetalTools.framework/Versions/A/MetalTools
0x00007fff4b63b000 	/System/Library/PrivateFrameworks/AggregateDictionary.framework/Versions/A/AggregateDictionary
0x00007fff503d2000 	/System/Library/PrivateFrameworks/CoreAnalytics.framework/Versions/A/CoreAnalytics
0x00007fff4c945000 	/System/Library/PrivateFrameworks/AppleSauce.framework/Versions/A/AppleSauce
0x00007fff6f852000 	/usr/lib/libIOReport.dylib
0x00007fff3aab0000 	/System/Library/Frameworks/CoreVideo.framework/Versions/A/CoreVideo
0x00007fff5b3b7000 	/System/Library/PrivateFrameworks/GraphVisualizer.framework/Versions/A/GraphVisualizer
0x00007fff54703000 	/System/Library/PrivateFrameworks/FaceCore.framework/Versions/A/FaceCore
0x00007fff41fcb000 	/System/Library/Frameworks/OpenCL.framework/Versions/A/OpenCL
0x00007fff6f674000 	/usr/lib/libFosl_dynamic.dylib
0x00007fff60af8000 	/System/Library/PrivateFrameworks/OTSVG.framework/Versions/A/OTSVG
0x00007fff36c6a000 	/System/Library/Frameworks/ApplicationServices.framework/Versions/A/Frameworks/ATS.framework/Versions/A/Resources/libFontRegistry.dylib
0x00007fff5538e000 	/System/Library/PrivateFrameworks/FontServices.framework/libhvf.dylib
0x00007fff429c0000 	/System/Library/Frameworks/OpenGL.framework/Versions/A/Libraries/libGFXShared.dylib
0x00007fff42b9e000 	/System/Library/Frameworks/OpenGL.framework/Versions/A/Libraries/libGLU.dylib
0x00007fff429c9000 	/System/Library/Frameworks/OpenGL.framework/Versions/A/Libraries/libGL.dylib
0x00007fff429d4000 	/System/Library/Frameworks/OpenGL.framework/Versions/A/Libraries/libGLImage.dylib
0x00007fff429b2000 	/System/Library/Frameworks/OpenGL.framework/Versions/A/Libraries/libCVMSPluginSupport.dylib
0x00007fff429bb000 	/System/Library/Frameworks/OpenGL.framework/Versions/A/Libraries/libCoreVMClient.dylib
0x00007fff712e6000 	/usr/lib/libncurses.5.4.dylib
0x00007fff36b66000 	/System/Library/Frameworks/ApplicationServices.framework/Versions/A/Frameworks/ATS.framework/Versions/A/ATS
0x00007fff36d33000 	/System/Library/Frameworks/ApplicationServices.framework/Versions/A/Frameworks/ColorSyncLegacy.framework/Versions/A/ColorSyncLegacy
0x00007fff36dd1000 	/System/Library/Frameworks/ApplicationServices.framework/Versions/A/Frameworks/HIServices.framework/Versions/A/HIServices
0x00007fff36e29000 	/System/Library/Frameworks/ApplicationServices.framework/Versions/A/Frameworks/LangAnalysis.framework/Versions/A/LangAnalysis
0x00007fff36e38000 	/System/Library/Frameworks/ApplicationServices.framework/Versions/A/Frameworks/PrintCore.framework/Versions/A/PrintCore
0x00007fff36e7e000 	/System/Library/Frameworks/ApplicationServices.framework/Versions/A/Frameworks/QD.framework/Versions/A/QD
0x00007fff36e89000 	/System/Library/Frameworks/ApplicationServices.framework/Versions/A/Frameworks/SpeechSynthesis.framework/Versions/A/SpeechSynthesis
0x00007fff36d03000 	/System/Library/Frameworks/ApplicationServices.framework/Versions/A/Frameworks/ATSUI.framework/Versions/A/ATSUI
0x00007fff7072a000 	/usr/lib/libcups.2.dylib
0x00007fff3d449000 	/System/Library/Frameworks/Kerberos.framework/Versions/A/Kerberos
0x00007fff3b58a000 	/System/Library/Frameworks/GSS.framework/Versions/A/GSS
0x00007fff71a69000 	/usr/lib/libresolv.9.dylib
0x00007fff5b564000 	/System/Library/PrivateFrameworks/Heimdal.framework/Versions/A/Heimdal
0x00007fff3d45c000 	/System/Library/Frameworks/Kerberos.framework/Versions/A/Libraries/libHeimdalProxy.dylib
0x00007fff708d1000 	/usr/lib/libheimdal-asn1.dylib
0x00007fff4f86d000 	/System/Library/PrivateFrameworks/CommonAuth.framework/Versions/A/CommonAuth
0x00007fff4cac3000 	/System/Library/PrivateFrameworks/AssertionServices.framework/Versions/A/AssertionServices
0x00007fff4d665000 	/System/Library/PrivateFrameworks/AudioToolboxCore.framework/Versions/A/AudioToolboxCore
0x00007fff6c6ef000 	/System/Library/PrivateFrameworks/caulk.framework/Versions/A/caulk
0x00007fff4dc2e000 	/System/Library/PrivateFrameworks/BaseBoard.framework/Versions/A/BaseBoard
0x00007fff64d4f000 	/System/Library/PrivateFrameworks/RunningBoardServices.framework/Versions/A/RunningBoardServices
0x00007fff61d63000 	/System/Library/PrivateFrameworks/PersistentConnection.framework/Versions/A/PersistentConnection
0x00007fff64749000 	/System/Library/PrivateFrameworks/ProtocolBuffer.framework/Versions/A/ProtocolBuffer
0x00007fff4f891000 	/System/Library/PrivateFrameworks/CommonUtilities.framework/Versions/A/CommonUtilities
0x00007fff4ddbc000 	/System/Library/PrivateFrameworks/Bom.framework/Versions/A/Bom
0x00007fff6f525000 	/usr/lib/libAudioToolboxUtility.dylib
0x00007fff4db8c000 	/System/Library/PrivateFrameworks/Backup.framework/Versions/A/Backup
0x00007fff5295b000 	/System/Library/PrivateFrameworks/CrashReporterSupport.framework/Versions/A/CrashReporterSupport
0x00007fff667e0000 	/System/Library/PrivateFrameworks/Sharing.framework/Versions/A/Sharing
0x00007fff4c0d1000 	/System/Library/PrivateFrameworks/Apple80211.framework/Versions/A/Apple80211
0x00007fff4d8a9000 	/System/Library/PrivateFrameworks/AuthKit.framework/Versions/A/AuthKit
0x00007fff5266b000 	/System/Library/PrivateFrameworks/CoreUtils.framework/Versions/A/CoreUtils
0x00007fff3aaf5000 	/System/Library/Frameworks/CoreWLAN.framework/Versions/A/CoreWLAN
0x00007fff3b717000 	/System/Library/Frameworks/IOBluetooth.framework/Versions/A/IOBluetooth
0x00007fff5f927000 	/System/Library/PrivateFrameworks/MobileKeyBag.framework/Versions/A/MobileKeyBag
0x00007fff51470000 	/System/Library/PrivateFrameworks/CorePhoneNumbers.framework/Versions/A/CorePhoneNumbers
0x00007fff4c4c1000 	/System/Library/PrivateFrameworks/AppleIDAuthSupport.framework/Versions/A/AppleIDAuthSupport
0x00007fff3f443000 	/System/Library/Frameworks/Network.framework/Versions/A/Network
0x00007fff5dff7000 	/System/Library/PrivateFrameworks/KeychainCircle.framework/Versions/A/KeychainCircle
0x00007fff38549000 	/System/Library/Frameworks/CoreBluetooth.framework/Versions/A/CoreBluetooth
0x00007fff6885d000 	/System/Library/PrivateFrameworks/SpeechRecognitionCore.framework/Versions/A/SpeechRecognitionCore
0x0000000101e00000 	/Library/Java/JavaVirtualMachines/jdk1.8.0_251.jdk/Contents/Home/jre/lib/server/libjvm.dylib
0x00007fff71deb000 	/usr/lib/libstdc++.6.dylib
0x0000000101520000 	/Library/Java/JavaVirtualMachines/jdk1.8.0_251.jdk/Contents/Home/jre/lib/libverify.dylib
0x000000010152e000 	/Library/Java/JavaVirtualMachines/jdk1.8.0_251.jdk/Contents/Home/jre/lib/libjava.dylib
0x00000001015ae000 	/Library/Java/JavaVirtualMachines/jdk1.8.0_251.jdk/Contents/Home/jre/lib/libzip.dylib
0x0000000103a11000 	/Library/Java/JavaVirtualMachines/jdk1.8.0_251.jdk/Contents/Home/jre/lib/libawt.dylib
0x0000000103aba000 	/Library/Java/JavaVirtualMachines/jdk1.8.0_251.jdk/Contents/Home/jre/lib/libmlib_image.dylib
0x00007fff3d433000 	/System/Library/Frameworks/JavaVM.framework/Versions/A/Frameworks/JavaNativeFoundation.framework/Versions/A/JavaNativeFoundation
0x00007fff3d43c000 	/System/Library/Frameworks/JavaVM.framework/Versions/A/Frameworks/JavaRuntimeSupport.framework/Versions/A/JavaRuntimeSupport
0x00007fff3d444000 	/System/Library/Frameworks/JavaVM.framework/Versions/A/JavaVM
0x00007fff5de0e000 	/System/Library/PrivateFrameworks/JavaLaunching.framework/Versions/A/JavaLaunching
0x00007fff3771a000 	/System/Library/Frameworks/Carbon.framework/Versions/A/Carbon
0x00007fff52410000 	/System/Library/PrivateFrameworks/CoreSymbolication.framework/Versions/A/CoreSymbolication
0x00007fff3771b000 	/System/Library/Frameworks/Carbon.framework/Versions/A/Frameworks/CommonPanels.framework/Versions/A/CommonPanels
0x00007fff37a14000 	/System/Library/Frameworks/Carbon.framework/Versions/A/Frameworks/Help.framework/Versions/A/Help
0x00007fff37a18000 	/System/Library/Frameworks/Carbon.framework/Versions/A/Frameworks/ImageCapture.framework/Versions/A/ImageCapture
0x00007fff37a1f000 	/System/Library/Frameworks/Carbon.framework/Versions/A/Frameworks/OpenScripting.framework/Versions/A/OpenScripting
0x00007fff37a1e000 	/System/Library/Frameworks/Carbon.framework/Versions/A/Frameworks/Ink.framework/Versions/A/Ink
0x00007fff37a5a000 	/System/Library/Frameworks/Carbon.framework/Versions/A/Frameworks/Print.framework/Versions/A/Print
0x00007fff37a5b000 	/System/Library/Frameworks/Carbon.framework/Versions/A/Frameworks/SecurityHI.framework/Versions/A/SecurityHI
0x00007fff52b8f000 	/System/Library/PrivateFrameworks/DebugSymbols.framework/Versions/A/DebugSymbols
0x00000001193f6000 	/Library/Java/JavaVirtualMachines/jdk1.8.0_251.jdk/Contents/Home/jre/lib/libawt_lwawt.dylib
0x0000000103b86000 	/Library/Java/JavaVirtualMachines/jdk1.8.0_251.jdk/Contents/Home/jre/lib/libosxapp.dylib
0x00007fff3aff3000 	/System/Library/Frameworks/ExceptionHandling.framework/Versions/A/ExceptionHandling
0x00007fff51e89000 	/System/Library/PrivateFrameworks/CoreServicesInternal.framework/Versions/A/CoreServicesInternal
0x00007fff3b012000 	/System/Library/Frameworks/FileProvider.framework/Versions/A/FileProvider
0x00007fff35bac000 	/System/Library/Frameworks/Accounts.framework/Versions/A/Accounts
0x00007fff5a262000 	/System/Library/PrivateFrameworks/GenerationalStorage.framework/Versions/A/GenerationalStorage
0x00007fff6909d000 	/System/Library/PrivateFrameworks/SymptomDiagnosticReporter.framework/Versions/A/SymptomDiagnosticReporter
0x00007fff4bbd6000 	/System/Library/PrivateFrameworks/AppContainer.framework/Versions/A/AppContainer
0x00007fff71a83000 	/usr/lib/libsandbox.1.dylib
0x00007fff6a9e8000 	/System/Library/PrivateFrameworks/UserManagement.framework/Versions/A/UserManagement
0x00007fff4e977000 	/System/Library/PrivateFrameworks/ChunkingLibrary.framework/Versions/A/ChunkingLibrary
0x00007fff4bc48000 	/System/Library/PrivateFrameworks/AppSandbox.framework/Versions/A/AppSandbox
0x00007fff6666a000 	/System/Library/PrivateFrameworks/SecCodeWrapper.framework/Versions/A/SecCodeWrapper
0x00007fff6f93a000 	/usr/lib/libMatch.1.dylib
0x00007fff2bb90000 	/System/Library/CoreServices/RawCamera.bundle/Contents/MacOS/RawCamera
0x00007fff5f751000 	/System/Library/PrivateFrameworks/MobileAsset.framework/Versions/A/MobileAsset
0x00007fff68f45000 	/System/Library/PrivateFrameworks/StreamingZip.framework/Versions/A/StreamingZip
0x00007fff3d8c4000 	/System/Library/Frameworks/MediaToolbox.framework/Versions/A/MediaToolbox
0x00007fff50382000 	/System/Library/PrivateFrameworks/CoreAVCHD.framework/Versions/A/CoreAVCHD
0x00007fff3d7ee000 	/System/Library/Frameworks/MediaAccessibility.framework/Versions/A/MediaAccessibility
0x00007fff5eb06000 	/System/Library/PrivateFrameworks/Mangrove.framework/Versions/A/Mangrove
0x00007fff39cbd000 	/System/Library/Frameworks/CoreMedia.framework/Versions/A/CoreMedia
0x00007fff5ed72000 	/System/Library/PrivateFrameworks/MediaExperience.framework/Versions/A/MediaExperience
0x00007fff46784000 	/System/Library/Frameworks/VideoToolbox.framework/Versions/A/VideoToolbox
0x00007fff4ffac000 	/System/Library/PrivateFrameworks/CoreAUC.framework/Versions/A/CoreAUC
0x00007fff71adb000 	/usr/lib/libspindump.dylib
0x00007fff4d014000 	/System/Library/PrivateFrameworks/AudioResourceArbitration.framework/Versions/A/AudioResourceArbitration
0x00007fff4ca2a000 	/System/Library/PrivateFrameworks/AppleVA.framework/Versions/A/AppleVA
0x00007fff3472a000 	/System/Library/Frameworks/Accelerate.framework/Versions/A/Frameworks/vImage.framework/Versions/A/Libraries/libCGInterfaces.dylib
0x000000011a789000 	/usr/lib/libobjc-trampolines.dylib
0x00007fff552f5000 	/System/Library/PrivateFrameworks/FontServices.framework/libTrueTypeScaler.dylib
0x00007fff328ab000 	/System/Library/Extensions/AppleIntelSKLGraphicsMTLDriver.bundle/Contents/MacOS/AppleIntelSKLGraphicsMTLDriver
0x00007fff5887f000 	/System/Library/PrivateFrameworks/GPUCompiler.framework/Versions/3902/Libraries/libmetal_timestamp.dylib
0x00007fff54b2d000 	/System/Library/PrivateFrameworks/FamilyControls.framework/Versions/A/FamilyControls
0x00007fff4f861000 	/System/Library/PrivateFrameworks/CommerceKit.framework/Versions/A/Frameworks/CommerceCore.framework/Versions/A/CommerceCore
0x00007fff69117000 	/System/Library/PrivateFrameworks/SystemAdministration.framework/Versions/A/SystemAdministration
0x00007fff530bb000 	/System/Library/PrivateFrameworks/DiskManagement.framework/Versions/A/DiskManagement
0x00007fff3ad3e000 	/System/Library/Frameworks/DirectoryService.framework/Versions/A/DirectoryService
0x00007fff52ff2000 	/System/Library/PrivateFrameworks/DiskImages.framework/Versions/A/DiskImages
0x00007fff5e312000 	/System/Library/PrivateFrameworks/LoginUIKit.framework/Versions/A/Frameworks/LoginUICore.framework/Versions/A/LoginUICore
0x00007fff6f5a1000 	/usr/lib/libCoreStorage.dylib
0x00007fff70717000 	/usr/lib/libcsfde.dylib
0x00007fff71996000 	/usr/lib/libodfde.dylib
0x00007fff5edfd000 	/System/Library/PrivateFrameworks/MediaKit.framework/Versions/A/MediaKit
0x00007fff3ad4a000 	/System/Library/Frameworks/DiscRecording.framework/Versions/A/DiscRecording
0x00007fff53271000 	/System/Library/PrivateFrameworks/EFILogin.framework/Versions/A/EFILogin
0x00007fff646ee000 	/System/Library/PrivateFrameworks/ProtectedCloudStorage.framework/Versions/A/ProtectedCloudStorage
0x00007fff7078b000 	/usr/lib/libcurl.4.dylib
0x00007fff70610000 	/usr/lib/libcrypto.44.dylib
0x00007fff71dbb000 	/usr/lib/libssl.46.dylib
0x00007fff3d45d000 	/System/Library/Frameworks/LDAP.framework/Versions/A/LDAP
0x00007fff69ae4000 	/System/Library/PrivateFrameworks/TrustEvaluationAgent.framework/Versions/A/TrustEvaluationAgent
0x00007fff71ac8000 	/usr/lib/libsasl2.2.dylib
0x00007fff506fc000 	/System/Library/PrivateFrameworks/CoreDaemon.framework/Versions/B/CoreDaemon
0x00007fff4c940000 	/System/Library/PrivateFrameworks/AppleSRP.framework/Versions/A/AppleSRP
0x00007fff6b7b4000 	/System/Library/PrivateFrameworks/ViewBridge.framework/Versions/A/ViewBridge
0x00007fff6ca42000 	/System/Library/PrivateFrameworks/login.framework/Versions/A/login
0x00007fff43626000 	/System/Library/Frameworks/OpenGL.framework/Versions/A/Resources/GLEngine.bundle/GLEngine
0x00007fff42a09000 	/System/Library/Frameworks/OpenGL.framework/Versions/A/Libraries/libGLProgrammability.dylib
0x00007fff318a2000 	/System/Library/Extensions/AppleIntelSKLGraphicsGLDriver.bundle/Contents/MacOS/AppleIntelSKLGraphicsGLDriver
0x00007fff59f31000 	/System/Library/PrivateFrameworks/GPUSupport.framework/Versions/A/Libraries/libGPUSupportMercury.dylib
0x00007fff437a0000 	/System/Library/Frameworks/OpenGL.framework/Versions/A/Resources/GLRendererFloat.bundle/GLRendererFloat
0x00007fff41fc2000 	/System/Library/Frameworks/OpenCL.framework/Versions/A/Libraries/libcldcpuengine.dylib
0x000000011c0ad000 	/Library/Java/JavaVirtualMachines/jdk1.8.0_251.jdk/Contents/Home/jre/lib/libfontmanager.dylib
0x00007fff5b3e3000 	/System/Library/PrivateFrameworks/HDRProcessing.framework/Versions/A/HDRProcessing
0x000000011d125000 	/Library/Java/JavaVirtualMachines/jdk1.8.0_251.jdk/Contents/Home/jre/lib/libosxui.dylib
0x000000011d502000 	/Library/Java/JavaVirtualMachines/jdk1.8.0_251.jdk/Contents/Home/jre/lib/libnet.dylib
0x000000011d45b000 	/Library/Java/JavaVirtualMachines/jdk1.8.0_251.jdk/Contents/Home/jre/lib/libnio.dylib
0x000000011d404000 	/private/var/folders/y9/3jr7bys57jzblxxtts1yf0b00000gn/T/jogamp_0000/file_cache/jln1057517855876450391/jln3880111139712855549/libgluegen-rt.jnilib
0x000000011d409000 	/private/var/folders/y9/3jr7bys57jzblxxtts1yf0b00000gn/T/jogamp_0000/file_cache/jln1057517855876450391/jln3880111139712855549/libnativewindow_awt.jnilib
0x000000011d4aa000 	/Library/Java/JavaVirtualMachines/jdk1.8.0_251.jdk/Contents/Home/jre/lib/libjawt.dylib
0x000000018b338000 	/private/var/folders/y9/3jr7bys57jzblxxtts1yf0b00000gn/T/jogamp_0000/file_cache/jln1057517855876450391/jln3880111139712855549/libnativewindow_macosx.jnilib
0x000000018b342000 	/private/var/folders/y9/3jr7bys57jzblxxtts1yf0b00000gn/T/jogamp_0000/file_cache/jln1057517855876450391/jln3880111139712855549/libjogl_desktop.jnilib
0x000000018b8b5000 	/Library/Java/JavaVirtualMachines/jdk1.8.0_251.jdk/Contents/Home/jre/lib/libsunec.dylib
0x00007fff71ebd000 	/usr/lib/libusrtcp.dylib

VM Arguments:
jvm_args: -Djava.security.policy=java.policy.applet -Dfile.encoding=UTF-8 
java_command: sun.applet.AppletViewer module3.EarthquakeCityMap1594927799591.html
java_class_path (initial): /Users/jasonli/eclipse-workspace/UCSDUnfoldingMaps/build:/Users/jasonli/eclipse-workspace/UCSDUnfoldingMaps/lib/core.jar:/Users/jasonli/eclipse-workspace/UCSDUnfoldingMaps/lib/gluegen-rt.jar:/Users/jasonli/eclipse-workspace/UCSDUnfoldingMaps/lib/jogl-all.jar:/Users/jasonli/eclipse-workspace/UCSDUnfoldingMaps/lib/log4j-1.2.15.jar:/Users/jasonli/eclipse-workspace/UCSDUnfoldingMaps/lib/sqlite-jdbc-3.7.2.jar:/Users/jasonli/eclipse-workspace/UCSDUnfoldingMaps/lib/json4processing.jar:/Users/jasonli/eclipse-workspace/UCSDUnfoldingMaps/lib/libTUIO.jar:/Users/jasonli/eclipse-workspace/UCSDUnfoldingMaps/lib/unfolding.0.9.7-uscd.jar
Launcher Type: SUN_STANDARD

Environment Variables:
PATH=/usr/bin:/bin:/usr/sbin:/sbin
SHELL=/bin/zsh

Signal Handlers:
SIGSEGV: [libjvm.dylib+0x5bc2ff], sa_mask[0]=11111111011111110111111111111111, sa_flags=SA_ONSTACK|SA_RESTART|SA_SIGINFO
SIGBUS: [libjvm.dylib+0x5bc2ff], sa_mask[0]=11111111011111110111111111111111, sa_flags=SA_RESTART|SA_SIGINFO
SIGFPE: [libjvm.dylib+0x48d41c], sa_mask[0]=11111111011111110111111111111111, sa_flags=SA_RESTART|SA_SIGINFO
SIGPIPE: [libjvm.dylib+0x48d41c], sa_mask[0]=11111111011111110111111111111111, sa_flags=SA_RESTART|SA_SIGINFO
SIGXFSZ: [libjvm.dylib+0x48d41c], sa_mask[0]=11111111011111110111111111111111, sa_flags=SA_RESTART|SA_SIGINFO
SIGILL: [libjvm.dylib+0x48d41c], sa_mask[0]=11111111011111110111111111111111, sa_flags=SA_RESTART|SA_SIGINFO
SIGUSR1: SIG_DFL, sa_mask[0]=00000000000000000000000000000000, sa_flags=none
SIGUSR2: [libjvm.dylib+0x48cf3a], sa_mask[0]=00100000000000000000000000000000, sa_flags=SA_RESTART|SA_SIGINFO
SIGHUP: [libjvm.dylib+0x48b4c5], sa_mask[0]=11111111011111110111111111111111, sa_flags=SA_RESTART|SA_SIGINFO
SIGINT: [libjvm.dylib+0x48b4c5], sa_mask[0]=11111111011111110111111111111111, sa_flags=SA_RESTART|SA_SIGINFO
SIGTERM: [libjvm.dylib+0x48b4c5], sa_mask[0]=11111111011111110111111111111111, sa_flags=SA_RESTART|SA_SIGINFO
SIGQUIT: [libjvm.dylib+0x48b4c5], sa_mask[0]=11111111011111110111111111111111, sa_flags=SA_RESTART|SA_SIGINFO


---------------  S Y S T E M  ---------------

OS:Bsduname:Darwin 19.5.0 Darwin Kernel Version 19.5.0: Tue May 26 20:41:44 PDT 2020; root:xnu-6153.121.2~2/RELEASE_X86_64 x86_64
rlimit: STACK 8192k, CORE 0k, NPROC 1392, NOFILE 10240, AS infinity
load average:2.92 3.08 2.82

CPU:total 4 (initial active 4) (2 cores per cpu, 2 threads per core) family 6 model 78 stepping 3, cmov, cx8, fxsr, mmx, sse, sse2, sse3, ssse3, sse4.1, sse4.2, popcnt, avx, avx2, aes, clmul, erms, 3dnowpref, lzcnt, ht, tsc, tscinvbit, bmi1, bmi2, adx

Memory: 4k page, physical 8388608k(88508k free)

/proc/meminfo:


vm_info: Java HotSpot(TM) 64-Bit Server VM (25.251-b08) for bsd-amd64 JRE (1.8.0_251-b08), built on Mar 12 2020 02:36:37 by "java_re" with gcc 4.2.1 (Based on Apple Inc. build 5658) (LLVM build 2336.11.00)

time: Thu Jul 16 15:31:37 2020
timezone: EDT
elapsed time: 97 seconds (0d 0h 1m 37s)

